#  step      rmse_val    rmse_trn    rmse_e_val  rmse_e_trn    rmse_f_val  rmse_f_trn         lr
# If there is no available reference data, rmse_*_{val,trn} will print nan
      0      6.99e+01    5.84e+01      5.08e-01    4.90e-01      2.21e+00    1.85e+00    1.0e-03
    100      2.86e+01    2.06e+01      1.38e+00    1.35e+00      9.03e-01    6.48e-01    1.0e-03
    200      2.58e+01    2.18e+01      1.20e+00    1.19e+00      8.16e-01    6.87e-01    1.0e-03
    300      8.16e+00    1.12e+01      2.91e-01    2.91e-01      2.58e-01    3.54e-01    1.0e-03
    400      4.04e+00    6.81e+00      2.43e-01    2.53e-01      1.27e-01    2.15e-01    1.0e-03
    500      4.96e+00    5.53e+00      1.01e-01    9.67e-02      1.57e-01    1.75e-01    1.0e-03
    600      4.76e+00    3.87e+00      4.16e-01    4.16e-01      1.50e-01    1.21e-01    1.0e-03
    700      9.70e+00    6.32e+00      2.45e-01    2.54e-01      3.07e-01    2.00e-01    1.0e-03
    800      3.05e+00    8.59e+00      1.33e-01    1.25e-01      9.63e-02    2.71e-01    1.0e-03
    900      4.61e+00    3.87e+00      8.61e-02    8.36e-02      1.46e-01    1.22e-01    1.0e-03
   1000      4.03e+00    8.62e+00      8.96e-02    8.87e-02      1.28e-01    2.72e-01    1.0e-03
   1100      5.80e+00    9.29e+00      2.09e-01    2.11e-01      1.83e-01    2.94e-01    1.0e-03
   1200      3.33e+00    2.89e+00      5.60e-01    5.58e-01      1.03e-01    8.91e-02    1.0e-03
   1300      6.32e+00    8.74e+00      2.83e-01    2.85e-01      1.99e-01    2.76e-01    1.0e-03
   1400      7.69e+00    6.91e+00      5.49e-02    5.43e-02      2.43e-01    2.18e-01    1.0e-03
   1500      1.21e+01    5.69e+00      1.75e-01    1.78e-01      3.81e-01    1.80e-01    1.0e-03
   1600      3.60e+00    6.57e+00      9.00e-02    8.46e-02      1.14e-01    2.08e-01    1.0e-03
   1700      7.72e+00    6.94e+00      4.95e-01    4.94e-01      2.43e-01    2.19e-01    1.0e-03
   1800      6.17e+00    4.81e+00      1.91e-01    2.02e-01      1.95e-01    1.52e-01    1.0e-03
   1900      4.92e+00    2.80e+00      1.04e-01    1.07e-01      1.56e-01    8.84e-02    1.0e-03
   2000      2.45e+00    7.02e+00      2.29e-01    2.43e-01      7.70e-02    2.22e-01    1.0e-03
   2100      2.04e+00    3.36e+00      1.49e-01    1.46e-01      6.44e-02    1.06e-01    1.0e-03
   2200      3.95e+00    6.51e+00      8.75e-02    7.81e-02      1.25e-01    2.06e-01    1.0e-03
   2300      4.38e+00    3.11e+00      4.25e-01    4.29e-01      1.38e-01    9.72e-02    1.0e-03
   2400      2.05e+00    6.31e+00      2.07e-01    2.09e-01      6.43e-02    2.00e-01    1.0e-03
   2500      6.86e+00    3.05e+00      2.56e-01    2.82e-01      2.17e-01    9.58e-02    1.0e-03
   2600      4.93e+00    4.68e+00      8.73e-02    8.65e-02      1.56e-01    1.48e-01    1.0e-03
   2700      8.20e+00    7.64e+00      1.49e-01    1.45e-01      2.59e-01    2.42e-01    1.0e-03
   2800      5.39e+00    5.85e+00      2.83e-01    2.77e-01      1.70e-01    1.85e-01    1.0e-03
   2900      2.61e+00    3.60e+00      4.25e-02    4.53e-02      8.25e-02    1.14e-01    1.0e-03
   3000      2.58e+00    2.27e+00      1.65e-01    1.64e-01      8.12e-02    7.16e-02    1.0e-03
   3100      2.41e+00    7.42e+00      3.45e-02    2.95e-02      7.62e-02    2.35e-01    1.0e-03
   3200      8.60e+00    5.34e+00      2.85e-01    2.92e-01      2.72e-01    1.69e-01    1.0e-03
   3300      6.79e+00    3.18e+00      9.44e-02    9.62e-02      2.15e-01    1.00e-01    1.0e-03
   3400      3.97e+00    5.10e+00      1.65e-02    1.62e-02      1.26e-01    1.61e-01    1.0e-03
   3500      4.52e+00    2.08e+00      1.46e-01    1.45e-01      1.43e-01    6.57e-02    1.0e-03
   3600      1.38e+00    4.05e+00      1.92e-01    1.79e-01      4.30e-02    1.28e-01    1.0e-03
   3700      4.85e+00    4.81e+00      3.40e-02    3.27e-02      1.53e-01    1.52e-01    1.0e-03
   3800      4.41e+00    4.14e+00      1.30e-01    1.31e-01      1.39e-01    1.31e-01    1.0e-03
   3900      2.89e+00    2.58e+00      7.64e-02    7.23e-02      9.14e-02    8.17e-02    1.0e-03
   4000      1.42e+00    3.76e+00      1.58e-01    1.61e-01      4.44e-02    1.19e-01    1.0e-03
   4100      5.19e+00    3.03e+00      8.19e-03    1.86e-02      1.64e-01    9.58e-02    1.0e-03
   4200      6.58e+00    1.29e+00      8.70e-02    9.32e-02      2.08e-01    4.08e-02    1.0e-03
   4300      2.18e+00    4.69e+00      3.97e-02    3.45e-02      6.90e-02    1.48e-01    1.0e-03
   4400      3.71e+00    7.43e+00      2.00e-01    1.93e-01      1.17e-01    2.35e-01    1.0e-03
   4500      4.46e+00    1.87e+00      8.83e-02    8.54e-02      1.41e-01    5.89e-02    1.0e-03
   4600      7.17e+00    3.78e+00      1.36e-01    1.32e-01      2.27e-01    1.19e-01    1.0e-03
   4700      6.18e+00    8.99e+00      2.19e-01    2.15e-01      1.95e-01    2.84e-01    1.0e-03
   4800      4.22e+00    1.84e+00      1.19e-01    1.25e-01      1.34e-01    5.81e-02    1.0e-03
   4900      1.87e+00    3.60e+00      1.55e-02    7.90e-03      5.91e-02    1.14e-01    1.0e-03
   5000      2.21e+00    4.26e+00      1.45e-01    1.47e-01      8.50e-02    1.71e-01    6.0e-04
   5100      1.95e+00    3.53e+00      1.00e-02    1.19e-02      7.97e-02    1.44e-01    6.0e-04
   5200      3.47e+00    2.59e+00      5.93e-03    7.37e-03      1.42e-01    1.06e-01    6.0e-04
   5300      3.49e+00    3.65e+00      1.38e-02    2.07e-02      1.43e-01    1.49e-01    6.0e-04
   5400      2.16e+00    3.11e+00      8.24e-02    7.91e-02      8.63e-02    1.26e-01    6.0e-04
   5500      2.55e+00    3.34e+00      4.27e-03    6.07e-03      1.04e-01    1.37e-01    6.0e-04
   5600      4.46e+00    3.33e+00      2.00e-02    2.36e-02      1.82e-01    1.36e-01    6.0e-04
   5700      1.86e+00    2.40e+00      4.63e-02    4.78e-02      7.52e-02    9.75e-02    6.0e-04
   5800      3.16e+00    1.25e+00      3.51e-02    3.58e-02      1.29e-01    5.05e-02    6.0e-04
   5900      9.72e-01    2.06e+00      2.41e-02    2.66e-02      3.94e-02    8.40e-02    6.0e-04
   6000      2.74e+00    2.28e+00      4.29e-02    4.26e-02      1.12e-01    9.28e-02    6.0e-04
   6100      4.07e-01    3.07e+00      7.88e-03    6.38e-03      1.65e-02    1.26e-01    6.0e-04
   6200      1.53e+00    1.41e+00      1.95e-02    2.10e-02      6.23e-02    5.74e-02    6.0e-04
   6300      1.82e+00    1.01e-01      1.00e-02    1.34e-02      7.43e-02    3.02e-03    6.0e-04
   6400      2.71e+00    1.63e+00      3.49e-02    3.15e-02      1.10e-01    6.63e-02    6.0e-04
   6500      7.67e-01    2.06e+00      5.24e-02    4.97e-02      2.93e-02    8.34e-02    6.0e-04
   6600      1.14e+00    2.34e+00      2.08e-02    1.69e-02      4.63e-02    9.56e-02    6.0e-04
   6700      1.75e+00    1.38e+00      7.09e-02    6.98e-02      6.99e-02    5.46e-02    6.0e-04
   6800      9.49e-01    2.48e+00      6.37e-03    2.58e-03      3.88e-02    1.01e-01    6.0e-04
   6900      3.45e+00    1.29e+00      1.78e-02    1.80e-02      1.41e-01    5.24e-02    6.0e-04
   7000      2.34e+00    2.35e+00      5.40e-03    4.60e-03      9.58e-02    9.59e-02    6.0e-04
   7100      2.18e+00    1.95e+00      1.58e-03    4.34e-03      8.92e-02    7.97e-02    6.0e-04
   7200      2.74e+00    2.60e+00      1.25e-01    1.23e-01      1.09e-01    1.03e-01    6.0e-04
   7300      7.82e-01    2.68e+00      2.38e-03    3.41e-03      3.20e-02    1.10e-01    6.0e-04
   7400      3.54e+00    3.79e+00      7.17e-02    6.58e-02      1.44e-01    1.54e-01    6.0e-04
   7500      1.96e+00    3.22e+00      2.82e-03    9.56e-04      8.01e-02    1.32e-01    6.0e-04
   7600      2.52e+00    1.25e+00      5.90e-02    5.37e-02      1.02e-01    4.97e-02    6.0e-04
   7700      2.09e+00    1.84e+00      3.57e-02    3.52e-02      8.50e-02    7.49e-02    6.0e-04
   7800      1.69e+00    3.65e+00      1.29e-01    1.23e-01      6.36e-02    1.47e-01    6.0e-04
   7900      2.80e+00    3.30e+00      9.58e-03    1.02e-02      1.14e-01    1.35e-01    6.0e-04
   8000      3.05e+00    2.97e+00      2.87e-02    3.09e-02      1.25e-01    1.21e-01    6.0e-04
   8100      8.96e-01    2.62e+00      3.54e-02    3.33e-02      3.58e-02    1.07e-01    6.0e-04
   8200      4.11e+00    2.62e+00      2.25e-02    2.39e-02      1.68e-01    1.07e-01    6.0e-04
   8300      1.82e+00    1.40e+00      2.54e-02    2.62e-02      7.41e-02    5.69e-02    6.0e-04
   8400      1.64e+00    1.13e+00      1.02e-01    1.01e-01      6.34e-02    4.11e-02    6.0e-04
   8500      2.45e+00    1.60e+00      2.30e-02    2.30e-02      1.00e-01    6.50e-02    6.0e-04
   8600      7.89e-01    1.98e+00      6.12e-02    6.49e-02      2.96e-02    7.99e-02    6.0e-04
   8700      2.20e+00    4.42e-01      8.23e-03    9.61e-03      8.99e-02    1.79e-02    6.0e-04
   8800      7.38e-01    1.87e+00      2.87e-02    3.20e-02      2.95e-02    7.59e-02    6.0e-04
   8900      1.20e+00    1.97e+00      2.45e-02    2.78e-02      4.89e-02    8.05e-02    6.0e-04
   9000      4.30e-01    9.24e-01      5.06e-02    5.00e-02      1.40e-02    3.63e-02    6.0e-04
   9100      6.83e+00    3.98e+00      5.45e-02    4.13e-02      2.79e-01    1.62e-01    6.0e-04
   9200      3.31e+00    2.13e+00      7.97e-02    8.20e-02      1.34e-01    8.52e-02    6.0e-04
   9300      1.49e+00    1.71e+00      1.24e-01    1.24e-01      5.49e-02    6.48e-02    6.0e-04
   9400      2.03e+00    2.08e+00      4.62e-02    4.73e-02      8.25e-02    8.44e-02    6.0e-04
   9500      4.73e+00    7.99e-01      7.26e-02    6.47e-02      1.93e-01    2.97e-02    6.0e-04
   9600      1.17e+00    2.24e+00      1.04e-01    1.01e-01      4.23e-02    8.92e-02    6.0e-04
   9700      2.49e+00    2.93e+00      5.35e-02    5.22e-02      1.01e-01    1.19e-01    6.0e-04
   9800      2.36e+00    1.44e+00      1.58e-02    1.79e-02      9.65e-02    5.86e-02    6.0e-04
   9900      4.00e+00    6.14e+00      1.29e-01    1.41e-01      1.61e-01    2.49e-01    6.0e-04
  10000      3.65e+00    3.62e+00      2.97e-02    3.01e-02      1.92e-01    1.91e-01    3.6e-04
  10100      9.10e-01    1.05e+00      3.03e-02    2.91e-02      4.69e-02    5.47e-02    3.6e-04
  10200      1.31e+00    2.66e+00      4.02e-03    5.12e-03      6.91e-02    1.40e-01    3.6e-04
  10300      1.22e+00    1.06e+00      1.67e-02    1.70e-02      6.43e-02    5.56e-02    3.6e-04
  10400      8.02e-01    2.01e+00      6.82e-03    6.76e-03      4.23e-02    1.06e-01    3.6e-04
  10500      2.47e+00    1.44e+00      1.43e-02    1.32e-02      1.30e-01    7.59e-02    3.6e-04
  10600      1.92e+00    1.15e+00      1.39e-02    1.61e-02      1.01e-01    6.07e-02    3.6e-04
  10700      1.59e+00    1.73e+00      2.34e-03    1.73e-03      8.37e-02    9.14e-02    3.6e-04
  10800      2.32e+00    6.64e-01      7.80e-03    4.34e-03      1.22e-01    3.50e-02    3.6e-04
  10900      8.85e-01    1.45e+00      1.78e-03    1.82e-03      4.67e-02    7.62e-02    3.6e-04
  11000      1.19e+00    7.36e-01      8.76e-03    1.12e-02      6.27e-02    3.87e-02    3.6e-04
  11100      1.21e+00    1.71e+00      1.12e-02    9.76e-03      6.40e-02    9.01e-02    3.6e-04
  11200      1.08e+00    1.95e+00      1.18e-02    1.15e-02      5.70e-02    1.03e-01    3.6e-04
  11300      2.09e+00    2.08e+00      9.96e-03    1.05e-02      1.10e-01    1.10e-01    3.6e-04
  11400      1.27e+00    8.03e-01      1.46e-02    1.51e-02      6.67e-02    4.21e-02    3.6e-04
  11500      1.28e+00    1.40e+00      4.05e-03    4.22e-03      6.77e-02    7.40e-02    3.6e-04
  11600      2.27e+00    6.39e-01      6.74e-04    3.58e-03      1.20e-01    3.37e-02    3.6e-04
  11700      7.93e-01    1.50e+00      1.45e-02    1.40e-02      4.16e-02    7.92e-02    3.6e-04
  11800      5.99e-01    1.40e+00      1.09e-02    9.79e-03      3.14e-02    7.36e-02    3.6e-04
  11900      2.47e+00    1.52e+00      6.30e-03    6.71e-03      1.30e-01    8.00e-02    3.6e-04
  12000      9.46e-01    9.31e-01      1.14e-02    1.14e-02      4.98e-02    4.90e-02    3.6e-04
  12100      7.08e-01    1.58e+00      4.04e-02    3.97e-02      3.48e-02    8.23e-02    3.6e-04
  12200      1.73e+00    2.36e+00      5.77e-03    1.15e-02      9.15e-02    1.24e-01    3.6e-04
  12300      9.52e-01    1.20e+00      6.77e-03    7.00e-03      5.02e-02    6.32e-02    3.6e-04
  12400      1.48e+00    1.46e+00      1.33e-02    1.14e-02      7.78e-02    7.67e-02    3.6e-04
  12500      2.42e+00    2.21e+00      2.71e-02    2.83e-02      1.27e-01    1.16e-01    3.6e-04
  12600      1.43e+00    1.92e+00      1.22e-02    9.88e-03      7.54e-02    1.01e-01    3.6e-04
  12700      2.93e+00    5.56e-01      3.31e-02    2.45e-02      1.54e-01    2.82e-02    3.6e-04
  12800      1.47e+00    1.19e+00      8.99e-03    8.82e-03      7.73e-02    6.28e-02    3.6e-04
  12900      1.33e+00    7.63e-01      1.69e-02    1.61e-02      6.98e-02    3.99e-02    3.6e-04
  13000      2.64e+00    2.63e+00      4.35e-02    4.08e-02      1.39e-01    1.38e-01    3.6e-04
  13100      1.66e+00    1.28e+00      9.74e-03    9.28e-03      8.73e-02    6.76e-02    3.6e-04
  13200      1.46e+00    1.04e+00      3.13e-02    3.23e-02      7.64e-02    5.38e-02    3.6e-04
  13300      9.66e-01    2.31e+00      3.86e-02    3.59e-02      4.93e-02    1.21e-01    3.6e-04
  13400      1.37e+00    8.50e-01      8.62e-03    9.84e-03      7.21e-02    4.47e-02    3.6e-04
  13500      2.30e+00    6.50e-01      1.14e-02    1.66e-02      1.21e-01    3.38e-02    3.6e-04
  13600      7.83e-01    8.66e-01      1.58e-03    8.23e-04      4.13e-02    4.57e-02    3.6e-04
  13700      7.15e-01    1.51e+00      9.83e-03    1.20e-02      3.76e-02    7.96e-02    3.6e-04
  13800      4.53e-01    1.39e+00      1.91e-02    2.06e-02      2.30e-02    7.31e-02    3.6e-04
  13900      9.23e-01    1.98e+00      2.76e-02    2.81e-02      4.78e-02    1.04e-01    3.6e-04
  14000      3.31e+00    2.26e+00      2.78e-02    3.07e-02      1.75e-01    1.19e-01    3.6e-04
  14100      9.02e-01    1.44e+00      2.49e-02    2.37e-02      4.68e-02    7.54e-02    3.6e-04
  14200      2.32e+00    1.61e+00      6.86e-02    6.73e-02      1.20e-01    8.19e-02    3.6e-04
  14300      6.38e-01    7.44e-01      5.40e-03    5.87e-03      3.36e-02    3.92e-02    3.6e-04
  14400      2.93e+00    1.73e+00      3.03e-03    6.75e-03      1.54e-01    9.13e-02    3.6e-04
  14500      2.38e+00    1.55e+00      5.61e-03    7.85e-03      1.25e-01    8.18e-02    3.6e-04
  14600      3.20e-01    7.51e-01      8.59e-03    8.49e-03      1.66e-02    3.95e-02    3.6e-04
  14700      3.22e+00    2.69e+00      4.99e-02    5.19e-02      1.69e-01    1.41e-01    3.6e-04
  14800      1.40e+00    1.82e+00      3.02e-03    3.69e-03      7.40e-02    9.58e-02    3.6e-04
  14900      2.40e+00    8.83e-01      1.54e-02    1.07e-02      1.27e-01    4.64e-02    3.6e-04
  15000      5.55e-01    9.02e-01      9.38e-03    7.72e-03      3.75e-02    6.13e-02    2.1e-04
  15100      4.23e-01    1.27e+00      4.42e-03    4.59e-03      2.87e-02    8.64e-02    2.1e-04
  15200      8.82e-01    1.41e+00      5.34e-03    5.29e-03      6.00e-02    9.60e-02    2.1e-04
  15300      1.49e+00    8.24e-01      6.39e-03    5.58e-03      1.01e-01    5.61e-02    2.1e-04
  15400      9.03e-01    6.56e-01      1.01e-02    1.04e-02      6.13e-02    4.44e-02    2.1e-04
  15500      2.14e+00    6.04e-01      1.79e-03    2.92e-03      1.46e-01    4.11e-02    2.1e-04
  15600      4.58e-01    6.03e-01      7.39e-03    6.65e-03      3.10e-02    4.10e-02    2.1e-04
  15700      3.05e-01    2.61e-01      1.84e-02    1.87e-02      1.87e-02    1.53e-02    2.1e-04
  15800      1.23e+00    7.70e-01      2.53e-03    1.23e-03      8.38e-02    5.25e-02    2.1e-04
  15900      6.73e-01    1.36e+00      1.16e-02    8.91e-03      4.55e-02    9.28e-02    2.1e-04
  16000      6.32e-01    5.71e-01      8.42e-03    8.29e-03      4.28e-02    3.87e-02    2.1e-04
  16100      5.59e-01    1.05e+00      6.13e-03    5.35e-03      3.79e-02    7.17e-02    2.1e-04
  16200      8.03e-01    1.36e+00      1.22e-04    1.67e-03      5.47e-02    9.27e-02    2.1e-04
  16300      6.90e-01    1.78e+00      1.32e-02    1.45e-02      4.66e-02    1.21e-01    2.1e-04
  16400      2.15e+00    1.03e+00      4.22e-03    7.33e-03      1.47e-01    7.03e-02    2.1e-04
  16500      6.80e-01    1.80e+00      4.48e-03    6.85e-03      4.63e-02    1.23e-01    2.1e-04
  16600      7.90e-01    4.94e-01      9.06e-03    8.49e-03      5.37e-02    3.34e-02    2.1e-04
  16700      4.93e-01    1.27e+00      4.23e-03    4.74e-03      3.35e-02    8.62e-02    2.1e-04
  16800      7.16e-01    8.74e-01      1.06e-02    1.10e-02      4.85e-02    5.93e-02    2.1e-04
  16900      1.35e-01    3.85e-01      8.95e-03    8.58e-03      8.13e-03    2.59e-02    2.1e-04
  17000      2.91e-01    7.09e-01      2.68e-02    2.73e-02      1.50e-02    4.64e-02    2.1e-04
  17100      4.49e-01    9.21e-01      1.16e-02    1.34e-02      3.01e-02    6.24e-02    2.1e-04
  17200      9.30e-01    1.05e+00      1.09e-03    7.72e-04      6.34e-02    7.15e-02    2.1e-04
  17300      9.50e-01    7.65e-01      8.74e-03    9.89e-03      6.46e-02    5.19e-02    2.1e-04
  17400      5.46e-01    1.68e+00      3.92e-04    1.75e-03      3.72e-02    1.14e-01    2.1e-04
  17500      9.27e-01    1.33e+00      1.65e-03    4.13e-04      6.31e-02    9.08e-02    2.1e-04
  17600      6.85e-01    8.09e-01      4.26e-03    5.51e-03      4.66e-02    5.50e-02    2.1e-04
  17700      1.31e+00    5.79e-01      1.15e-03    5.20e-04      8.90e-02    3.94e-02    2.1e-04
  17800      1.48e+00    1.34e+00      4.11e-03    7.41e-03      1.01e-01    9.12e-02    2.1e-04
  17900      9.15e-01    1.44e+00      1.27e-02    1.51e-02      6.20e-02    9.76e-02    2.1e-04
  18000      1.16e+00    1.72e+00      2.62e-02    3.12e-02      7.81e-02    1.16e-01    2.1e-04
  18100      9.92e-01    6.51e-01      1.54e-02    1.34e-02      6.72e-02    4.39e-02    2.1e-04
  18200      1.66e+00    1.46e+00      3.89e-03    5.70e-03      1.13e-01    9.96e-02    2.1e-04
  18300      1.01e+00    1.35e+00      8.56e-03    3.78e-03      6.86e-02    9.17e-02    2.1e-04
  18400      1.38e+00    4.80e-01      4.04e-03    7.49e-03      9.37e-02    3.25e-02    2.1e-04
  18500      1.29e+00    2.05e+00      3.72e-02    3.57e-02      8.61e-02    1.39e-01    2.1e-04
  18600      1.87e+00    9.73e-01      7.80e-03    6.18e-03      1.27e-01    6.62e-02    2.1e-04
  18700      1.32e+00    4.71e-01      1.38e-02    1.66e-02      8.97e-02    3.11e-02    2.1e-04
  18800      8.35e-01    4.24e-01      3.87e-03    3.59e-03      5.69e-02    2.88e-02    2.1e-04
  18900      7.20e-01    5.41e-01      1.03e-02    9.16e-03      4.88e-02    3.66e-02    2.1e-04
  19000      1.33e+00    1.27e+00      8.45e-03    6.23e-03      9.04e-02    8.68e-02    2.1e-04
  19100      2.08e+00    4.84e-01      9.64e-03    8.60e-03      1.42e-01    3.27e-02    2.1e-04
  19200      9.34e-01    1.32e+00      5.39e-03    4.44e-03      6.36e-02    8.98e-02    2.1e-04
  19300      7.30e-01    7.02e-01      1.19e-02    1.26e-02      4.94e-02    4.75e-02    2.1e-04
  19400      8.65e-01    9.66e-01      8.50e-04    1.25e-03      5.89e-02    6.58e-02    2.1e-04
  19500      1.25e+00    1.03e+00      8.33e-04    1.01e-04      8.53e-02    7.02e-02    2.1e-04
  19600      5.60e-01    1.36e+00      1.61e-02    1.57e-02      3.73e-02    9.23e-02    2.1e-04
  19700      7.41e-01    1.72e+00      1.56e-03    8.71e-05      5.04e-02    1.17e-01    2.1e-04
  19800      2.20e+00    8.23e-01      6.66e-03    6.47e-03      1.50e-01    5.59e-02    2.1e-04
  19900      1.02e+00    1.20e+00      3.17e-03    2.82e-03      6.97e-02    8.20e-02    2.1e-04
  20000      4.33e-01    1.46e+00      5.58e-04    1.44e-03      3.80e-02    1.29e-01    1.3e-04
  20100      3.58e-01    5.11e-01      1.20e-03    2.00e-03      3.15e-02    4.49e-02    1.3e-04
  20200      9.10e-01    5.41e-01      1.66e-03    2.51e-03      7.99e-02    4.75e-02    1.3e-04
  20300      6.82e-01    8.95e-01      1.95e-03    1.83e-04      5.99e-02    7.86e-02    1.3e-04
  20400      5.52e-01    1.05e+00      8.39e-03    5.72e-03      4.82e-02    9.25e-02    1.3e-04
  20500      7.04e-01    5.23e-01      3.32e-03    2.89e-03      6.18e-02    4.59e-02    1.3e-04
  20600      5.66e-01    8.17e-01      9.91e-03    1.06e-02      4.94e-02    7.15e-02    1.3e-04
  20700      7.72e-01    3.13e-01      1.86e-03    2.36e-03      6.78e-02    2.75e-02    1.3e-04
  20800      7.59e-01    1.31e+00      6.62e-03    9.03e-03      6.66e-02    1.15e-01    1.3e-04
  20900      4.80e-01    4.84e-01      6.69e-04    5.72e-04      4.22e-02    4.25e-02    1.3e-04
  21000      5.82e-01    9.24e-01      1.21e-02    1.44e-02      5.05e-02    8.07e-02    1.3e-04
  21100      1.04e+00    8.84e-01      1.20e-03    1.32e-03      9.11e-02    7.77e-02    1.3e-04
  21200      7.03e-01    5.77e-01      2.90e-04    1.18e-03      6.18e-02    5.07e-02    1.3e-04
  21300      7.31e-01    1.08e+00      1.61e-02    1.21e-02      6.34e-02    9.50e-02    1.3e-04
  21400      7.82e-01    3.75e-01      1.04e-03    9.88e-04      6.88e-02    3.30e-02    1.3e-04
  21500      7.82e-01    3.57e-01      1.91e-03    8.21e-04      6.87e-02    3.14e-02    1.3e-04
  21600      5.25e-01    4.14e-01      9.37e-03    8.32e-03      4.57e-02    3.60e-02    1.3e-04
  21700      5.88e-01    7.26e-01      2.16e-03    2.36e-03      5.16e-02    6.38e-02    1.3e-04
  21800      1.04e+00    3.69e-01      3.16e-03    4.42e-03      9.18e-02    3.23e-02    1.3e-04
  21900      5.75e-01    3.16e-01      3.09e-03    8.61e-04      5.05e-02    2.78e-02    1.3e-04
  22000      1.03e+00    5.60e-01      1.52e-04    5.59e-04      9.03e-02    4.92e-02    1.3e-04
  22100      5.09e-01    1.13e+00      8.10e-04    3.70e-04      4.47e-02    9.93e-02    1.3e-04
  22200      2.93e-01    5.00e-01      6.05e-03    5.20e-03      2.54e-02    4.38e-02    1.3e-04
  22300      1.06e+00    5.73e-01      1.60e-03    5.31e-03      9.33e-02    5.02e-02    1.3e-04
  22400      4.50e-01    3.10e-01      4.82e-03    5.05e-03      3.94e-02    2.70e-02    1.3e-04
  22500      7.21e-01    1.20e+00      5.44e-03    6.39e-03      6.33e-02    1.05e-01    1.3e-04
  22600      3.20e-01    1.61e+00      2.04e-02    2.65e-02      2.48e-02    1.40e-01    1.3e-04
  22700      1.59e+00    3.01e-01      5.89e-04    1.89e-03      1.40e-01    2.64e-02    1.3e-04
  22800      6.84e-01    1.57e+00      5.37e-03    5.58e-03      6.00e-02    1.38e-01    1.3e-04
  22900      6.45e-01    5.12e-01      8.24e-03    6.96e-03      5.65e-02    4.48e-02    1.3e-04
  23000      1.23e+00    2.69e-01      9.09e-04    1.94e-03      1.08e-01    2.36e-02    1.3e-04
  23100      9.95e-01    1.26e+00      5.26e-03    1.44e-03      8.74e-02    1.11e-01    1.3e-04
  23200      9.11e-01    1.31e+00      1.05e-02    9.19e-03      7.98e-02    1.15e-01    1.3e-04
  23300      4.70e-01    4.82e-01      9.30e-03    9.21e-03      4.08e-02    4.20e-02    1.3e-04
  23400      9.18e-01    8.25e-01      7.23e-03    4.47e-03      8.05e-02    7.25e-02    1.3e-04
  23500      2.22e-01    1.47e+00      1.23e-02    7.62e-03      1.77e-02    1.29e-01    1.3e-04
  23600      6.90e-01    1.05e+00      4.20e-03    7.31e-03      6.06e-02    9.20e-02    1.3e-04
  23700      8.72e-01    3.98e-01      6.85e-03    7.61e-03      7.65e-02    3.46e-02    1.3e-04
  23800      8.13e-01    8.68e-01      7.39e-03    7.73e-03      7.13e-02    7.61e-02    1.3e-04
  23900      9.26e-01    5.12e-01      6.54e-03    5.77e-03      8.13e-02    4.49e-02    1.3e-04
  24000      1.10e+00    5.52e-01      8.26e-03    7.94e-03      9.64e-02    4.82e-02    1.3e-04
  24100      7.41e-01    1.19e+00      2.13e-04    1.12e-04      6.51e-02    1.05e-01    1.3e-04
  24200      6.90e-01    7.54e-01      1.36e-03    1.18e-03      6.07e-02    6.63e-02    1.3e-04
  24300      8.32e-01    6.08e-01      7.83e-04    1.53e-03      7.32e-02    5.34e-02    1.3e-04
  24400      8.58e-01    5.59e-01      2.78e-03    4.36e-03      7.54e-02    4.91e-02    1.3e-04
  24500      5.41e-01    1.14e+00      3.36e-03    4.14e-03      4.75e-02    1.00e-01    1.3e-04
  24600      6.54e-01    5.45e-01      6.57e-04    2.67e-04      5.75e-02    4.79e-02    1.3e-04
  24700      1.36e+00    8.82e-01      5.65e-04    2.15e-03      1.20e-01    7.76e-02    1.3e-04
  24800      1.45e+00    8.26e-01      3.91e-04    1.94e-03      1.28e-01    7.26e-02    1.3e-04
  24900      1.31e+00    9.89e-02      1.82e-02    1.14e-02      1.15e-01    4.37e-03    1.3e-04
  25000      5.62e-01    2.75e-01      2.44e-03    1.11e-03      6.37e-02    3.11e-02    7.7e-05
  25100      3.17e-01    1.20e+00      1.47e-03    2.90e-03      3.59e-02    1.36e-01    7.7e-05
  25200      6.11e-01    2.66e-01      1.33e-03    9.21e-05      6.92e-02    3.01e-02    7.7e-05
  25300      5.25e-01    4.96e-01      8.00e-04    1.20e-03      5.95e-02    5.62e-02    7.7e-05
  25400      1.50e-01    2.57e-01      9.79e-04    9.48e-04      1.69e-02    2.91e-02    7.7e-05
  25500      1.20e-01    3.48e-01      1.67e-03    4.34e-04      1.35e-02    3.94e-02    7.7e-05
  25600      2.26e-01    4.63e-01      6.36e-04    1.05e-03      2.56e-02    5.25e-02    7.7e-05
  25700      6.15e-01    7.88e-01      1.53e-04    5.49e-04      6.97e-02    8.93e-02    7.7e-05
  25800      7.21e-01    2.19e-01      1.19e-04    6.75e-04      8.16e-02    2.48e-02    7.7e-05
  25900      9.66e-01    6.76e-01      2.25e-03    1.62e-03      1.09e-01    7.65e-02    7.7e-05
  26000      7.04e-01    3.71e-01      1.32e-03    2.60e-03      7.97e-02    4.20e-02    7.7e-05
  26100      9.20e-01    1.25e+00      2.27e-03    2.59e-03      1.04e-01    1.42e-01    7.7e-05
  26200      3.89e-01    9.42e-01      5.38e-03    3.61e-03      4.38e-02    1.07e-01    7.7e-05
  26300      7.14e-01    5.95e-01      6.60e-04    1.24e-03      8.08e-02    6.74e-02    7.7e-05
  26400      3.59e-01    4.88e-01      1.86e-03    2.28e-03      4.07e-02    5.52e-02    7.7e-05
  26500      3.62e-01    1.46e-01      6.73e-03    6.60e-03      4.06e-02    1.55e-02    7.7e-05
  26600      2.17e-01    7.12e-01      1.24e-04    8.05e-05      2.46e-02    8.07e-02    7.7e-05
  26700      3.16e-01    2.59e+00      1.13e-02    1.38e-02      3.45e-02    2.93e-01    7.7e-05
  26800      4.35e-01    7.21e-01      5.66e-03    5.84e-03      4.90e-02    8.16e-02    7.7e-05
  26900      7.23e-01    4.12e-01      4.28e-03    4.80e-03      8.18e-02    4.65e-02    7.7e-05
  27000      7.37e-01    8.54e-01      6.15e-03    5.64e-03      8.33e-02    9.67e-02    7.7e-05
  27100      9.22e-01    3.61e-01      3.56e-03    1.78e-03      1.04e-01    4.09e-02    7.7e-05
  27200      7.76e-01    6.05e-01      1.33e-02    1.10e-02      8.72e-02    6.79e-02    7.7e-05
  27300      8.32e-01    2.21e-01      1.14e-03    1.31e-03      9.43e-02    2.51e-02    7.7e-05
  27400      3.88e-01    2.25e-01      6.23e-03    8.54e-03      4.37e-02    2.44e-02    7.7e-05
  27500      5.59e-01    2.99e-01      1.95e-03    1.68e-03      6.33e-02    3.39e-02    7.7e-05
  27600      3.34e-01    8.06e-01      4.55e-03    4.72e-03      3.76e-02    9.12e-02    7.7e-05
  27700      2.11e-01    7.67e-01      2.30e-03    1.76e-03      2.38e-02    8.69e-02    7.7e-05
  27800      6.09e-01    7.28e-01      2.71e-03    1.33e-03      6.90e-02    8.24e-02    7.7e-05
  27900      2.15e-01    6.58e-01      2.47e-03    3.95e-03      2.43e-02    7.44e-02    7.7e-05
  28000      6.65e-01    3.72e-01      7.39e-03    6.62e-03      7.51e-02    4.18e-02    7.7e-05
  28100      3.83e-01    3.32e-01      7.42e-04    1.01e-03      4.33e-02    3.76e-02    7.7e-05
  28200      3.63e-01    6.10e-01      5.42e-03    4.98e-03      4.08e-02    6.90e-02    7.7e-05
  28300      6.60e-01    3.33e-01      5.28e-03    4.49e-03      7.46e-02    3.76e-02    7.7e-05
  28400      5.63e-01    6.40e-01      1.22e-03    2.68e-03      6.38e-02    7.25e-02    7.7e-05
  28500      1.01e+00    5.91e-01      6.10e-03    2.88e-03      1.14e-01    6.69e-02    7.7e-05
  28600      3.85e-01    5.16e-01      5.02e-04    3.23e-04      4.37e-02    5.84e-02    7.7e-05
  28700      6.24e-01    8.15e-01      1.03e-02    1.09e-02      7.01e-02    9.19e-02    7.7e-05
  28800      2.75e-01    2.34e-01      2.90e-03    2.63e-03      3.10e-02    2.65e-02    7.7e-05
  28900      7.49e-01    4.59e-01      5.56e-04    1.42e-03      8.48e-02    5.19e-02    7.7e-05
  29000      8.23e-01    1.40e+00      1.00e-02    6.81e-03      9.28e-02    1.58e-01    7.7e-05
  29100      2.79e-01    7.37e-01      4.98e-03    4.93e-03      3.13e-02    8.34e-02    7.7e-05
  29200      3.27e-01    6.73e-01      5.75e-03    6.74e-03      3.67e-02    7.60e-02    7.7e-05
  29300      6.66e-01    3.44e-01      1.96e-06    1.98e-03      7.54e-02    3.90e-02    7.7e-05
  29400      9.22e-01    2.16e-01      5.44e-03    5.96e-03      1.04e-01    2.39e-02    7.7e-05
  29500      1.02e+00    3.44e-01      5.72e-03    2.36e-03      1.16e-01    3.89e-02    7.7e-05
  29600      2.24e-01    4.26e-01      4.67e-03    4.56e-03      2.51e-02    4.82e-02    7.7e-05
  29700      4.17e-01    4.18e-01      2.98e-03    3.95e-03      4.72e-02    4.72e-02    7.7e-05
  29800      8.25e-01    2.73e-01      3.17e-04    1.07e-04      9.34e-02    3.09e-02    7.7e-05
  29900      4.95e-01    1.06e+00      5.59e-03    1.54e-03      5.59e-02    1.20e-01    7.7e-05
  30000      2.03e-01    5.29e-01      5.80e-03    6.50e-03      2.88e-02    7.68e-02    4.6e-05
  30100      1.73e-01    3.73e-01      5.93e-04    2.05e-04      2.52e-02    5.43e-02    4.6e-05
  30200      4.48e-01    1.69e-01      5.17e-03    2.14e-03      6.50e-02    2.45e-02    4.6e-05
  30300      3.43e-01    1.28e-01      1.26e-04    1.80e-03      5.00e-02    1.85e-02    4.6e-05
  30400      1.75e-01    1.98e-01      2.30e-03    2.16e-03      2.53e-02    2.87e-02    4.6e-05
  30500      4.37e-01    3.71e-01      2.84e-03    4.33e-03      6.37e-02    5.39e-02    4.6e-05
  30600      4.18e-01    1.66e-01      8.65e-04    1.57e-03      6.10e-02    2.41e-02    4.6e-05
  30700      3.47e-01    2.20e-01      2.32e-03    2.75e-03      5.05e-02    3.20e-02    4.6e-05
  30800      2.67e-01    6.21e-01      3.72e-03    4.35e-03      3.87e-02    9.04e-02    4.6e-05
  30900      7.13e-01    7.77e-01      2.25e-03    2.04e-04      1.04e-01    1.13e-01    4.6e-05
  31000      2.57e-01    6.01e-01      7.72e-03    6.58e-03      3.64e-02    8.73e-02    4.6e-05
  31100      2.25e-01    2.36e-01      2.23e-03    2.40e-03      3.27e-02    3.42e-02    4.6e-05
  31200      2.27e-01    7.22e-01      6.18e-03    6.74e-03      3.24e-02    1.05e-01    4.6e-05
  31300      6.67e-01    4.42e-01      3.27e-04    2.90e-03      9.73e-02    6.44e-02    4.6e-05
  31400      5.51e-01    5.16e-01      2.81e-03    4.40e-03      8.03e-02    7.50e-02    4.6e-05
  31500      7.18e-01    1.93e-01      7.30e-04    3.49e-03      1.05e-01    2.78e-02    4.6e-05
  31600      5.94e-01    4.69e-01      5.67e-03    4.61e-03      8.64e-02    6.82e-02    4.6e-05
  31700      4.78e-01    2.63e-01      1.20e-03    7.15e-04      6.96e-02    3.83e-02    4.6e-05
  31800      6.46e-01    6.52e-01      1.98e-03    2.64e-03      9.41e-02    9.50e-02    4.6e-05
  31900      2.78e-01    4.02e-01      1.74e-03    1.15e-03      4.05e-02    5.85e-02    4.6e-05
  32000      3.65e-01    8.92e-01      4.12e-03    1.27e-03      5.29e-02    1.30e-01    4.6e-05
  32100      8.47e-01    3.10e-01      2.75e-03    2.70e-03      1.23e-01    4.50e-02    4.6e-05
  32200      5.06e-01    2.53e-01      1.02e-03    6.79e-04      7.38e-02    3.69e-02    4.6e-05
  32300      2.36e-01    2.14e-01      3.04e-03    3.05e-03      3.42e-02    3.11e-02    4.6e-05
  32400      2.82e-01    1.90e-01      5.75e-03    5.72e-03      4.06e-02    2.70e-02    4.6e-05
  32500      2.74e-01    5.41e-01      6.55e-03    7.05e-03      3.93e-02    7.85e-02    4.6e-05
  32600      8.06e-01    2.41e-01      7.42e-04    5.17e-04      1.18e-01    3.51e-02    4.6e-05
  32700      1.11e-01    3.82e-01      2.70e-04    9.71e-04      1.62e-02    5.57e-02    4.6e-05
  32800      1.87e-01    4.84e-01      6.67e-03    4.92e-03      2.61e-02    7.03e-02    4.6e-05
  32900      5.57e-01    2.04e-01      1.11e-03    5.35e-04      8.12e-02    2.97e-02    4.6e-05
  33000      3.54e-01    5.32e-01      3.19e-03    3.10e-03      5.15e-02    7.75e-02    4.6e-05
  33100      5.23e-01    4.15e-01      5.24e-03    5.10e-03      7.61e-02    6.03e-02    4.6e-05
  33200      4.11e-01    2.84e-01      9.53e-04    2.07e-04      5.99e-02    4.15e-02    4.6e-05
  33300      3.31e-01    6.81e-01      1.51e-03    5.56e-03      4.82e-02    9.91e-02    4.6e-05
  33400      2.16e-01    1.51e-01      5.70e-04    5.74e-04      3.14e-02    2.20e-02    4.6e-05
  33500      3.79e-01    2.36e-01      8.94e-04    6.25e-04      5.52e-02    3.45e-02    4.6e-05
  33600      2.86e-01    3.25e-01      1.36e-03    1.58e-03      4.17e-02    4.74e-02    4.6e-05
  33700      5.52e-01    5.42e-01      2.43e-04    2.58e-03      8.04e-02    7.90e-02    4.6e-05
  33800      5.85e-01    5.09e-01      4.21e-03    5.49e-03      8.51e-02    7.39e-02    4.6e-05
  33900      4.25e-01    4.73e-01      7.92e-04    1.42e-03      6.20e-02    6.89e-02    4.6e-05
  34000      4.05e-01    4.66e-01      2.88e-03    2.90e-03      5.90e-02    6.79e-02    4.6e-05
  34100      2.91e-01    2.61e-01      2.96e-03    2.34e-03      4.24e-02    3.80e-02    4.6e-05
  34200      1.58e-01    3.64e-01      3.46e-03    3.87e-03      2.27e-02    5.28e-02    4.6e-05
  34300      2.96e-01    1.63e-01      2.12e-04    6.91e-04      4.32e-02    2.37e-02    4.6e-05
  34400      3.06e-01    5.83e-01      4.31e-03    2.51e-03      4.43e-02    8.49e-02    4.6e-05
  34500      2.98e-01    5.50e-01      1.56e-03    1.18e-03      4.34e-02    8.01e-02    4.6e-05
  34600      8.70e-01    2.75e-01      3.45e-03    4.20e-04      1.27e-01    4.01e-02    4.6e-05
  34700      6.44e-01    2.49e-01      8.12e-04    1.17e-03      9.39e-02    3.62e-02    4.6e-05
  34800      3.89e-01    3.44e-01      3.46e-03    2.76e-03      5.65e-02    5.00e-02    4.6e-05
  34900      1.66e-01    5.67e-01      5.33e-03    4.40e-03      2.34e-02    8.25e-02    4.6e-05
  35000      1.36e-01    3.31e-01      4.93e-03    3.09e-03      2.43e-02    6.18e-02    2.8e-05
  35100      1.47e-01    2.01e-01      4.39e-03    3.93e-03      2.68e-02    3.72e-02    2.8e-05
  35200      3.55e-01    1.27e-01      3.01e-03    3.11e-03      6.62e-02    2.32e-02    2.8e-05
  35300      3.67e-01    2.04e-01      1.37e-05    1.37e-04      6.86e-02    3.82e-02    2.8e-05
  35400      1.20e-01    3.97e-01      3.58e-04    9.16e-04      2.25e-02    7.42e-02    2.8e-05
  35500      1.85e-01    4.15e-01      4.18e-03    2.11e-03      3.41e-02    7.75e-02    2.8e-05
  35600      1.55e-01    4.97e-01      2.24e-03    1.34e-03      2.87e-02    9.30e-02    2.8e-05
  35700      2.07e-01    5.09e-01      6.10e-03    3.54e-03      3.77e-02    9.51e-02    2.8e-05
  35800      3.03e-01    1.44e-01      1.11e-03    2.43e-05      5.66e-02    2.70e-02    2.8e-05
  35900      4.51e-01    6.14e-01      2.03e-03    1.91e-04      8.43e-02    1.15e-01    2.8e-05
  36000      1.10e-01    1.28e-01      1.87e-03    1.35e-03      2.05e-02    2.39e-02    2.8e-05
  36100      1.86e-01    7.43e-02      4.79e-03    4.29e-03      3.40e-02    1.24e-02    2.8e-05
  36200      1.86e-01    4.76e-01      1.32e-03    2.68e-03      3.48e-02    8.90e-02    2.8e-05
  36300      2.08e-01    4.58e-01      2.74e-03    1.33e-04      3.87e-02    8.57e-02    2.8e-05
  36400      1.25e-01    3.84e-01      5.05e-03    5.05e-03      2.22e-02    7.14e-02    2.8e-05
  36500      4.99e-01    3.71e-01      2.99e-03    4.81e-03      9.32e-02    6.91e-02    2.8e-05
  36600      2.27e-01    1.91e-01      2.03e-03    1.14e-03      4.23e-02    3.57e-02    2.8e-05
  36700      1.45e-01    7.47e-02      5.47e-04    7.18e-04      2.72e-02    1.39e-02    2.8e-05
  36800      3.98e-01    1.90e-01      1.23e-03    1.13e-03      7.45e-02    3.55e-02    2.8e-05
  36900      1.49e-01    1.84e-01      8.93e-04    1.15e-03      2.78e-02    3.44e-02    2.8e-05
  37000      9.82e-02    3.29e-01      5.00e-03    2.77e-03      1.68e-02    6.15e-02    2.8e-05
  37100      3.33e-01    1.81e-01      3.80e-03    4.38e-03      6.21e-02    3.32e-02    2.8e-05
  37200      2.95e-01    1.96e-01      3.18e-03    3.01e-03      5.50e-02    3.64e-02    2.8e-05
  37300      3.08e-01    2.15e-01      6.33e-03    4.77e-03      5.69e-02    3.97e-02    2.8e-05
  37400      3.56e-01    6.13e-01      3.83e-03    2.11e-03      6.64e-02    1.15e-01    2.8e-05
  37500      2.18e-01    3.85e-01      2.71e-03    1.24e-03      4.06e-02    7.19e-02    2.8e-05
  37600      4.55e-01    2.09e-01      2.80e-05    1.13e-03      8.52e-02    3.91e-02    2.8e-05
  37700      2.68e-01    1.95e-01      6.93e-05    1.13e-04      5.01e-02    3.66e-02    2.8e-05
  37800      5.68e-01    4.26e-01      4.74e-03    2.59e-03      1.06e-01    7.96e-02    2.8e-05
  37900      4.00e-01    4.74e-01      1.05e-03    3.72e-04      7.49e-02    8.88e-02    2.8e-05
  38000      1.48e-01    1.17e-01      3.68e-03    4.04e-03      2.71e-02    2.10e-02    2.8e-05
  38100      3.34e-01    2.85e-01      2.80e-03    1.23e-03      6.24e-02    5.32e-02    2.8e-05
  38200      4.82e-01    6.62e-01      9.16e-03    5.27e-03      8.92e-02    1.24e-01    2.8e-05
  38300      2.81e-01    1.11e-01      1.33e-03    1.45e-03      5.25e-02    2.06e-02    2.8e-05
  38400      1.19e-01    1.42e-01      4.54e-04    7.91e-04      2.23e-02    2.65e-02    2.8e-05
  38500      4.28e-01    3.46e-01      6.33e-04    3.22e-04      8.00e-02    6.47e-02    2.8e-05
  38600      2.96e-01    5.18e-01      3.84e-03    1.24e-03      5.52e-02    9.69e-02    2.8e-05
  38700      3.08e-01    3.13e-01      8.95e-04    3.77e-04      5.76e-02    5.86e-02    2.8e-05
  38800      3.20e-01    1.51e-01      7.63e-03    7.56e-03      5.88e-02    2.60e-02    2.8e-05
  38900      1.87e-01    3.01e-01      8.03e-04    8.23e-06      3.50e-02    5.63e-02    2.8e-05
  39000      1.90e-01    2.77e-01      1.42e-03    1.79e-03      3.55e-02    5.17e-02    2.8e-05
  39100      3.73e-01    1.49e-01      5.65e-03    4.05e-03      6.92e-02    2.72e-02    2.8e-05
  39200      4.00e-01    2.63e-01      8.39e-04    3.98e-04      7.48e-02    4.93e-02    2.8e-05
  39300      3.83e-01    2.02e-01      2.00e-04    5.75e-04      7.16e-02    3.78e-02    2.8e-05
  39400      5.54e-01    3.70e-01      3.34e-03    3.30e-03      1.03e-01    6.90e-02    2.8e-05
  39500      2.43e-01    3.45e-02      1.24e-03    7.00e-04      4.54e-02    6.37e-03    2.8e-05
  39600      3.96e-01    2.02e-01      1.19e-03    9.29e-05      7.41e-02    3.78e-02    2.8e-05
  39700      4.52e-01    1.32e-01      3.76e-03    4.33e-03      8.44e-02    2.39e-02    2.8e-05
  39800      2.57e-01    5.34e-01      7.67e-04    2.01e-03      4.81e-02    9.98e-02    2.8e-05
  39900      2.50e-01    5.13e-01      3.01e-03    8.03e-04      4.66e-02    9.60e-02    2.8e-05
  40000      4.08e-01    4.13e-01      5.19e-03    2.98e-03      9.69e-02    9.84e-02    1.7e-05
  40100      1.48e-01    7.35e-02      2.66e-03    2.67e-03      3.49e-02    1.68e-02    1.7e-05
  40200      1.37e-01    3.29e-01      5.07e-03    2.99e-03      3.14e-02    7.83e-02    1.7e-05
  40300      5.54e-01    2.66e-01      3.67e-03    5.04e-04      1.32e-01    6.34e-02    1.7e-05
  40400      1.81e-01    4.21e-01      7.09e-04    1.10e-03      4.32e-02    1.01e-01    1.7e-05
  40500      5.35e-01    1.66e-01      7.20e-04    2.51e-03      1.28e-01    3.94e-02    1.7e-05
  40600      1.01e-01    2.54e-01      3.65e-03    2.82e-03      2.30e-02    6.05e-02    1.7e-05
  40700      2.98e-01    1.15e-01      1.30e-03    1.38e-03      7.12e-02    2.75e-02    1.7e-05
  40800      1.98e-01    1.03e-01      1.22e-03    6.45e-04      4.71e-02    2.47e-02    1.7e-05
  40900      4.17e-01    3.42e-01      2.29e-03    3.72e-04      9.97e-02    8.18e-02    1.7e-05
  41000      6.01e-01    1.03e-01      2.38e-03    4.36e-04      1.44e-01    2.46e-02    1.7e-05
  41100      2.61e-01    2.92e-01      1.32e-03    1.22e-03      6.23e-02    6.98e-02    1.7e-05
  41200      2.09e-01    9.17e-02      3.24e-03    4.41e-03      4.96e-02    2.03e-02    1.7e-05
  41300      4.48e-01    3.94e-01      4.25e-03    1.23e-04      1.07e-01    9.43e-02    1.7e-05
  41400      1.07e-01    2.32e-01      2.26e-03    1.13e-03      2.51e-02    5.54e-02    1.7e-05
  41500      3.17e-01    6.90e-02      2.95e-03    2.22e-03      7.55e-02    1.59e-02    1.7e-05
  41600      4.25e-01    4.06e-01      1.06e-03    1.91e-03      1.01e-01    9.70e-02    1.7e-05
  41700      2.66e-01    9.79e-02      4.02e-04    1.07e-03      6.36e-02    2.33e-02    1.7e-05
  41800      3.18e-01    1.62e-01      3.53e-03    4.49e-03      7.57e-02    3.78e-02    1.7e-05
  41900      2.56e-01    1.33e-01      1.99e-03    2.70e-03      6.10e-02    3.13e-02    1.7e-05
  42000      4.05e-01    5.83e-02      1.23e-03    7.64e-04      9.68e-02    1.38e-02    1.7e-05
  42100      6.97e-02    1.59e-01      1.80e-03    1.35e-03      1.63e-02    3.80e-02    1.7e-05
  42200      2.47e-01    1.61e-01      2.00e-03    2.48e-03      5.90e-02    3.82e-02    1.7e-05
  42300      1.16e-01    1.11e-01      4.17e-04    5.23e-04      2.77e-02    2.65e-02    1.7e-05
  42400      5.20e-01    4.89e-01      6.15e-04    7.90e-04      1.24e-01    1.17e-01    1.7e-05
  42500      3.09e-01    2.78e-01      2.04e-03    1.79e-03      7.37e-02    6.64e-02    1.7e-05
  42600      9.79e-02    2.86e-01      3.08e-03    4.22e-03      2.27e-02    6.79e-02    1.7e-05
  42700      1.93e-01    2.58e-01      1.50e-03    3.43e-03      4.61e-02    6.12e-02    1.7e-05
  42800      2.10e-01    3.82e-01      2.27e-03    1.33e-03      5.00e-02    9.13e-02    1.7e-05
  42900      1.78e-01    2.97e-01      3.64e-03    4.49e-03      4.20e-02    7.04e-02    1.7e-05
  43000      2.49e-01    2.51e-01      4.53e-03    3.59e-03      5.88e-02    5.97e-02    1.7e-05
  43100      1.37e-01    1.61e-01      4.95e-04    7.04e-04      3.27e-02    3.84e-02    1.7e-05
  43200      2.34e-01    1.11e-01      3.67e-03    2.53e-03      5.55e-02    2.61e-02    1.7e-05
  43300      1.37e-01    7.48e-02      5.40e-04    8.03e-04      3.28e-02    1.78e-02    1.7e-05
  43400      4.09e-01    3.77e-01      3.02e-03    1.80e-03      9.77e-02    9.00e-02    1.7e-05
  43500      1.02e-01    2.11e-01      2.63e-03    1.59e-03      2.39e-02    5.04e-02    1.7e-05
  43600      4.71e-01    1.50e-01      2.31e-03    1.80e-04      1.12e-01    3.59e-02    1.7e-05
  43700      2.94e-01    1.54e-01      2.05e-05    7.82e-04      7.02e-02    3.67e-02    1.7e-05
  43800      2.46e-01    4.29e-01      1.14e-04    1.39e-03      5.88e-02    1.02e-01    1.7e-05
  43900      2.99e-01    2.99e-01      9.30e-04    1.22e-03      7.15e-02    7.14e-02    1.7e-05
  44000      1.64e-01    4.53e-01      8.39e-04    2.64e-04      3.93e-02    1.08e-01    1.7e-05
  44100      2.42e-01    1.66e-01      2.39e-03    4.16e-03      5.76e-02    3.88e-02    1.7e-05
  44200      9.51e-02    4.67e-01      3.97e-03    3.79e-03      2.15e-02    1.11e-01    1.7e-05
  44300      4.95e-01    1.32e-01      1.20e-03    1.30e-03      1.18e-01    3.14e-02    1.7e-05
  44400      3.45e-01    2.51e-01      5.14e-03    3.53e-03      8.19e-02    5.96e-02    1.7e-05
  44500      4.59e-01    3.59e-01      4.67e-03    2.55e-03      1.09e-01    8.56e-02    1.7e-05
  44600      1.48e-01    1.22e-01      3.78e-03    3.98e-03      3.47e-02    2.82e-02    1.7e-05
  44700      4.24e-01    1.67e-01      3.39e-03    2.17e-03      1.01e-01    3.97e-02    1.7e-05
  44800      1.31e-01    3.00e-01      2.27e-05    2.66e-04      3.13e-02    7.17e-02    1.7e-05
  44900      1.46e-01    4.29e-01      1.65e-03    3.63e-03      3.47e-02    1.02e-01    1.7e-05
  45000      1.19e-01    3.03e-01      3.29e-03    1.01e-03      3.51e-02    9.18e-02    9.9e-06
  45100      2.56e-01    2.42e-01      2.72e-03    8.35e-04      7.73e-02    7.32e-02    9.9e-06
  45200      4.32e-01    9.49e-02      3.06e-03    1.26e-03      1.31e-01    2.86e-02    9.9e-06
  45300      7.50e-02    1.76e-01      3.68e-04    1.71e-04      2.27e-02    5.33e-02    9.9e-06
  45400      1.41e-01    1.26e-01      6.30e-04    2.18e-04      4.26e-02    3.83e-02    9.9e-06
  45500      2.12e-01    1.40e-01      1.28e-03    1.22e-03      6.42e-02    4.24e-02    9.9e-06
  45600      9.25e-02    3.51e-01      2.53e-04    3.09e-03      2.80e-02    1.06e-01    9.9e-06
  45700      1.00e-01    2.16e-01      1.52e-04    6.49e-04      3.04e-02    6.56e-02    9.9e-06
  45800      2.98e-01    1.11e-01      1.31e-03    4.46e-04      9.03e-02    3.36e-02    9.9e-06
  45900      2.25e-01    5.71e-02      2.28e-03    1.44e-03      6.81e-02    1.70e-02    9.9e-06
  46000      1.21e-01    4.42e-01      9.49e-04    5.73e-04      3.65e-02    1.34e-01    9.9e-06
  46100      1.20e-01    3.24e-01      3.08e-03    1.31e-03      3.56e-02    9.81e-02    9.9e-06
  46200      1.28e-01    3.38e-01      1.75e-03    2.35e-04      3.85e-02    1.02e-01    9.9e-06
  46300      3.47e-01    1.30e-01      2.10e-03    1.74e-04      1.05e-01    3.95e-02    9.9e-06
  46400      2.04e-01    8.31e-02      1.66e-03    2.39e-03      6.16e-02    2.45e-02    9.9e-06
  46500      1.32e-01    4.27e-01      2.91e-03    5.81e-03      3.94e-02    1.29e-01    9.9e-06
  46600      9.64e-02    1.17e-01      3.77e-03    4.02e-03      2.78e-02    3.41e-02    9.9e-06
  46700      1.24e-01    4.72e-02      1.66e-03    1.43e-03      3.74e-02    1.39e-02    9.9e-06
  46800      1.65e-01    3.15e-01      1.85e-03    9.70e-04      4.98e-02    9.56e-02    9.9e-06
  46900      7.11e-02    1.94e-01      1.56e-03    1.10e-03      2.12e-02    5.87e-02    9.9e-06
  47000      2.54e-01    2.11e-01      6.07e-04    1.90e-04      7.71e-02    6.40e-02    9.9e-06
  47100      1.62e-01    3.64e-01      1.29e-03    2.33e-03      4.91e-02    1.10e-01    9.9e-06
  47200      2.13e-01    4.08e-01      5.26e-03    1.97e-04      6.33e-02    1.24e-01    9.9e-06
  47300      3.02e-01    3.56e-01      2.68e-03    6.23e-04      9.14e-02    1.08e-01    9.9e-06
  47400      1.13e-01    2.88e-01      6.92e-04    9.54e-04      3.41e-02    8.72e-02    9.9e-06
  47500      2.58e-01    7.39e-02      4.84e-04    1.40e-03      7.83e-02    2.22e-02    9.9e-06
  47600      4.40e-02    2.63e-01      2.45e-03    2.52e-03      1.20e-02    7.95e-02    9.9e-06
  47700      1.81e-01    1.50e-01      2.21e-03    1.07e-03      5.47e-02    4.54e-02    9.9e-06
  47800      1.81e-01    3.36e-01      4.66e-04    3.06e-03      5.50e-02    1.02e-01    9.9e-06
  47900      2.50e-01    1.85e-01      7.67e-04    1.10e-03      7.56e-02    5.61e-02    9.9e-06
  48000      1.19e-01    2.04e-01      1.69e-03    1.18e-03      3.58e-02    6.17e-02    9.9e-06
  48100      3.42e-01    1.02e-01      2.30e-03    8.96e-04      1.03e-01    3.08e-02    9.9e-06
  48200      1.03e-01    9.38e-02      1.21e-03    1.15e-03      3.12e-02    2.83e-02    9.9e-06
  48300      2.15e-01    2.11e-01      6.27e-04    1.31e-03      6.50e-02    6.39e-02    9.9e-06
  48400      2.62e-01    3.85e-02      4.23e-04    5.62e-04      7.94e-02    1.16e-02    9.9e-06
  48500      2.02e-01    2.00e-01      4.73e-03    3.66e-03      6.03e-02    5.98e-02    9.9e-06
  48600      2.57e-01    4.77e-02      3.79e-05    2.13e-04      7.79e-02    1.44e-02    9.9e-06
  48700      1.07e-01    8.24e-02      4.27e-03    4.34e-03      3.07e-02    2.27e-02    9.9e-06
  48800      1.23e-01    1.06e-01      4.11e-04    4.66e-04      3.72e-02    3.21e-02    9.9e-06
  48900      1.89e-01    2.82e-01      2.15e-03    6.69e-05      5.72e-02    8.55e-02    9.9e-06
  49000      4.08e-02    1.47e-01      3.86e-05    7.09e-04      1.24e-02    4.46e-02    9.9e-06
  49100      3.53e-01    1.09e-01      3.67e-03    2.18e-03      1.07e-01    3.25e-02    9.9e-06
  49200      1.13e-01    1.86e-01      2.09e-05    8.33e-04      3.44e-02    5.63e-02    9.9e-06
  49300      1.76e-01    3.81e-01      3.25e-03    2.29e-03      5.27e-02    1.15e-01    9.9e-06
  49400      9.01e-02    2.24e-01      2.96e-03    9.38e-04      2.64e-02    6.80e-02    9.9e-06
  49500      4.15e-02    3.99e-01      1.83e-03    1.01e-03      1.18e-02    1.21e-01    9.9e-06
  49600      3.01e-01    2.18e-01      3.83e-03    3.15e-03      9.09e-02    6.56e-02    9.9e-06
  49700      8.29e-02    2.94e-01      1.06e-03    4.89e-04      2.50e-02    8.90e-02    9.9e-06
  49800      1.16e-01    2.80e-01      2.96e-04    7.81e-04      3.52e-02    8.49e-02    9.9e-06
  49900      1.09e-01    1.18e-01      6.00e-04    8.94e-04      3.31e-02    3.57e-02    9.9e-06
  50000      2.28e-01    2.63e-01      1.57e-03    7.43e-04      8.66e-02    1.00e-01    5.9e-06
  50100      1.41e-01    1.88e-01      1.36e-03    1.41e-03      5.36e-02    7.14e-02    5.9e-06
  50200      2.91e-01    3.30e-01      1.17e-03    8.12e-04      1.10e-01    1.25e-01    5.9e-06
  50300      2.49e-01    2.43e-01      1.09e-03    1.15e-03      9.46e-02    9.24e-02    5.9e-06
  50400      2.36e-01    2.33e-01      4.37e-04    9.01e-04      8.96e-02    8.87e-02    5.9e-06
  50500      1.64e-01    8.62e-02      3.00e-04    1.88e-04      6.23e-02    3.27e-02    5.9e-06
  50600      2.40e-01    6.74e-02      2.72e-03    2.81e-03      9.10e-02    2.42e-02    5.9e-06
  50700      1.37e-01    1.60e-01      5.15e-04    3.56e-04      5.21e-02    6.08e-02    5.9e-06
  50800      6.15e-02    2.22e-01      1.10e-04    1.82e-03      2.34e-02    8.43e-02    5.9e-06
  50900      1.95e-01    1.79e-01      1.12e-03    2.05e-04      7.42e-02    6.81e-02    5.9e-06
  51000      1.76e-01    7.56e-02      1.83e-04    6.46e-04      6.69e-02    2.87e-02    5.9e-06
  51100      5.58e-02    2.51e-01      1.09e-03    1.71e-03      2.10e-02    9.55e-02    5.9e-06
  51200      1.24e-01    2.21e-01      4.52e-04    1.69e-03      4.71e-02    8.40e-02    5.9e-06
  51300      2.60e-01    1.77e-01      1.30e-03    8.04e-04      9.89e-02    6.72e-02    5.9e-06
  51400      2.11e-01    1.50e-01      4.68e-04    1.69e-03      8.03e-02    5.68e-02    5.9e-06
  51500      4.90e-02    6.30e-02      1.07e-04    3.22e-04      1.86e-02    2.39e-02    5.9e-06
  51600      1.73e-01    1.58e-01      9.08e-04    6.88e-04      6.59e-02    6.02e-02    5.9e-06
  51700      9.05e-02    4.32e-02      2.89e-03    2.71e-03      3.33e-02    1.42e-02    5.9e-06
  51800      2.07e-01    7.77e-02      1.57e-04    1.59e-03      7.88e-02    2.91e-02    5.9e-06
  51900      1.09e-01    1.44e-01      8.01e-04    1.82e-04      4.14e-02    5.48e-02    5.9e-06
  52000      1.72e-01    2.38e-01      1.27e-05    8.82e-05      6.52e-02    9.06e-02    5.9e-06
  52100      1.06e-01    3.44e-01      1.46e-03    1.24e-03      4.00e-02    1.31e-01    5.9e-06
  52200      2.69e-01    1.07e-01      2.02e-03    2.66e-03      1.02e-01    3.97e-02    5.9e-06
  52300      1.97e-01    8.90e-02      5.26e-04    1.27e-03      7.50e-02    3.36e-02    5.9e-06
  52400      6.84e-02    9.32e-02      5.79e-04    6.48e-04      2.60e-02    3.54e-02    5.9e-06
  52500      8.44e-02    1.54e-01      8.04e-05    1.02e-03      3.21e-02    5.86e-02    5.9e-06
  52600      1.07e-01    2.32e-01      2.34e-03    2.92e-04      3.99e-02    8.83e-02    5.9e-06
  52700      1.56e-01    2.06e-01      2.09e-03    7.80e-04      5.89e-02    7.81e-02    5.9e-06
  52800      9.59e-02    2.28e-01      2.56e-04    8.66e-04      3.64e-02    8.67e-02    5.9e-06
  52900      6.36e-02    8.61e-02      5.72e-04    7.38e-04      2.41e-02    3.27e-02    5.9e-06
  53000      6.06e-02    1.17e-01      1.63e-04    1.14e-03      2.30e-02    4.45e-02    5.9e-06
  53100      8.87e-02    5.49e-02      9.79e-04    6.80e-04      3.36e-02    2.08e-02    5.9e-06
  53200      1.19e-01    2.18e-01      1.40e-03    6.18e-04      4.50e-02    8.30e-02    5.9e-06
  53300      2.55e-01    2.15e-01      5.38e-03    3.17e-03      9.55e-02    8.12e-02    5.9e-06
  53400      2.42e-01    1.12e-01      2.57e-03    1.52e-03      9.15e-02    4.22e-02    5.9e-06
  53500      1.08e-01    2.27e-01      1.10e-03    7.89e-04      4.11e-02    8.61e-02    5.9e-06
  53600      1.64e-01    1.48e-01      1.46e-03    6.42e-04      6.22e-02    5.63e-02    5.9e-06
  53700      9.55e-02    1.01e-01      1.01e-03    9.31e-04      3.62e-02    3.85e-02    5.9e-06
  53800      2.83e-01    1.89e-01      6.29e-03    1.13e-03      1.06e-01    7.18e-02    5.9e-06
  53900      2.97e-01    9.16e-02      1.12e-03    1.61e-03      1.13e-01    3.45e-02    5.9e-06
  54000      1.14e-01    5.95e-02      4.11e-03    3.10e-03      4.15e-02    2.06e-02    5.9e-06
  54100      1.83e-01    8.41e-02      1.32e-03    1.93e-03      6.94e-02    3.14e-02    5.9e-06
  54200      9.61e-02    2.40e-01      5.42e-04    6.05e-04      3.65e-02    9.13e-02    5.9e-06
  54300      4.36e-02    1.78e-01      8.42e-04    2.21e-04      1.64e-02    6.76e-02    5.9e-06
  54400      2.57e-01    9.45e-02      4.09e-03    1.03e-03      9.68e-02    3.58e-02    5.9e-06
  54500      1.18e-01    2.31e-01      2.77e-03    5.33e-03      4.39e-02    8.64e-02    5.9e-06
  54600      5.15e-02    1.81e-01      1.52e-03    2.06e-04      1.90e-02    6.89e-02    5.9e-06
  54700      1.37e-01    1.42e-01      4.69e-04    1.81e-03      5.20e-02    5.36e-02    5.9e-06
  54800      9.53e-02    1.85e-01      7.81e-04    6.87e-04      3.62e-02    7.03e-02    5.9e-06
  54900      2.42e-01    2.01e-01      2.18e-03    8.61e-04      9.18e-02    7.65e-02    5.9e-06
  55000      1.26e-01    6.69e-02      9.45e-07    1.07e-04      5.91e-02    3.14e-02    3.5e-06
  55100      2.25e-01    2.72e-01      1.77e-03    3.68e-03      1.05e-01    1.27e-01    3.5e-06
  55200      7.38e-02    9.44e-02      1.88e-03    6.96e-04      3.39e-02    4.42e-02    3.5e-06
  55300      1.22e-01    8.10e-02      8.37e-04    6.75e-04      5.73e-02    3.79e-02    3.5e-06
  55400      2.63e-01    5.01e-02      8.65e-05    1.14e-03      1.24e-01    2.31e-02    3.5e-06
  55500      1.30e-01    2.26e-01      1.01e-03    1.59e-04      6.08e-02    1.06e-01    3.5e-06
  55600      1.22e-01    9.94e-02      2.73e-03    3.26e-03      5.62e-02    4.50e-02    3.5e-06
  55700      5.14e-02    5.17e-02      1.11e-03    8.77e-04      2.37e-02    2.40e-02    3.5e-06
  55800      7.07e-02    1.57e-01      9.80e-05    1.76e-04      3.32e-02    7.38e-02    3.5e-06
  55900      2.18e-01    8.15e-02      1.28e-03    7.23e-05      1.02e-01    3.82e-02    3.5e-06
  56000      1.28e-01    1.14e-01      1.22e-03    4.04e-05      5.99e-02    5.35e-02    3.5e-06
  56100      1.12e-01    1.27e-01      5.49e-04    4.35e-04      5.24e-02    5.94e-02    3.5e-06
  56200      5.67e-02    1.31e-01      1.14e-04    1.02e-04      2.66e-02    6.16e-02    3.5e-06
  56300      7.18e-02    1.25e-01      1.20e-03    2.09e-04      3.34e-02    5.88e-02    3.5e-06
  56400      6.16e-02    6.90e-02      2.69e-03    2.77e-03      2.71e-02    3.07e-02    3.5e-06
  56500      1.28e-01    7.80e-02      2.72e-04    8.89e-04      5.98e-02    3.64e-02    3.5e-06
  56600      5.59e-02    5.86e-02      2.51e-04    1.07e-03      2.62e-02    2.72e-02    3.5e-06
  56700      9.99e-02    4.99e-02      2.22e-03    1.91e-03      4.61e-02    2.23e-02    3.5e-06
  56800      2.07e-01    2.50e-01      2.00e-03    1.19e-03      9.70e-02    1.17e-01    3.5e-06
  56900      6.89e-02    8.29e-02      1.84e-03    2.45e-03      3.16e-02    3.78e-02    3.5e-06
  57000      9.57e-02    6.62e-02      2.49e-03    1.48e-03      4.39e-02    3.06e-02    3.5e-06
  57100      5.05e-02    1.37e-01      1.39e-03    2.50e-03      2.31e-02    6.34e-02    3.5e-06
  57200      1.47e-01    7.95e-02      2.10e-03    2.29e-04      6.87e-02    3.73e-02    3.5e-06
  57300      5.03e-02    2.46e-01      6.71e-04    5.77e-04      2.35e-02    1.16e-01    3.5e-06
  57400      1.13e-01    8.93e-02      6.04e-04    5.43e-05      5.31e-02    4.19e-02    3.5e-06
  57500      9.78e-02    5.62e-02      1.09e-03    1.59e-03      4.57e-02    2.57e-02    3.5e-06
  57600      7.56e-02    7.77e-02      1.81e-04    1.91e-04      3.55e-02    3.64e-02    3.5e-06
  57700      3.37e-02    9.29e-02      1.80e-03    2.29e-03      1.43e-02    4.27e-02    3.5e-06
  57800      6.31e-02    6.55e-02      2.39e-05    2.62e-04      2.96e-02    3.07e-02    3.5e-06
  57900      2.40e-01    2.53e-01      3.81e-04    1.01e-03      1.13e-01    1.19e-01    3.5e-06
  58000      8.53e-02    6.66e-02      4.97e-04    8.45e-04      4.00e-02    3.11e-02    3.5e-06
  58100      1.37e-01    6.41e-02      7.94e-04    6.86e-05      6.41e-02    3.01e-02    3.5e-06
  58200      7.92e-02    1.09e-01      1.44e-03    1.67e-03      3.68e-02    5.08e-02    3.5e-06
  58300      1.63e-01    9.07e-02      3.30e-03    1.89e-03      7.53e-02    4.19e-02    3.5e-06
  58400      2.84e-02    2.29e-01      6.12e-04    4.73e-04      1.31e-02    1.07e-01    3.5e-06
  58500      9.32e-02    5.55e-02      4.56e-04    1.43e-04      4.37e-02    2.61e-02    3.5e-06
  58600      6.51e-02    5.26e-02      1.78e-03    1.56e-03      2.98e-02    2.40e-02    3.5e-06
  58700      1.29e-01    1.38e-01      2.46e-03    2.03e-03      6.00e-02    6.42e-02    3.5e-06
  58800      9.87e-02    1.51e-01      2.55e-03    3.14e-04      4.53e-02    7.09e-02    3.5e-06
  58900      1.48e-01    2.68e-01      2.20e-04    4.42e-04      6.95e-02    1.26e-01    3.5e-06
  59000      2.15e-01    4.86e-02      1.34e-03    1.10e-03      1.01e-01    2.24e-02    3.5e-06
  59100      1.58e-01    2.30e-01      1.82e-03    1.54e-03      7.40e-02    1.08e-01    3.5e-06
  59200      4.93e-02    9.54e-02      2.51e-03    1.01e-03      2.11e-02    4.46e-02    3.5e-06
  59300      1.21e-01    9.78e-02      1.82e-03    1.83e-03      5.65e-02    4.54e-02    3.5e-06
  59400      9.82e-02    1.48e-01      2.07e-03    8.30e-04      4.54e-02    6.94e-02    3.5e-06
  59500      4.26e-02    4.84e-02      1.46e-03    1.20e-03      1.92e-02    2.22e-02    3.5e-06
  59600      2.30e-01    1.60e-01      2.82e-03    4.23e-04      1.07e-01    7.50e-02    3.5e-06
  59700      1.40e-01    4.71e-02      1.74e-03    1.49e-03      6.53e-02    2.14e-02    3.5e-06
  59800      2.39e-01    1.15e-01      2.24e-03    4.09e-05      1.12e-01    5.39e-02    3.5e-06
  59900      6.74e-02    1.66e-01      1.07e-03    7.49e-04      3.13e-02    7.79e-02    3.5e-06
  60000      1.23e-01    2.29e-02      1.39e-03    1.26e-03      6.95e-02    1.16e-02    2.1e-06
  60100      9.86e-02    9.60e-02      3.37e-04    1.48e-03      5.58e-02    5.39e-02    2.1e-06
  60200      4.16e-02    7.31e-02      1.05e-03    1.69e-03      2.31e-02    4.07e-02    2.1e-06
  60300      1.69e-01    1.18e-01      1.79e-03    2.05e-03      9.51e-02    6.62e-02    2.1e-06
  60400      5.53e-02    1.56e-01      1.10e-04    9.58e-04      3.13e-02    8.81e-02    2.1e-06
  60500      7.71e-02    7.84e-02      2.08e-03    1.92e-03      4.26e-02    4.35e-02    2.1e-06
  60600      6.28e-02    8.97e-02      9.19e-04    5.17e-05      3.53e-02    5.07e-02    2.1e-06
  60700      2.14e-01    1.49e-01      5.83e-04    3.68e-04      1.21e-01    8.43e-02    2.1e-06
  60800      1.48e-01    1.29e-01      3.89e-03    1.90e-03      8.20e-02    7.25e-02    2.1e-06
  60900      1.51e-01    1.29e-01      1.76e-03    6.71e-04      8.48e-02    7.29e-02    2.1e-06
  61000      1.32e-01    1.29e-01      9.57e-05    6.25e-04      7.46e-02    7.27e-02    2.1e-06
  61100      1.39e-01    1.19e-01      1.11e-03    1.10e-03      7.85e-02    6.70e-02    2.1e-06
  61200      6.71e-02    1.26e-01      8.01e-04    3.01e-04      3.78e-02    7.14e-02    2.1e-06
  61300      1.80e-01    1.21e-01      5.53e-04    1.34e-03      1.02e-01    6.82e-02    2.1e-06
  61400      5.40e-02    1.49e-01      5.77e-04    9.83e-04      3.04e-02    8.40e-02    2.1e-06
  61500      9.16e-02    9.56e-02      1.09e-03    1.35e-03      5.16e-02    5.38e-02    2.1e-06
  61600      6.46e-02    1.19e-01      1.62e-03    1.19e-04      3.58e-02    6.74e-02    2.1e-06
  61700      2.25e-01    1.36e-01      1.59e-03    9.99e-04      1.27e-01    7.68e-02    2.1e-06
  61800      6.65e-02    1.06e-01      1.42e-03    1.23e-03      3.71e-02    5.98e-02    2.1e-06
  61900      1.04e-01    1.03e-01      1.35e-03    3.58e-04      5.85e-02    5.81e-02    2.1e-06
  62000      5.96e-02    1.21e-01      3.48e-04    1.36e-03      3.37e-02    6.79e-02    2.1e-06
  62100      1.60e-01    1.07e-01      2.32e-03    6.01e-04      9.01e-02    6.06e-02    2.1e-06
  62200      8.43e-02    1.09e-01      1.60e-04    1.19e-04      4.77e-02    6.17e-02    2.1e-06
  62300      1.40e-01    6.54e-02      3.74e-04    1.05e-03      7.90e-02    3.67e-02    2.1e-06
  62400      1.46e-01    1.73e-01      2.85e-03    2.11e-03      8.15e-02    9.74e-02    2.1e-06
  62500      1.24e-01    9.45e-02      3.47e-03    1.64e-03      6.85e-02    5.29e-02    2.1e-06
  62600      1.50e-01    3.91e-02      1.07e-03    1.17e-03      8.46e-02    2.15e-02    2.1e-06
  62700      4.01e-02    6.62e-02      2.12e-03    1.71e-03      2.06e-02    3.66e-02    2.1e-06
  62800      8.03e-02    4.10e-02      9.51e-04    3.15e-05      4.52e-02    2.32e-02    2.1e-06
  62900      5.69e-02    6.15e-02      7.06e-04    1.28e-03      3.21e-02    3.43e-02    2.1e-06
  63000      6.46e-02    1.03e-01      1.85e-04    9.76e-04      3.66e-02    5.83e-02    2.1e-06
  63100      1.22e-01    9.72e-02      6.98e-04    7.16e-04      6.92e-02    5.49e-02    2.1e-06
  63200      1.44e-01    2.41e-02      1.86e-03    1.02e-03      8.10e-02    1.28e-02    2.1e-06
  63300      2.38e-01    3.56e-02      2.71e-04    1.46e-03      1.35e-01    1.91e-02    2.1e-06
  63400      2.41e-02    1.50e-01      5.48e-04    4.30e-04      1.34e-02    8.48e-02    2.1e-06
  63500      1.60e-01    1.99e-01      1.38e-03    1.60e-03      9.05e-02    1.12e-01    2.1e-06
  63600      5.94e-02    6.23e-02      2.85e-04    7.98e-04      3.36e-02    3.51e-02    2.1e-06
  63700      1.01e-01    8.38e-02      4.59e-04    1.25e-04      5.74e-02    4.74e-02    2.1e-06
  63800      8.02e-02    8.32e-02      2.25e-03    1.64e-03      4.43e-02    4.65e-02    2.1e-06
  63900      2.15e-01    5.88e-02      1.67e-03    6.48e-04      1.21e-01    3.32e-02    2.1e-06
  64000      8.11e-02    5.44e-02      8.48e-04    1.19e-05      4.58e-02    3.08e-02    2.1e-06
  64100      3.49e-02    3.94e-02      3.72e-05    4.13e-04      1.97e-02    2.22e-02    2.1e-06
  64200      4.27e-02    1.23e-01      1.46e-03    7.13e-04      2.32e-02    6.96e-02    2.1e-06
  64300      1.39e-01    1.31e-02      7.71e-05    8.99e-04      7.87e-02    6.21e-03    2.1e-06
  64400      8.49e-02    6.60e-02      9.33e-04    1.89e-03      4.79e-02    3.64e-02    2.1e-06
  64500      1.06e-01    1.20e-01      6.60e-04    7.25e-04      5.98e-02    6.81e-02    2.1e-06
  64600      1.43e-01    2.28e-01      6.62e-04    3.02e-03      8.08e-02    1.28e-01    2.1e-06
  64700      1.59e-01    9.68e-02      2.80e-05    7.63e-04      8.99e-02    5.47e-02    2.1e-06
  64800      8.26e-02    1.09e-01      2.40e-03    9.89e-04      4.55e-02    6.13e-02    2.1e-06
  64900      2.03e-01    1.27e-01      7.30e-05    8.43e-04      1.15e-01    7.19e-02    2.1e-06
  65000      1.39e-01    6.61e-02      1.33e-03    2.34e-03      9.21e-02    4.20e-02    1.3e-06
  65100      1.16e-01    1.32e-01      6.78e-04    2.12e-04      7.72e-02    8.77e-02    1.3e-06
  65200      1.12e-01    1.10e-01      4.66e-04    2.72e-04      7.43e-02    7.29e-02    1.3e-06
  65300      5.30e-02    7.82e-02      1.63e-03    6.22e-04      3.41e-02    5.18e-02    1.3e-06
  65400      5.94e-02    1.95e-01      1.48e-03    6.03e-04      3.87e-02    1.29e-01    1.3e-06
  65500      7.70e-02    4.40e-02      3.27e-03    2.14e-03      4.81e-02    2.69e-02    1.3e-06
  65600      9.23e-02    1.45e-01      1.04e-03    2.51e-03      6.10e-02    9.50e-02    1.3e-06
  65700      1.02e-01    1.07e-01      1.52e-03    1.28e-04      6.71e-02    7.13e-02    1.3e-06
  65800      5.66e-02    1.09e-01      1.97e-04    1.18e-03      3.75e-02    7.19e-02    1.3e-06
  65900      5.77e-02    4.64e-02      4.58e-04    2.20e-04      3.82e-02    3.08e-02    1.3e-06
  66000      7.12e-02    6.50e-02      5.04e-04    9.26e-04      4.72e-02    4.29e-02    1.3e-06
  66100      7.11e-02    3.17e-02      8.55e-04    5.34e-04      4.70e-02    2.08e-02    1.3e-06
  66200      3.10e-02    3.43e-02      5.48e-04    6.18e-04      2.04e-02    2.25e-02    1.3e-06
  66300      2.02e-01    3.95e-02      7.02e-05    6.48e-04      1.34e-01    2.60e-02    1.3e-06
  66400      1.38e-01    1.03e-01      1.43e-04    1.23e-03      9.18e-02    6.78e-02    1.3e-06
  66500      5.45e-02    8.16e-02      4.78e-04    6.82e-04      3.61e-02    5.40e-02    1.3e-06
  66600      2.38e-02    1.09e-01      1.24e-04    1.14e-04      1.58e-02    7.26e-02    1.3e-06
  66700      9.86e-02    1.04e-01      2.93e-04    2.27e-04      6.54e-02    6.88e-02    1.3e-06
  66800      4.41e-02    3.20e-02      2.75e-04    1.77e-04      2.92e-02    2.12e-02    1.3e-06
  66900      1.52e-01    8.28e-02      3.66e-03    6.50e-04      9.88e-02    5.48e-02    1.3e-06
  67000      8.19e-02    1.96e-01      1.13e-04    2.02e-03      5.43e-02    1.29e-01    1.3e-06
  67100      1.50e-01    1.06e-01      3.06e-03    5.62e-04      9.81e-02    7.00e-02    1.3e-06
  67200      1.25e-01    8.44e-02      6.45e-04    2.09e-03      8.30e-02    5.49e-02    1.3e-06
  67300      5.67e-02    1.37e-01      1.15e-03    7.94e-04      3.72e-02    9.09e-02    1.3e-06
  67400      6.62e-02    1.03e-01      1.87e-03    1.82e-03      4.28e-02    6.74e-02    1.3e-06
  67500      1.36e-01    1.18e-01      2.38e-03    2.52e-03      8.95e-02    7.73e-02    1.3e-06
  67600      2.20e-02    1.18e-01      7.89e-04    1.46e-03      1.40e-02    7.78e-02    1.3e-06
  67700      1.79e-01    8.10e-02      5.30e-05    2.86e-04      1.19e-01    5.37e-02    1.3e-06
  67800      8.22e-02    5.61e-02      3.47e-04    8.27e-04      5.45e-02    3.70e-02    1.3e-06
  67900      8.52e-02    1.33e-01      1.07e-03    1.57e-04      5.63e-02    8.79e-02    1.3e-06
  68000      5.89e-02    9.45e-02      1.12e-03    8.06e-04      3.86e-02    6.26e-02    1.3e-06
  68100      9.74e-02    5.04e-02      5.71e-04    6.54e-05      6.46e-02    3.35e-02    1.3e-06
  68200      1.39e-01    1.92e-01      6.70e-04    2.06e-03      9.20e-02    1.27e-01    1.3e-06
  68300      2.04e-01    7.06e-02      2.95e-03    7.10e-04      1.34e-01    4.67e-02    1.3e-06
  68400      2.99e-02    1.79e-01      1.73e-04    8.85e-04      1.98e-02    1.19e-01    1.3e-06
  68500      4.60e-02    4.28e-02      1.90e-03    1.79e-03      2.88e-02    2.68e-02    1.3e-06
  68600      1.11e-01    1.25e-01      1.28e-03    7.10e-04      7.32e-02    8.27e-02    1.3e-06
  68700      9.52e-02    1.95e-02      3.48e-04    1.63e-03      6.31e-02    9.63e-03    1.3e-06
  68800      7.90e-02    4.41e-02      2.77e-03    1.68e-03      5.03e-02    2.79e-02    1.3e-06
  68900      1.11e-01    1.06e-01      8.89e-04    1.08e-03      7.32e-02    6.99e-02    1.3e-06
  69000      3.14e-02    3.29e-02      1.50e-04    2.46e-04      2.08e-02    2.18e-02    1.3e-06
  69100      5.72e-02    1.48e-01      2.45e-03    2.62e-03      3.56e-02    9.70e-02    1.3e-06
  69200      4.17e-02    6.68e-02      5.93e-05    4.97e-04      2.77e-02    4.42e-02    1.3e-06
  69300      1.68e-01    8.56e-02      6.27e-04    1.69e-03      1.11e-01    5.61e-02    1.3e-06
  69400      8.31e-02    9.65e-02      9.41e-04    1.26e-03      5.49e-02    6.37e-02    1.3e-06
  69500      5.72e-02    7.69e-02      7.55e-04    5.45e-04      3.77e-02    5.10e-02    1.3e-06
  69600      9.76e-02    6.63e-02      3.18e-03    2.84e-03      6.25e-02    4.14e-02    1.3e-06
  69700      6.87e-02    9.92e-02      1.78e-03    1.52e-03      4.46e-02    6.53e-02    1.3e-06
  69800      1.69e-01    6.52e-02      3.92e-03    1.04e-03      1.11e-01    4.29e-02    1.3e-06
  69900      3.31e-02    2.59e-02      1.67e-03    1.69e-03      2.01e-02    1.47e-02    1.3e-06
  70000      8.13e-02    7.57e-02      1.36e-03    7.88e-04      6.07e-02    5.69e-02    7.6e-07
  70100      8.96e-02    5.64e-02      6.22e-04    1.00e-03      6.74e-02    4.21e-02    7.6e-07
  70200      1.01e-01    9.03e-02      2.31e-03    1.39e-03      7.49e-02    6.75e-02    7.6e-07
  70300      3.08e-02    2.95e-02      2.38e-05    1.88e-04      2.32e-02    2.22e-02    7.6e-07
  70400      7.70e-02    1.31e-01      1.12e-03    2.54e-03      5.77e-02    9.73e-02    7.6e-07
  70500      9.57e-02    4.76e-02      1.24e-03    7.40e-04      7.18e-02    3.56e-02    7.6e-07
  70600      2.68e-02    8.70e-02      1.20e-03    1.80e-03      1.88e-02    6.47e-02    7.6e-07
  70700      4.98e-02    7.38e-02      1.63e-04    2.89e-05      3.75e-02    5.57e-02    7.6e-07
  70800      7.78e-02    1.83e-01      5.13e-04    4.89e-04      5.85e-02    1.38e-01    7.6e-07
  70900      1.71e-01    7.91e-02      3.67e-03    4.51e-04      1.27e-01    5.96e-02    7.6e-07
  71000      1.63e-01    8.75e-02      1.16e-03    2.73e-04      1.23e-01    6.59e-02    7.6e-07
  71100      7.24e-02    5.33e-02      5.24e-04    4.85e-04      5.45e-02    4.01e-02    7.6e-07
  71200      2.53e-02    6.59e-02      9.56e-05    3.71e-04      1.91e-02    4.96e-02    7.6e-07
  71300      6.37e-02    4.44e-02      7.26e-04    2.07e-05      4.78e-02    3.35e-02    7.6e-07
  71400      1.10e-01    1.28e-01      1.54e-03    1.47e-03      8.22e-02    9.64e-02    7.6e-07
  71500      4.30e-02    3.42e-02      9.34e-04    4.95e-04      3.19e-02    2.56e-02    7.6e-07
  71600      6.62e-02    4.88e-02      1.74e-03    1.36e-03      4.88e-02    3.59e-02    7.6e-07
  71700      4.15e-02    1.03e-01      9.27e-04    7.51e-04      3.08e-02    7.76e-02    7.6e-07
  71800      1.11e-01    5.45e-02      1.01e-03    5.26e-04      8.31e-02    4.10e-02    7.6e-07
  71900      1.75e-01    1.03e-01      2.08e-03    1.70e-03      1.31e-01    7.70e-02    7.6e-07
  72000      6.22e-02    6.40e-02      1.09e-03    3.11e-04      4.64e-02    4.82e-02    7.6e-07
  72100      1.46e-01    5.80e-02      1.16e-03    8.60e-04      1.10e-01    4.34e-02    7.6e-07
  72200      1.22e-01    1.08e-01      3.24e-03    1.50e-04      8.96e-02    8.13e-02    7.6e-07
  72300      7.61e-02    1.09e-01      2.96e-04    8.85e-04      5.73e-02    8.20e-02    7.6e-07
  72400      4.81e-02    2.97e-02      1.72e-05    3.98e-06      3.63e-02    2.24e-02    7.6e-07
  72500      4.12e-02    1.36e-01      6.41e-04    8.04e-04      3.08e-02    1.02e-01    7.6e-07
  72600      1.03e-01    5.98e-02      2.18e-03    1.05e-03      7.62e-02    4.46e-02    7.6e-07
  72700      6.70e-02    9.61e-02      2.61e-04    5.21e-04      5.05e-02    7.24e-02    7.6e-07
  72800      4.93e-02    1.27e-01      1.84e-04    1.73e-03      3.71e-02    9.53e-02    7.6e-07
  72900      1.68e-02    1.10e-01      5.53e-04    1.61e-03      1.22e-02    8.20e-02    7.6e-07
  73000      1.25e-01    1.91e-02      2.19e-03    1.33e-03      9.32e-02    1.20e-02    7.6e-07
  73100      3.29e-02    1.34e-01      1.15e-04    6.77e-04      2.48e-02    1.01e-01    7.6e-07
  73200      6.59e-02    1.36e-01      1.45e-03    6.60e-04      4.89e-02    1.02e-01    7.6e-07
  73300      9.01e-02    1.13e-01      1.44e-03    1.54e-03      6.73e-02    8.49e-02    7.6e-07
  73400      6.22e-02    5.47e-02      2.02e-04    8.27e-05      4.68e-02    4.12e-02    7.6e-07
  73500      7.61e-02    8.27e-02      1.53e-03    6.85e-04      5.66e-02    6.22e-02    7.6e-07
  73600      6.23e-02    1.06e-01      8.52e-05    1.07e-03      4.70e-02    7.96e-02    7.6e-07
  73700      7.92e-02    1.23e-01      2.72e-04    6.84e-04      5.97e-02    9.28e-02    7.6e-07
  73800      5.09e-02    7.87e-02      8.51e-05    4.33e-04      3.84e-02    5.92e-02    7.6e-07
  73900      1.61e-01    9.76e-02      8.84e-04    1.26e-03      1.21e-01    7.32e-02    7.6e-07
  74000      5.74e-02    1.22e-01      4.04e-04    9.69e-05      4.32e-02    9.19e-02    7.6e-07
  74100      5.34e-02    1.02e-01      1.72e-03    1.24e-03      3.89e-02    7.63e-02    7.6e-07
  74200      1.41e-01    1.11e-01      5.03e-04    5.32e-04      1.06e-01    8.38e-02    7.6e-07
  74300      3.43e-02    6.50e-02      9.81e-04    1.05e-03      2.51e-02    4.86e-02    7.6e-07
  74400      8.45e-02    7.42e-02      7.81e-04    2.76e-04      6.35e-02    5.59e-02    7.6e-07
  74500      1.15e-01    5.17e-02      8.74e-04    1.16e-03      8.64e-02    3.83e-02    7.6e-07
  74600      3.12e-02    6.69e-02      1.25e-03    3.19e-04      2.23e-02    5.04e-02    7.6e-07
  74700      1.10e-01    1.18e-01      8.48e-04    1.13e-03      8.30e-02    8.86e-02    7.6e-07
  74800      8.68e-02    1.25e-01      9.56e-04    1.41e-03      6.51e-02    9.34e-02    7.6e-07
  74900      3.05e-02    3.27e-02      1.76e-04    4.05e-05      2.29e-02    2.46e-02    7.6e-07
  75000      9.83e-02    1.41e-01      1.47e-03    8.42e-04      8.09e-02    1.17e-01    4.6e-07
  75100      1.09e-01    8.48e-02      1.15e-03    9.82e-06      8.97e-02    7.03e-02    4.6e-07
  75200      3.34e-02    1.08e-01      6.89e-05    5.51e-06      2.77e-02    8.94e-02    4.6e-07
  75300      7.34e-02    6.99e-02      5.23e-04    4.23e-04      6.08e-02    5.79e-02    4.6e-07
  75400      8.00e-02    5.66e-02      8.20e-04    1.04e-03      6.61e-02    4.64e-02    4.6e-07
  75500      1.12e-01    2.83e-02      1.96e-03    1.25e-04      9.21e-02    2.34e-02    4.6e-07
  75600      1.30e-01    3.33e-02      5.14e-04    5.26e-04      1.07e-01    2.74e-02    4.6e-07
  75700      8.03e-02    1.26e-01      6.77e-05    1.87e-03      6.65e-02    1.04e-01    4.6e-07
  75800      6.89e-02    6.92e-02      3.10e-04    2.56e-04      5.71e-02    5.73e-02    4.6e-07
  75900      4.25e-02    6.44e-02      1.27e-03    4.47e-04      3.42e-02    5.33e-02    4.6e-07
  76000      1.37e-01    2.48e-02      3.70e-03    6.01e-04      1.11e-01    2.01e-02    4.6e-07
  76100      5.37e-02    3.35e-02      3.20e-04    2.92e-04      4.45e-02    2.77e-02    4.6e-07
  76200      1.02e-01    4.51e-02      1.93e-03    4.53e-04      8.37e-02    3.73e-02    4.6e-07
  76300      9.22e-02    2.77e-02      2.77e-04    5.97e-04      7.64e-02    2.26e-02    4.6e-07
  76400      4.09e-02    4.55e-02      3.29e-04    9.95e-04      3.38e-02    3.71e-02    4.6e-07
  76500      1.05e-01    3.73e-02      2.02e-03    1.59e-04      8.63e-02    3.09e-02    4.6e-07
  76600      1.25e-01    4.65e-02      2.95e-03    3.97e-04      1.01e-01    3.84e-02    4.6e-07
  76700      1.23e-01    5.24e-02      1.18e-04    4.50e-04      1.02e-01    4.33e-02    4.6e-07
  76800      1.17e-01    6.30e-02      1.36e-03    1.52e-04      9.66e-02    5.22e-02    4.6e-07
  76900      6.71e-02    4.34e-02      1.16e-03    1.37e-04      5.51e-02    3.60e-02    4.6e-07
  77000      4.62e-02    4.66e-02      7.41e-04    3.59e-04      3.79e-02    3.86e-02    4.6e-07
  77100      5.60e-02    7.86e-02      2.23e-04    2.39e-04      4.64e-02    6.51e-02    4.6e-07
  77200      2.71e-02    2.89e-02      1.12e-03    1.27e-03      2.12e-02    2.24e-02    4.6e-07
  77300      8.75e-02    4.74e-02      1.86e-03    2.87e-04      7.15e-02    3.92e-02    4.6e-07
  77400      2.86e-02    1.04e-01      9.51e-04    9.73e-04      2.29e-02    8.61e-02    4.6e-07
  77500      7.05e-02    2.98e-02      6.93e-04    2.38e-04      5.82e-02    2.47e-02    4.6e-07
  77600      6.52e-02    1.34e-01      8.31e-04    9.89e-04      5.38e-02    1.11e-01    4.6e-07
  77700      1.12e-02    7.20e-02      9.84e-05    3.20e-04      9.24e-03    5.96e-02    4.6e-07
  77800      1.56e-02    3.73e-02      6.34e-05    2.83e-04      1.29e-02    3.09e-02    4.6e-07
  77900      1.25e-01    4.00e-02      6.03e-04    1.04e-03      1.03e-01    3.24e-02    4.6e-07
  78000      4.40e-02    4.78e-02      8.59e-04    7.67e-05      3.60e-02    3.97e-02    4.6e-07
  78100      6.87e-02    6.70e-02      1.22e-03    1.24e-03      5.64e-02    5.49e-02    4.6e-07
  78200      1.47e-01    1.33e-01      8.88e-04    1.82e-03      1.22e-01    1.10e-01    4.6e-07
  78300      6.15e-02    1.14e-01      2.31e-04    1.33e-03      5.09e-02    9.38e-02    4.6e-07
  78400      5.04e-02    1.09e-01      2.96e-04    2.35e-03      4.18e-02    8.88e-02    4.6e-07
  78500      1.99e-02    3.32e-02      6.84e-04    8.93e-04      1.59e-02    2.69e-02    4.6e-07
  78600      1.15e-01    4.13e-02      1.81e-03    1.26e-03      9.47e-02    3.32e-02    4.6e-07
  78700      9.34e-02    1.43e-01      1.78e-03    1.67e-04      7.65e-02    1.19e-01    4.6e-07
  78800      9.57e-02    4.63e-02      2.52e-03    4.60e-04      7.76e-02    3.83e-02    4.6e-07
  78900      3.32e-02    1.25e-01      6.75e-04    6.59e-04      2.72e-02    1.03e-01    4.6e-07
  79000      1.31e-01    5.15e-02      3.01e-03    1.80e-03      1.07e-01    4.10e-02    4.6e-07
  79100      5.07e-02    2.96e-02      2.98e-04    6.36e-05      4.20e-02    2.45e-02    4.6e-07
  79200      3.36e-02    1.36e-01      2.28e-04    1.05e-03      2.78e-02    1.13e-01    4.6e-07
  79300      4.30e-02    6.49e-02      2.50e-04    4.05e-04      3.56e-02    5.38e-02    4.6e-07
  79400      1.05e-01    5.56e-02      1.30e-03    1.88e-05      8.62e-02    4.61e-02    4.6e-07
  79500      6.19e-02    1.58e-02      7.56e-04    7.69e-04      5.11e-02    1.20e-02    4.6e-07
  79600      8.35e-02    4.60e-02      7.73e-05    3.34e-04      6.92e-02    3.81e-02    4.6e-07
  79700      7.15e-02    4.74e-02      1.46e-03    6.61e-04      5.84e-02    3.91e-02    4.6e-07
  79800      6.25e-02    8.32e-02      2.47e-04    1.24e-03      5.18e-02    6.85e-02    4.6e-07
  79900      5.12e-02    3.02e-02      5.30e-04    3.27e-04      4.23e-02    2.49e-02    4.6e-07
  80000      1.14e-01    1.22e-01      1.75e-03    1.47e-03      1.00e-01    1.08e-01    2.7e-07
  80100      2.96e-02    1.28e-02      3.06e-04    2.49e-04      2.61e-02    1.12e-02    2.7e-07
  80200      2.10e-02    5.97e-02      7.57e-05    3.76e-05      1.86e-02    5.29e-02    2.7e-07
  80300      8.77e-02    7.54e-02      1.48e-03    6.69e-04      7.71e-02    6.67e-02    2.7e-07
  80400      2.34e-02    2.84e-02      2.94e-04    2.06e-04      2.06e-02    2.51e-02    2.7e-07
  80500      1.18e-01    4.33e-02      8.54e-04    3.53e-04      1.05e-01    3.83e-02    2.7e-07
  80600      3.35e-02    8.41e-02      4.25e-04    5.59e-04      2.95e-02    7.44e-02    2.7e-07
  80700      1.09e-01    6.59e-02      1.31e-04    8.76e-04      9.68e-02    5.81e-02    2.7e-07
  80800      4.24e-02    1.17e-01      8.01e-04    1.25e-04      3.72e-02    1.04e-01    2.7e-07
  80900      8.73e-02    4.84e-02      5.74e-04    4.39e-04      7.73e-02    4.28e-02    2.7e-07
  81000      4.07e-02    9.59e-02      7.25e-04    4.07e-04      3.57e-02    8.50e-02    2.7e-07
  81100      9.45e-02    3.57e-02      4.71e-04    9.24e-04      8.37e-02    3.09e-02    2.7e-07
  81200      6.38e-02    8.78e-02      3.05e-04    1.24e-04      5.65e-02    7.78e-02    2.7e-07
  81300      1.53e-01    8.54e-02      6.61e-04    1.77e-03      1.35e-01    7.46e-02    2.7e-07
  81400      1.04e-01    4.52e-02      2.78e-03    8.73e-04      9.03e-02    3.96e-02    2.7e-07
  81500      1.42e-01    3.10e-02      1.79e-03    7.38e-05      1.25e-01    2.74e-02    2.7e-07
  81600      2.24e-02    1.55e-02      4.82e-04    3.74e-04      1.95e-02    1.35e-02    2.7e-07
  81700      4.14e-02    2.35e-02      4.47e-04    3.48e-04      3.65e-02    2.07e-02    2.7e-07
  81800      3.80e-02    3.41e-02      4.05e-04    5.04e-04      3.35e-02    3.00e-02    2.7e-07
  81900      2.90e-02    9.09e-02      7.05e-04    1.93e-03      2.52e-02    7.94e-02    2.7e-07
  82000      6.25e-02    1.14e-01      4.47e-04    1.16e-03      5.54e-02    1.01e-01    2.7e-07
  82100      2.72e-02    6.29e-02      5.24e-04    1.83e-06      2.38e-02    5.57e-02    2.7e-07
  82200      5.50e-02    2.66e-02      1.14e-05    9.30e-04      4.87e-02    2.26e-02    2.7e-07
  82300      1.03e-01    7.21e-02      2.43e-04    5.47e-05      9.11e-02    6.39e-02    2.7e-07
  82400      7.76e-02    5.68e-02      8.00e-04    3.41e-04      6.86e-02    5.03e-02    2.7e-07
  82500      1.08e-01    2.52e-02      1.89e-04    1.91e-04      9.59e-02    2.23e-02    2.7e-07
  82600      8.63e-02    1.88e-02      5.52e-05    3.32e-04      7.65e-02    1.65e-02    2.7e-07
  82700      3.40e-02    4.28e-02      9.08e-05    2.43e-04      3.01e-02    3.79e-02    2.7e-07
  82800      3.94e-02    6.55e-02      4.77e-04    4.74e-04      3.48e-02    5.79e-02    2.7e-07
  82900      8.76e-02    8.41e-02      1.53e-03    1.58e-03      7.69e-02    7.37e-02    2.7e-07
  83000      8.42e-03    2.88e-02      5.18e-06    5.39e-04      7.47e-03    2.53e-02    2.7e-07
  83100      3.63e-02    9.11e-02      9.15e-04    6.59e-04      3.15e-02    8.06e-02    2.7e-07
  83200      2.87e-02    9.28e-02      9.00e-04    2.35e-03      2.47e-02    8.06e-02    2.7e-07
  83300      3.14e-02    6.81e-02      9.20e-04    5.00e-04      2.70e-02    6.03e-02    2.7e-07
  83400      8.29e-02    6.60e-02      7.57e-04    1.02e-03      7.33e-02    5.80e-02    2.7e-07
  83500      4.00e-02    4.14e-02      1.30e-03    6.38e-04      3.42e-02    3.64e-02    2.7e-07
  83600      8.13e-02    9.39e-02      4.94e-04    9.04e-04      7.20e-02    8.30e-02    2.7e-07
  83700      3.15e-02    8.95e-02      8.90e-04    1.46e-03      2.72e-02    7.86e-02    2.7e-07
  83800      9.88e-02    7.65e-02      2.91e-04    7.83e-04      8.76e-02    6.76e-02    2.7e-07
  83900      6.01e-02    5.88e-02      2.53e-04    5.77e-04      5.32e-02    5.20e-02    2.7e-07
  84000      9.43e-02    2.32e-02      3.47e-04    1.02e-04      8.36e-02    2.05e-02    2.7e-07
  84100      6.33e-02    3.51e-02      9.44e-04    8.16e-05      5.57e-02    3.11e-02    2.7e-07
  84200      6.25e-02    7.98e-02      1.11e-03    2.82e-04      5.48e-02    7.07e-02    2.7e-07
  84300      9.13e-02    3.85e-02      1.15e-03    5.55e-04      8.05e-02    3.39e-02    2.7e-07
  84400      8.28e-02    6.12e-02      1.55e-04    5.21e-04      7.34e-02    5.41e-02    2.7e-07
  84500      3.87e-02    3.05e-02      2.29e-04    2.63e-05      3.42e-02    2.71e-02    2.7e-07
  84600      7.36e-02    1.21e-01      1.22e-03    6.53e-04      6.47e-02    1.08e-01    2.7e-07
  84700      7.95e-02    1.07e-01      7.22e-04    2.39e-03      7.02e-02    9.36e-02    2.7e-07
  84800      1.25e-01    4.31e-02      3.87e-04    1.21e-04      1.11e-01    3.82e-02    2.7e-07
  84900      1.90e-02    2.51e-02      1.28e-04    1.11e-04      1.68e-02    2.22e-02    2.7e-07
  85000      4.54e-02    2.52e-02      1.04e-03    5.56e-05      4.14e-02    2.34e-02    1.6e-07
  85100      1.30e-02    2.54e-02      2.19e-04    1.29e-04      1.19e-02    2.35e-02    1.6e-07
  85200      2.86e-02    7.98e-02      1.87e-04    6.88e-05      2.65e-02    7.39e-02    1.6e-07
  85300      4.77e-02    1.32e-01      1.72e-04    2.01e-03      4.42e-02    1.21e-01    1.6e-07
  85400      7.42e-02    1.26e-01      2.02e-03    2.36e-03      6.71e-02    1.16e-01    1.6e-07
  85500      4.90e-02    9.57e-03      8.12e-04    2.28e-04      4.50e-02    8.71e-03    1.6e-07
  85600      4.97e-02    1.12e-01      1.97e-03    6.03e-04      4.37e-02    1.04e-01    1.6e-07
  85700      8.39e-02    9.75e-02      4.56e-04    1.33e-03      7.77e-02    8.98e-02    1.6e-07
  85800      5.62e-02    3.62e-02      7.04e-04    5.10e-05      5.19e-02    3.35e-02    1.6e-07
  85900      4.29e-02    1.08e-01      6.48e-04    1.72e-03      3.95e-02    9.91e-02    1.6e-07
  86000      3.05e-02    1.62e-02      1.09e-03    7.52e-04      2.71e-02    1.40e-02    1.6e-07
  86100      1.20e-01    1.09e-01      3.33e-03    1.61e-03      1.08e-01    1.00e-01    1.6e-07
  86200      1.01e-01    3.98e-02      1.70e-03    7.09e-04      9.25e-02    3.65e-02    1.6e-07
  86300      6.80e-02    1.40e-01      5.89e-04    2.45e-03      6.29e-02    1.29e-01    1.6e-07
  86400      2.62e-02    2.43e-02      1.95e-04    1.41e-04      2.43e-02    2.25e-02    1.6e-07
  86500      1.33e-02    9.25e-02      4.13e-04    7.72e-04      1.19e-02    8.56e-02    1.6e-07
  86600      4.17e-02    5.15e-02      6.24e-04    4.46e-04      3.84e-02    4.76e-02    1.6e-07
  86700      9.78e-02    5.55e-02      1.55e-03    1.17e-04      8.99e-02    5.15e-02    1.6e-07
  86800      7.40e-02    7.71e-02      6.30e-04    1.64e-03      6.84e-02    7.04e-02    1.6e-07
  86900      1.15e-01    3.03e-02      4.88e-04    6.89e-04      1.07e-01    2.76e-02    1.6e-07
  87000      8.70e-02    2.75e-02      1.87e-04    2.47e-04      8.07e-02    2.54e-02    1.6e-07
  87100      1.02e-01    2.68e-02      6.93e-04    7.16e-04      9.46e-02    2.42e-02    1.6e-07
  87200      1.55e-02    1.03e-01      2.93e-04    1.05e-03      1.42e-02    9.55e-02    1.6e-07
  87300      1.47e-01    4.01e-02      3.00e-03    8.07e-04      1.35e-01    3.67e-02    1.6e-07
  87400      3.71e-02    7.03e-02      1.39e-05    1.25e-04      3.44e-02    6.52e-02    1.6e-07
  87500      4.28e-02    6.39e-02      1.37e-05    6.81e-04      3.97e-02    5.90e-02    1.6e-07
  87600      4.08e-02    7.96e-02      8.34e-04    1.21e-04      3.73e-02    7.38e-02    1.6e-07
  87700      1.09e-01    2.80e-02      1.62e-03    3.06e-04      1.01e-01    2.58e-02    1.6e-07
  87800      9.01e-02    4.36e-02      1.23e-03    4.68e-04      8.31e-02    4.02e-02    1.6e-07
  87900      3.65e-02    6.04e-02      1.36e-03    1.02e-03      3.23e-02    5.55e-02    1.6e-07
  88000      4.38e-02    3.75e-02      7.74e-05    7.98e-04      4.06e-02    3.43e-02    1.6e-07
  88100      5.49e-02    4.97e-02      3.56e-05    6.10e-04      5.09e-02    4.59e-02    1.6e-07
  88200      1.32e-01    9.38e-02      2.03e-03    6.94e-04      1.21e-01    8.68e-02    1.6e-07
  88300      1.41e-02    4.87e-02      7.11e-04    9.39e-04      1.20e-02    4.46e-02    1.6e-07
  88400      1.66e-02    7.02e-02      6.91e-04    9.63e-04      1.45e-02    6.47e-02    1.6e-07
  88500      2.44e-02    3.54e-02      5.39e-04    1.15e-03      2.23e-02    3.17e-02    1.6e-07
  88600      1.72e-02    4.98e-02      2.53e-04    1.46e-03      1.58e-02    4.48e-02    1.6e-07
  88700      1.16e-01    1.24e-01      1.79e-03    2.68e-03      1.07e-01    1.13e-01    1.6e-07
  88800      2.93e-02    7.64e-02      4.57e-04    5.88e-04      2.70e-02    7.07e-02    1.6e-07
  88900      3.93e-03    3.77e-02      1.94e-04    1.87e-04      3.35e-03    3.49e-02    1.6e-07
  89000      3.45e-02    6.93e-02      2.47e-04    8.36e-04      3.20e-02    6.39e-02    1.6e-07
  89100      3.17e-02    3.97e-02      1.04e-04    1.39e-04      2.94e-02    3.68e-02    1.6e-07
  89200      3.66e-02    1.03e-01      4.00e-04    4.45e-04      3.38e-02    9.53e-02    1.6e-07
  89300      4.62e-02    4.69e-02      1.04e-03    1.00e-03      4.21e-02    4.28e-02    1.6e-07
  89400      7.71e-02    3.00e-02      9.88e-04    1.28e-04      7.11e-02    2.78e-02    1.6e-07
  89500      6.52e-02    2.93e-02      2.77e-04    1.97e-04      6.04e-02    2.71e-02    1.6e-07
  89600      5.47e-02    4.62e-02      1.83e-03    3.38e-04      4.88e-02    4.28e-02    1.6e-07
  89700      3.25e-02    4.10e-02      8.78e-04    2.00e-04      2.94e-02    3.80e-02    1.6e-07
  89800      2.58e-02    2.99e-02      2.78e-04    1.22e-04      2.38e-02    2.77e-02    1.6e-07
  89900      1.72e-01    4.01e-02      2.95e-03    8.40e-04      1.58e-01    3.66e-02    1.6e-07
  90000      5.01e-02    7.30e-02      2.24e-05    1.11e-03      4.78e-02    6.91e-02    9.8e-08
  90100      4.90e-02    7.74e-02      2.67e-04    9.18e-04      4.67e-02    7.36e-02    9.8e-08
  90200      3.48e-02    4.68e-02      7.52e-04    7.39e-04      3.27e-02    4.43e-02    9.8e-08
  90300      1.18e-01    7.82e-02      5.32e-04    1.99e-03      1.13e-01    7.31e-02    9.8e-08
  90400      2.24e-02    2.25e-02      5.14e-04    3.54e-04      2.10e-02    2.13e-02    9.8e-08
  90500      2.09e-02    9.95e-02      1.31e-05    2.76e-03      2.00e-02    9.26e-02    9.8e-08
  90600      6.58e-02    8.58e-02      2.04e-04    1.31e-03      6.28e-02    8.13e-02    9.8e-08
  90700      2.37e-02    3.12e-02      8.05e-05    3.87e-04      2.26e-02    2.96e-02    9.8e-08
  90800      3.83e-02    8.46e-02      4.55e-04    6.13e-04      3.64e-02    8.06e-02    9.8e-08
  90900      2.47e-02    2.97e-02      3.41e-04    7.87e-04      2.34e-02    2.77e-02    9.8e-08
  91000      5.03e-02    6.01e-02      8.69e-04    3.95e-04      4.76e-02    5.73e-02    9.8e-08
  91100      3.05e-02    4.67e-02      4.10e-04    1.71e-04      2.90e-02    4.45e-02    9.8e-08
  91200      4.02e-02    6.10e-02      3.51e-04    1.06e-04      3.83e-02    5.83e-02    9.8e-08
  91300      1.09e-01    9.24e-02      1.80e-03    1.29e-03      1.03e-01    8.77e-02    9.8e-08
  91400      1.18e-02    2.21e-02      3.68e-04    7.02e-04      1.09e-02    2.04e-02    9.8e-08
  91500      5.90e-02    6.89e-02      6.37e-04    2.40e-04      5.61e-02    6.57e-02    9.8e-08
  91600      3.41e-02    2.68e-02      1.98e-04    4.11e-05      3.25e-02    2.56e-02    9.8e-08
  91700      4.45e-02    2.80e-02      9.78e-04    1.01e-04      4.18e-02    2.67e-02    9.8e-08
  91800      2.54e-02    7.04e-02      5.43e-04    1.89e-04      2.39e-02    6.72e-02    9.8e-08
  91900      9.83e-02    4.72e-02      1.95e-04    9.59e-04      9.38e-02    4.45e-02    9.8e-08
  92000      3.95e-02    1.71e-02      2.09e-04    4.59e-04      3.77e-02    1.60e-02    9.8e-08
  92100      6.04e-02    2.24e-02      4.47e-04    3.02e-04      5.75e-02    2.12e-02    9.8e-08
  92200      6.83e-02    2.21e-02      5.49e-05    2.42e-04      6.52e-02    2.10e-02    9.8e-08
  92300      7.70e-02    5.75e-02      3.73e-04    8.97e-07      7.34e-02    5.48e-02    9.8e-08
  92400      8.49e-02    4.37e-02      7.31e-05    1.26e-03      8.11e-02    4.06e-02    9.8e-08
  92500      7.45e-02    2.75e-02      5.16e-04    8.20e-04      7.10e-02    2.55e-02    9.8e-08
  92600      3.36e-02    1.02e-01      4.18e-05    7.48e-04      3.21e-02    9.70e-02    9.8e-08
  92700      7.38e-02    3.63e-02      9.44e-04    6.32e-04      7.01e-02    3.43e-02    9.8e-08
  92800      7.85e-02    3.52e-02      8.72e-04    1.06e-03      7.46e-02    3.26e-02    9.8e-08
  92900      9.08e-02    4.32e-02      9.88e-04    2.74e-04      8.63e-02    4.12e-02    9.8e-08
  93000      3.69e-02    7.06e-02      1.34e-04    1.19e-03      3.52e-02    6.68e-02    9.8e-08
  93100      1.02e-01    4.30e-02      1.32e-03    2.15e-04      9.66e-02    4.10e-02    9.8e-08
  93200      4.30e-02    2.88e-02      9.96e-04    3.19e-04      4.03e-02    2.74e-02    9.8e-08
  93300      3.89e-02    1.27e-01      1.20e-03    1.51e-03      3.60e-02    1.20e-01    9.8e-08
  93400      6.30e-02    4.09e-02      7.58e-04    2.83e-04      5.98e-02    3.90e-02    9.8e-08
  93500      2.83e-02    1.06e-01      2.39e-04    1.54e-03      2.70e-02    1.00e-01    9.8e-08
  93600      4.23e-02    3.24e-02      3.95e-04    2.97e-04      4.02e-02    3.08e-02    9.8e-08
  93700      5.76e-02    1.05e-01      2.10e-04    3.01e-04      5.50e-02    1.00e-01    9.8e-08
  93800      3.14e-02    3.19e-02      4.33e-04    7.55e-04      2.98e-02    2.99e-02    9.8e-08
  93900      6.33e-02    3.95e-02      9.98e-06    7.03e-04      6.04e-02    3.74e-02    9.8e-08
  94000      6.67e-02    8.24e-02      1.33e-03    8.50e-04      6.28e-02    7.84e-02    9.8e-08
  94100      9.35e-02    4.18e-02      1.57e-04    6.85e-04      8.92e-02    3.96e-02    9.8e-08
  94200      5.84e-02    4.56e-02      2.93e-04    3.47e-04      5.57e-02    4.35e-02    9.8e-08
  94300      4.24e-02    6.42e-02      1.04e-03    8.51e-04      3.97e-02    6.09e-02    9.8e-08
  94400      4.85e-03    9.24e-02      4.99e-04    1.69e-03      2.62e-03    8.72e-02    9.8e-08
  94500      2.19e-02    3.18e-02      4.98e-04    5.33e-04      2.06e-02    3.01e-02    9.8e-08
  94600      1.02e-01    4.28e-02      1.11e-04    1.10e-03      9.73e-02    4.00e-02    9.8e-08
  94700      3.19e-02    3.14e-02      3.75e-04    1.83e-05      3.03e-02    3.00e-02    9.8e-08
  94800      3.67e-02    1.23e-02      1.36e-05    3.42e-04      3.50e-02    1.14e-02    9.8e-08
  94900      7.41e-02    1.01e-01      6.67e-04    8.59e-04      7.06e-02    9.64e-02    9.8e-08
  95000      1.45e-02    3.06e-02      2.61e-04    9.01e-05      1.39e-02    2.97e-02    5.9e-08
  95100      2.71e-02    1.03e-01      2.96e-04    6.19e-04      2.62e-02    1.00e-01    5.9e-08
  95200      2.84e-02    7.55e-03      2.94e-04    1.29e-04      2.75e-02    7.27e-03    5.9e-08
  95300      8.55e-02    9.16e-02      4.90e-05    2.24e-04      8.31e-02    8.90e-02    5.9e-08
  95400      3.33e-02    2.26e-02      4.53e-04    1.20e-05      3.21e-02    2.19e-02    5.9e-08
  95500      5.01e-02    5.14e-02      8.06e-05    4.71e-04      4.87e-02    4.98e-02    5.9e-08
  95600      8.63e-02    5.42e-02      5.90e-04    1.41e-04      8.38e-02    5.26e-02    5.9e-08
  95700      6.00e-02    3.57e-02      1.97e-04    3.64e-04      5.83e-02    3.45e-02    5.9e-08
  95800      6.35e-02    4.16e-02      6.02e-04    4.31e-04      6.16e-02    4.03e-02    5.9e-08
  95900      6.43e-02    6.10e-02      1.37e-04    1.37e-03      6.25e-02    5.83e-02    5.9e-08
  96000      3.27e-02    3.92e-02      4.03e-04    3.42e-04      3.17e-02    3.80e-02    5.9e-08
  96100      6.78e-02    8.15e-02      1.12e-03    6.82e-04      6.54e-02    7.90e-02    5.9e-08
  96200      5.47e-02    2.58e-02      9.97e-04    1.28e-05      5.26e-02    2.51e-02    5.9e-08
  96300      5.11e-02    4.26e-02      9.00e-04    7.69e-04      4.92e-02    4.10e-02    5.9e-08
  96400      3.80e-02    9.46e-02      2.44e-04    1.18e-05      3.69e-02    9.20e-02    5.9e-08
  96500      4.00e-02    4.15e-02      2.44e-04    1.13e-03      3.88e-02    3.94e-02    5.9e-08
  96600      4.67e-02    6.19e-02      8.55e-04    1.23e-03      4.49e-02    5.94e-02    5.9e-08
  96700      2.54e-02    1.01e-01      1.56e-04    6.66e-05      2.46e-02    9.84e-02    5.9e-08
  96800      7.16e-02    1.26e-01      9.80e-05    1.30e-03      6.96e-02    1.22e-01    5.9e-08
  96900      9.08e-02    3.85e-02      5.31e-04    1.02e-03      8.82e-02    3.65e-02    5.9e-08
  97000      7.83e-02    6.30e-02      2.48e-03    9.59e-04      7.36e-02    6.08e-02    5.9e-08
  97100      6.60e-02    1.06e-01      5.11e-04    2.56e-03      6.40e-02    1.01e-01    5.9e-08
  97200      4.42e-02    9.73e-02      5.66e-04    1.36e-03      4.27e-02    9.40e-02    5.9e-08
  97300      2.84e-02    1.44e-02      2.03e-05    2.31e-04      2.76e-02    1.39e-02    5.9e-08
  97400      2.64e-02    7.29e-02      8.72e-04    9.47e-04      2.47e-02    7.05e-02    5.9e-08
  97500      5.89e-02    1.23e-01      8.82e-04    2.57e-03      5.68e-02    1.18e-01    5.9e-08
  97600      9.66e-02    8.18e-02      2.15e-03    4.67e-04      9.24e-02    7.94e-02    5.9e-08
  97700      9.37e-02    4.00e-02      1.30e-03    3.74e-04      9.05e-02    3.88e-02    5.9e-08
  97800      3.88e-02    6.09e-02      1.72e-04    4.20e-04      3.77e-02    5.91e-02    5.9e-08
  97900      3.09e-02    2.63e-02      9.64e-04    5.92e-04      2.90e-02    2.51e-02    5.9e-08
  98000      6.18e-02    4.03e-02      1.25e-04    1.72e-04      6.01e-02    3.92e-02    5.9e-08
  98100      2.50e-02    3.91e-02      1.67e-04    3.67e-04      2.43e-02    3.79e-02    5.9e-08
  98200      6.00e-02    2.85e-02      7.47e-04    2.28e-04      5.80e-02    2.76e-02    5.9e-08
  98300      4.95e-02    6.42e-02      8.57e-04    6.37e-04      4.77e-02    6.22e-02    5.9e-08
  98400      6.05e-02    1.02e-01      5.54e-04    2.54e-03      5.87e-02    9.70e-02    5.9e-08
  98500      1.15e-01    5.78e-02      1.65e-03    1.71e-03      1.11e-01    5.46e-02    5.9e-08
  98600      4.75e-02    6.02e-02      3.44e-04    1.10e-03      4.61e-02    5.78e-02    5.9e-08
  98700      1.15e-01    1.15e-01      2.34e-03    1.21e-03      1.10e-01    1.12e-01    5.9e-08
  98800      1.38e-01    4.86e-02      1.99e-03    4.79e-04      1.33e-01    4.71e-02    5.9e-08
  98900      2.90e-02    4.62e-02      2.20e-04    3.90e-04      2.81e-02    4.48e-02    5.9e-08
  99000      3.47e-02    3.98e-02      7.47e-04    4.72e-04      3.32e-02    3.85e-02    5.9e-08
  99100      2.46e-02    1.02e-01      1.61e-04    5.12e-04      2.39e-02    9.94e-02    5.9e-08
  99200      1.54e-02    8.74e-03      3.67e-04    3.21e-04      1.47e-02    8.12e-03    5.9e-08
  99300      3.05e-02    3.93e-02      4.38e-04    1.86e-04      2.94e-02    3.82e-02    5.9e-08
  99400      6.01e-02    4.25e-02      1.44e-04    4.25e-04      5.84e-02    4.12e-02    5.9e-08
  99500      9.21e-02    7.66e-02      8.05e-04    7.90e-04      8.93e-02    7.42e-02    5.9e-08
  99600      7.77e-02    1.31e-02      5.99e-04    2.55e-04      7.54e-02    1.26e-02    5.9e-08
  99700      1.06e-01    5.18e-02      2.41e-03    7.40e-04      1.01e-01    5.00e-02    5.9e-08
  99800      3.34e-02    2.47e-02      4.78e-04    5.67e-06      3.22e-02    2.40e-02    5.9e-08
  99900      2.47e-02    1.16e-01      4.56e-04    4.03e-03      2.38e-02    1.08e-01    5.9e-08
 100000      1.25e-02    5.14e-02      2.62e-04    2.07e-05      1.21e-02    5.05e-02    3.5e-08
