# ..\test_data: data_e pred_e
-5.632659591599999658e+02 -5.632665947933414827e+02
-5.632162619299999733e+02 -5.632164426640258625e+02
-5.631969073699999626e+02 -5.631969627026805938e+02
-5.630813230799999474e+02 -5.630805939163872154e+02
-5.630742835400000104e+02 -5.630736747401655293e+02
-5.630708622800000285e+02 -5.630685141122232835e+02
-5.629843433400000094e+02 -5.629823015150665242e+02
-5.629192676799999617e+02 -5.629172124140338838e+02
-5.629177706499999658e+02 -5.629155235022042234e+02
-5.629279797799999869e+02 -5.629254672662874555e+02
-5.628816280999999435e+02 -5.628784732516653548e+02
-5.628593514799999866e+02 -5.628558601122608707e+02
-5.628466380200000003e+02 -5.628429968568641470e+02
-5.628389438000000382e+02 -5.628347377523391515e+02
-5.628639533799999981e+02 -5.628603713668605906e+02
-5.628022608500000388e+02 -5.627999452609547006e+02
-5.627748536200000444e+02 -5.627673258473494116e+02
-5.627572343000000501e+02 -5.627490971106084316e+02
-5.626688640400000168e+02 -5.626596316730832541e+02
-5.626555626800000027e+02 -5.626462869882149107e+02
-5.625369734700000208e+02 -5.625268361070234278e+02
-5.626975500700000339e+02 -5.626901982706001490e+02
-5.626657097199999953e+02 -5.626575898879480064e+02
-5.626284010900000112e+02 -5.626201671650052276e+02
-5.625578456599999981e+02 -5.625479753079529246e+02
-5.625431614399999489e+02 -5.625387384309613026e+02
-5.624917229000000134e+02 -5.624881568125115336e+02
-5.624194936300000336e+02 -5.624114529695575584e+02
-5.623640758599999572e+02 -5.623564693360797264e+02
-5.623391073899999810e+02 -5.623301688897863642e+02
-5.621681280300000481e+02 -5.621609184003534665e+02
-5.622339216499999566e+02 -5.622196555829891622e+02
-5.622307335199999443e+02 -5.622153222253045897e+02
-5.622424205199999960e+02 -5.622257085085250310e+02
-5.621536098599999605e+02 -5.621354707749196677e+02
-5.621704765199999656e+02 -5.621588259402308267e+02
-5.620179287199999862e+02 -5.620102380806579276e+02
-5.615436603699999978e+02 -5.615348802772873569e+02
-5.619179036299999552e+02 -5.619083819303348264e+02
-5.615504189399999859e+02 -5.615353654435106137e+02
-5.615613408100000470e+02 -5.615472187859677433e+02
-5.616043732299999647e+02 -5.615905599456328900e+02
-5.618969532300000083e+02 -5.618845247548413226e+02
-5.618294158300000163e+02 -5.618148974222090146e+02
-5.617662968600000113e+02 -5.617512920393180593e+02
-5.619113578599999528e+02 -5.618962752823629216e+02
-5.619869058100000530e+02 -5.619734283861550921e+02
-5.616697023100000479e+02 -5.616540825442534697e+02
-5.616262595099999544e+02 -5.616043152371187261e+02
-5.614333392300000014e+02 -5.614096233523271167e+02
-5.614886012099999562e+02 -5.614648951302385740e+02
-5.616217383299999710e+02 -5.615989582450964690e+02
-5.616420901499999445e+02 -5.616233144112466107e+02
-5.614419885099999874e+02 -5.614230815734051703e+02
-5.612853224499999669e+02 -5.612685161371813365e+02
-5.612550715400000172e+02 -5.612401036911692245e+02
-5.611851040499999499e+02 -5.611875153486547561e+02
-5.612998903599999494e+02 -5.612898399399600748e+02
-5.613518040899999733e+02 -5.613573786269295169e+02
-5.615055285500000082e+02 -5.615039996090558816e+02
-5.613083004600000550e+02 -5.613022364788967025e+02
-5.612255337000000281e+02 -5.612170105590928415e+02
-5.608153627399999550e+02 -5.608058269993259728e+02
-5.610223389999999881e+02 -5.610106051105051392e+02
-5.611826008399999637e+02 -5.611696915715812111e+02
-5.610587635299999647e+02 -5.610468919617471784e+02
-5.609001447199999575e+02 -5.608875188426943623e+02
-5.610201673799999753e+02 -5.610068151094651512e+02
-5.610647248999999874e+02 -5.610170316756766624e+02
-5.610101133499999833e+02 -5.609566707975509416e+02
-5.609314110000000255e+02 -5.608775146423134856e+02
-5.608875329999999622e+02 -5.608569088815056602e+02
-5.608807191800000282e+02 -5.608585949293351405e+02
-5.616184348299999556e+02 -5.616042809414916519e+02
-5.620764423000000534e+02 -5.620608383940671047e+02
-5.623117422799999758e+02 -5.622934738216126789e+02
-5.628771081400000185e+02 -5.628554459674566033e+02
-5.629582779400000163e+02 -5.629377006135180181e+02
-5.629658378699999730e+02 -5.629455141003440986e+02
-5.629276121499999590e+02 -5.629099961808963144e+02
-5.629003223700000262e+02 -5.628838718702439792e+02
-5.628498524300000554e+02 -5.628322482910830331e+02
-5.628180194499999516e+02 -5.628002984845273886e+02
-5.627449744100000544e+02 -5.627307938579008351e+02
-5.627469588300000396e+02 -5.627330400938368484e+02
-5.627699056500000552e+02 -5.627554082661195025e+02
-5.626797071600000208e+02 -5.626661568418512616e+02
-5.627096459699999969e+02 -5.626986150548980277e+02
-5.625400871499999766e+02 -5.625366298508206455e+02
-5.624475165200000220e+02 -5.624422509106096868e+02
-5.625817346799999541e+02 -5.625755205324269355e+02
-5.624799212100000432e+02 -5.624745010032631853e+02
-5.624251963399999568e+02 -5.624195933838248038e+02
-5.624164323999999624e+02 -5.624062632954091896e+02
-5.623592387700000472e+02 -5.623444845577623710e+02
-5.623217107699999815e+02 -5.623122225158065248e+02
-5.623969915000000128e+02 -5.623870654814560339e+02
-5.623695381400000315e+02 -5.623587709898855564e+02
-5.619774619700000358e+02 -5.619679089157634735e+02
-5.620538470200000347e+02 -5.620486482188475748e+02
-5.620380405600000131e+02 -5.620310461130382009e+02
-5.620386991999999964e+02 -5.620302021096426870e+02
-5.620276370399999450e+02 -5.620224483153101573e+02
-5.621094694900000377e+02 -5.621009732925360822e+02
-5.620722121000000016e+02 -5.620623314993902113e+02
-5.620604263799999671e+02 -5.620450356685109909e+02
-5.620858444599999757e+02 -5.620691599660949578e+02
-5.619250462500000367e+02 -5.618953467985911630e+02
-5.616788839299999836e+02 -5.616640070713483510e+02
-5.616875606400000152e+02 -5.616736581524428402e+02
-5.613768608799999811e+02 -5.613547916269612870e+02
-5.615490959200000134e+02 -5.615273245535553315e+02
-5.615345105500000500e+02 -5.615184750796695425e+02
-5.615508781199999930e+02 -5.615357298554199588e+02
-5.615106832699999586e+02 -5.615057673139707504e+02
-5.614663517799999681e+02 -5.614620986408339149e+02
-5.612190662799999927e+02 -5.612107620615486212e+02
-5.612289898100000300e+02 -5.612186224441372815e+02
-5.613204441399999496e+02 -5.613090236205607653e+02
-5.614991476000000148e+02 -5.614857008949139754e+02
-5.614699150699999564e+02 -5.614540037391868736e+02
-5.613632702300000119e+02 -5.613528513977662442e+02
-5.611279156900000089e+02 -5.611316685681690615e+02
-5.612321235900000147e+02 -5.612382534917314842e+02
-5.612851290700000391e+02 -5.612932318685279824e+02
-5.613865812100000312e+02 -5.613959912508807975e+02
-5.609776770099999794e+02 -5.609635473457529997e+02
-5.610114607000000433e+02 -5.609980757573100618e+02
-5.614279711299999462e+02 -5.614140766438106311e+02
-5.610498800100000381e+02 -5.610342355368935614e+02
-5.608934580400000414e+02 -5.608716098380173207e+02
-5.608365534399999888e+02 -5.608144398711943950e+02
-5.608294316000000208e+02 -5.608023445407062582e+02
-5.608817573300000277e+02 -5.608496528785549344e+02
-5.608337803099999519e+02 -5.607981486558765027e+02
-5.607260052499999574e+02 -5.606789272648430824e+02
-5.607182678100000430e+02 -5.606735814781497993e+02
-5.605886125700000093e+02 -5.605429269008508300e+02
-5.606393907499999614e+02 -5.606090442326703851e+02
-5.605847167599999921e+02 -5.605542981367865423e+02
-5.604585151799999494e+02 -5.604323632254048562e+02
-5.606197694200000115e+02 -5.605899543644077312e+02
-5.605976708700000017e+02 -5.605501436524837118e+02
-5.607157697400000416e+02 -5.606647479171863324e+02
-5.601967391499999849e+02 -5.601740252282411348e+02
-5.604109459999999672e+02 -5.603893768653827010e+02
-5.612651621400000295e+02 -5.612297071802263417e+02
-5.608524050400000078e+02 -5.608184760508918316e+02
-5.608088567099999864e+02 -5.607747562456993364e+02
-5.607498301499999798e+02 -5.607203103753188316e+02
-5.604489769000000479e+02 -5.604261755346162772e+02
-5.605570568499999808e+02 -5.605386808359878614e+02
-5.612690993200000094e+02 -5.612410164656357665e+02
-5.610298215000000255e+02 -5.610039358924288990e+02
-5.607081197700000530e+02 -5.606847221989621630e+02
-5.610366599499999438e+02 -5.610138161593763471e+02
-5.605621658500000422e+02 -5.605364744675806605e+02
-5.611147819999999911e+02 -5.610936742902264314e+02
-5.612818732800000134e+02 -5.612677410928893096e+02
-5.606046350300000540e+02 -5.605822899862806707e+02
-5.604943252000000484e+02 -5.604476534012968614e+02
-5.604807247100000041e+02 -5.604679016597081045e+02
-5.612826226099999758e+02 -5.612587884132573208e+02
-5.608929176899999902e+02 -5.608647720186500010e+02
-5.605024003300000004e+02 -5.604793599539264051e+02
-5.610485003899999583e+02 -5.610273589216097889e+02
-5.613043625499999507e+02 -5.612742728396065104e+02
-5.612700349299999516e+02 -5.612416708604441737e+02
-5.612752438200000142e+02 -5.612498993262126987e+02
-5.610987321400000383e+02 -5.610778853488300228e+02
-5.608743825200000401e+02 -5.608577274097181089e+02
-5.606264498599999797e+02 -5.606061874669635472e+02
-5.605954067200000281e+02 -5.605689321994827878e+02
-5.606684892299999774e+02 -5.606231241363791469e+02
-5.602554020300000275e+02 -5.602254711980581305e+02
-5.605310263699999496e+02 -5.604921659304762898e+02
-5.603854644599999801e+02 -5.603548119916663381e+02
-5.604811923800000386e+02 -5.604376512510262955e+02
-5.606904534100000319e+02 -5.606750283024862256e+02
-5.602389418699999624e+02 -5.602150122149657818e+02
-5.605560452299999952e+02 -5.605489158677205523e+02
-5.606567163700000265e+02 -5.606469475667215647e+02
-5.606675585100000490e+02 -5.606583064998555983e+02
-5.607252322900000081e+02 -5.607024523889584771e+02
-5.605826828399999613e+02 -5.605601257119783440e+02
-5.605828031500000179e+02 -5.605441379654582761e+02
-5.608402536600000303e+02 -5.608327411427632114e+02
-5.611634438600000294e+02 -5.611622418730665913e+02
-5.614042766699999447e+02 -5.614006761484606614e+02
-5.607832957499999793e+02 -5.607626079935752159e+02
-5.609693554200000563e+02 -5.609647455111662566e+02
-5.610939563599999929e+02 -5.610825917667764315e+02
-5.608270824700000503e+02 -5.608139435917616993e+02
-5.608436240400000088e+02 -5.608343171490178065e+02
-5.609769691699999612e+02 -5.609731137156667273e+02
-5.609936867400000438e+02 -5.609886302321674520e+02
-5.610508948200000532e+02 -5.610491120956339728e+02
-5.609438999599999534e+02 -5.609423976840851083e+02
-5.610348608299999569e+02 -5.610258478698654017e+02
-5.606369045300000380e+02 -5.606214463365398615e+02
-5.606013526699999829e+02 -5.605859686230731995e+02
-5.606913788800000020e+02 -5.606738234435279082e+02
-5.608082117500000550e+02 -5.607897156299059134e+02
-5.611657834200000252e+02 -5.611556121192268165e+02
-5.606700401399999691e+02 -5.606615280851845000e+02
-5.608397027400000070e+02 -5.608306230792093174e+02
-5.609962139399999614e+02 -5.609863019194715434e+02
-5.606184459999999490e+02 -5.606187764229459845e+02
-5.605135458299999982e+02 -5.605157037339722592e+02
-5.606111874900000203e+02 -5.606113653663649075e+02
-5.611074921199999608e+02 -5.611050591392125853e+02
-5.608782104800000070e+02 -5.608690799434547216e+02
-5.613545707399999856e+02 -5.613501239942423808e+02
-5.611583464000000276e+02 -5.611631486632588803e+02
-5.612255612400000473e+02 -5.612270747743825723e+02
-5.606840022699999508e+02 -5.606695839528351826e+02
-5.609026082699999733e+02 -5.608804228730128898e+02
-5.609990652999999838e+02 -5.609926663324886249e+02
-5.607732114100000445e+02 -5.607732561531693136e+02
-5.607048948299999438e+02 -5.607036066191818691e+02
-5.608252618499999471e+02 -5.608291455682103788e+02
-5.611752009900000076e+02 -5.611679415583107584e+02
-5.609712444199999481e+02 -5.609615454716004024e+02
-5.608495565599999964e+02 -5.608431721905942595e+02
-5.607578268800000387e+02 -5.607446623060113780e+02
-5.606826675800000430e+02 -5.606578655827649982e+02
-5.607040212000000565e+02 -5.606791003997184362e+02
-5.608216165400000364e+02 -5.607998531423468194e+02
-5.607663042799999857e+02 -5.607450893179202467e+02
-5.613416041000000405e+02 -5.613119143343269570e+02
-5.614271139500000345e+02 -5.613977982169227516e+02
-5.605727504999999837e+02 -5.605421035403095402e+02
-5.608821784399999615e+02 -5.608576427488031868e+02
-5.607846398299999464e+02 -5.607704016799065130e+02
-5.606445482300000549e+02 -5.606344248311584124e+02
-5.609353718099999924e+02 -5.609187665379776035e+02
-5.610678265200000396e+02 -5.610506396551515991e+02
-5.613668062599999757e+02 -5.613585568570611031e+02
-5.613124694000000545e+02 -5.613003381397708154e+02
-5.606898954399999866e+02 -5.606606842073791768e+02
-5.604996453200000133e+02 -5.604893635303084238e+02
-5.603812479299999723e+02 -5.603686228511983245e+02
-5.603910001299999522e+02 -5.603783010199786077e+02
-5.605251321800000142e+02 -5.605096208086085880e+02
-5.608988537400000496e+02 -5.608872746286724578e+02
-5.610372075799999720e+02 -5.610131042031869129e+02
-5.609442976699999690e+02 -5.609252196905044912e+02
-5.607730314699999781e+02 -5.607626716745476187e+02
-5.607858349199999566e+02 -5.607657050479485861e+02
-5.608391545599999972e+02 -5.608149402670215977e+02
-5.607050358300000426e+02 -5.606782083422638152e+02
-5.605453319599999986e+02 -5.605187039756025342e+02
-5.609107240600000068e+02 -5.608869187525732514e+02
-5.609533736199999794e+02 -5.609298294998898200e+02
-5.610078540199999679e+02 -5.609861087703127396e+02
-5.608086636499999713e+02 -5.607906554845819755e+02
-5.606596207899999627e+02 -5.606478912238303565e+02
-5.604840121199999885e+02 -5.604742574196135365e+02
-5.605391732599999841e+02 -5.605324738482090652e+02
-5.607119493300000386e+02 -5.607029858483401767e+02
-5.606593942299999753e+02 -5.606419572496754427e+02
-5.609190966899999466e+02 -5.608882607214272866e+02
-5.608688898699999754e+02 -5.608428311331224450e+02
-5.609131470600000284e+02 -5.608897025574946156e+02
-5.609192180700000563e+02 -5.608985311483193072e+02
-5.605858596699999907e+02 -5.605770996409148665e+02
-5.605339318400000366e+02 -5.605351420705770806e+02
-5.611564783500000431e+02 -5.611628089120698633e+02
-5.609681765899999846e+02 -5.609591782861931506e+02
-5.605685861299999715e+02 -5.605468018150887701e+02
-5.599025095099999589e+02 -5.598768976763641376e+02
-5.598756193399999574e+02 -5.598481629013472229e+02
-5.602834269400000267e+02 -5.602593813927005613e+02
-5.602035303200000271e+02 -5.601855330143941956e+02
-5.599410736500000212e+02 -5.599298715955085299e+02
-5.604681289300000344e+02 -5.604430324982943148e+02
-5.605560627999999497e+02 -5.605330381656912095e+02
-5.604243026000000327e+02 -5.603965155717910420e+02
-5.603024403599999914e+02 -5.602820534250946594e+02
-5.598350450399999545e+02 -5.598106456966709175e+02
-5.601233978300000445e+02 -5.600966931873203976e+02
-5.602134177599999703e+02 -5.601858641331148192e+02
-5.603624215300000060e+02 -5.603316637198056469e+02
-5.603489741700000195e+02 -5.603182066830573831e+02
-5.605700257500000134e+02 -5.605369893360522155e+02
-5.605836778000000322e+02 -5.605484286198366135e+02
-5.604992108999999800e+02 -5.604629742643900272e+02
-5.603998168499999792e+02 -5.603654257700096650e+02
-5.603278583000000026e+02 -5.602974798195831454e+02
-5.602247965400000567e+02 -5.602214741082526643e+02
-5.599417408900000055e+02 -5.599426583661781933e+02
-5.599714350499999682e+02 -5.599727394893791370e+02
-5.603394194300000208e+02 -5.603402439945137985e+02
-5.603751514299999599e+02 -5.603735802646887123e+02
-5.605438773900000342e+02 -5.605307925993528215e+02
-5.603894671199999493e+02 -5.603776211793040147e+02
-5.597792039099999784e+02 -5.597449404225451417e+02
-5.600605020799999920e+02 -5.600434493774744169e+02
-5.596944032400000424e+02 -5.596705187721631773e+02
-5.600065012300000262e+02 -5.599961266285534975e+02
-5.602514938299999585e+02 -5.602435407700126007e+02
-5.593849735999999666e+02 -5.593608647402975294e+02
-5.593587491800000180e+02 -5.593296573139581369e+02
-5.600971456199999920e+02 -5.600675888975059706e+02
-5.596561968600000228e+02 -5.596464330530720872e+02
-5.601233836000000110e+02 -5.601157565037580071e+02
-5.604737357300000440e+02 -5.604629234290123350e+02
-5.599185844300000099e+02 -5.599246093361045951e+02
-5.602383769000000484e+02 -5.602414761181304357e+02
-5.606546105999999554e+02 -5.606474068213959754e+02
-5.605585723799999869e+02 -5.605544088485303291e+02
-5.601826847199999975e+02 -5.601809824210768056e+02
-5.600420869499999981e+02 -5.600307355185046845e+02
-5.600309569900000497e+02 -5.600135760946403707e+02
-5.595687037799999644e+02 -5.595614430675705080e+02
-5.599506032900000037e+02 -5.599293778543517419e+02
-5.592112087299999530e+02 -5.592050649362954573e+02
-5.595291624599999523e+02 -5.595095764195405081e+02
-5.594040227699999832e+02 -5.593790188804662193e+02
-5.589496503799999800e+02 -5.589045696594054107e+02
-5.592386423200000536e+02 -5.591929058697604660e+02
-5.594557524599999851e+02 -5.594093195929140165e+02
-5.596965693600000122e+02 -5.596571736805140063e+02
-5.598385292499999650e+02 -5.598116835808286851e+02
-5.594265278000000308e+02 -5.593836373703701383e+02
-5.597247435699999869e+02 -5.596737171009863232e+02
-5.596688091500000155e+02 -5.596183355454202228e+02
-5.598865527200000543e+02 -5.598492770096249842e+02
-5.601996839800000316e+02 -5.601603296674736612e+02
-5.593946687599999450e+02 -5.593793929211501563e+02
-5.601840608999999631e+02 -5.601661491584189889e+02
-5.589447705300000280e+02 -5.589371162963368533e+02
-5.591293166499999643e+02 -5.591151756454567021e+02
-5.597057568200000333e+02 -5.596887221864883486e+02
-5.600642076699999734e+02 -5.600523946611180008e+02
-5.594212305400000105e+02 -5.594095775334851623e+02
-5.593896041699999842e+02 -5.593755853579611994e+02
-5.595527007399999775e+02 -5.595339614355171989e+02
-5.583059706499999493e+02 -5.582882829240234059e+02
-5.588783496999999443e+02 -5.588770337826122159e+02
-5.577297790799999575e+02 -5.577791506063144880e+02
-5.588909707200000412e+02 -5.589450445385243711e+02
-5.590177603800000270e+02 -5.590133431526708137e+02
-5.589803854799999954e+02 -5.589707036614158824e+02
-5.595655957699999590e+02 -5.595451655719218707e+02
-5.595738118199999462e+02 -5.595177299887534446e+02
-5.586798035299999583e+02 -5.586224711116757362e+02
-5.582290010200000552e+02 -5.581888708773267354e+02
-5.590900429299999814e+02 -5.590570679928617892e+02
-5.589617351599999893e+02 -5.589376256689332649e+02
-5.591048582700000225e+02 -5.590698621636109920e+02
-5.588432003799999848e+02 -5.588120296091021828e+02
-5.587563001900000472e+02 -5.587307658698762225e+02
-5.583854799499999899e+02 -5.583782332550929368e+02
-5.586073066000000154e+02 -5.585918746434881541e+02
-5.583183705599999485e+02 -5.583074299802372025e+02
-5.585033627899999829e+02 -5.584861593720179371e+02
-5.586683003499999813e+02 -5.586230981625858476e+02
-5.585931692100000419e+02 -5.585428451197431059e+02
-5.586494976799999677e+02 -5.585990084879144888e+02
-5.586703776199999538e+02 -5.586563582831395252e+02
-5.586857032699999763e+02 -5.586742760396633685e+02
-5.589906220399999484e+02 -5.589498721995287269e+02
-5.589341084699999556e+02 -5.589048850745075470e+02
-5.592454729199999974e+02 -5.592109751981993213e+02
-5.587494967699999506e+02 -5.587190131979742773e+02
-5.584103322900000421e+02 -5.584199867875879590e+02
-5.587562035099999775e+02 -5.587480907134107611e+02
-5.589780866099999912e+02 -5.589505365339355194e+02
-5.590737974200000053e+02 -5.590488331585688684e+02
-5.589178093599999784e+02 -5.589266078655357433e+02
-5.593190085799999451e+02 -5.593236906844136911e+02
-5.594009661500000448e+02 -5.594062466005316310e+02
-5.594110364800000070e+02 -5.594122940791647807e+02
-5.585405638900000440e+02 -5.585133320717524157e+02
-5.585792123999999603e+02 -5.585666285073648396e+02
-5.592167877900000121e+02 -5.592092015225762225e+02
-5.603992466700000250e+02 -5.603435332381253602e+02
-5.604820109400000092e+02 -5.604426883806140722e+02
-5.604206864599999562e+02 -5.603887603979170535e+02
-5.605940912600000274e+02 -5.605597393877645800e+02
-5.603567467399999487e+02 -5.603110392261498873e+02
-5.603366743000000270e+02 -5.602949021038966748e+02
-5.605798181100000193e+02 -5.605495129814842130e+02
-5.604140758300000016e+02 -5.603951550338642846e+02
-5.605511339500000076e+02 -5.605445269165816171e+02
-5.607643817599999920e+02 -5.607562764881959083e+02
-5.610534102100000382e+02 -5.610409588075269767e+02
-5.605814678199999435e+02 -5.605530767939164889e+02
-5.609483774200000425e+02 -5.609060195758149803e+02
-5.609333804799999825e+02 -5.608913878903199475e+02
-5.608043119599999500e+02 -5.607774034330757331e+02
-5.604975029400000039e+02 -5.604750680868833115e+02
-5.608008270300000504e+02 -5.607724210725787088e+02
-5.608777816100000564e+02 -5.608454494278980746e+02
-5.608421810099999902e+02 -5.608110777020376645e+02
-5.602864776699999538e+02 -5.602672787439639706e+02
-5.600898565700000518e+02 -5.600654386130621560e+02
-5.599381251700000348e+02 -5.599147725406451173e+02
-5.599262294100000190e+02 -5.598794570443752718e+02
-5.598490024300000414e+02 -5.597962602199963840e+02
-5.601021971599999461e+02 -5.600531894031428237e+02
-5.602861340800000107e+02 -5.602356012329837540e+02
-5.605644400200000064e+02 -5.605465510388147550e+02
-5.604307333699999845e+02 -5.604190186278867714e+02
-5.604838491499999691e+02 -5.604595965784291138e+02
-5.606871696399999792e+02 -5.606451223321441830e+02
-5.607146151099999543e+02 -5.606716093831236094e+02
-5.606759307600000284e+02 -5.606336945191764016e+02
-5.606070827900000495e+02 -5.605674323596881550e+02
-5.608759455299999672e+02 -5.608637095369206236e+02
-5.608563258799999858e+02 -5.608423324980122970e+02
-5.607652945700000373e+02 -5.607468320063444480e+02
-5.600538385900000549e+02 -5.600266546235139913e+02
-5.603933779100000265e+02 -5.603720607299148924e+02
-5.605146444800000154e+02 -5.604971757874770901e+02
-5.605149087600000257e+02 -5.605075763838206058e+02
-5.604017411300000049e+02 -5.603990220711482380e+02
-5.603678315700000212e+02 -5.603665331015979518e+02
-5.601558120400000007e+02 -5.601546669039830704e+02
-5.600979782399999749e+02 -5.600919425046935203e+02
-5.599437763500000074e+02 -5.599310152122786803e+02
-5.579826647200000025e+02 -5.579392428651801765e+02
-5.578903165699999818e+02 -5.578490038300886908e+02
-5.578545389900000373e+02 -5.578170891539421063e+02
-5.585487777099999676e+02 -5.585131085630285952e+02
-5.583581410000000460e+02 -5.583254467370596785e+02
-5.580868783900000381e+02 -5.580574938505911859e+02
-5.587070611899999903e+02 -5.587057315785370974e+02
-5.589508050800000092e+02 -5.589133925860616046e+02
-5.594673340599999847e+02 -5.594271167872364003e+02
-5.590286771600000293e+02 -5.589851235837624017e+02
-5.593375345900000184e+02 -5.593007364820252860e+02
-5.587892367299999705e+02 -5.587550734595811264e+02
-5.584556958399999758e+02 -5.584407142789457339e+02
-5.582794459699999834e+02 -5.582652082590868758e+02
-5.587167514100000290e+02 -5.587149839724311278e+02
-5.586892156599999453e+02 -5.586844073436770941e+02
-5.589877563700000564e+02 -5.589757462739451057e+02
-5.576579009499999984e+02 -5.576359066232726036e+02
-5.575192864199999576e+02 -5.574993645173594814e+02
-5.578036051999999927e+02 -5.577900266732406180e+02
-5.582989833300000555e+02 -5.582906270070561732e+02
-5.584266818199999989e+02 -5.583897894086235283e+02
-5.586127512799999977e+02 -5.585790960009323953e+02
-5.581579969499999834e+02 -5.581423679990947448e+02
-5.583985428900000443e+02 -5.583774013764239044e+02
-5.589504411299999447e+02 -5.589221334756218766e+02
-5.577406058599999596e+02 -5.577016078563574411e+02
-5.586257819100000006e+02 -5.585846725510891702e+02
-5.579857815899999878e+02 -5.579593049482941751e+02
-5.578129010300000346e+02 -5.577785200607740990e+02
-5.577917338700000300e+02 -5.577453792009283688e+02
-5.582541833999999881e+02 -5.582237860219463528e+02
-5.576438601500000232e+02 -5.576288825258104680e+02
-5.579668768599999567e+02 -5.579734470750217952e+02
-5.581998626700000159e+02 -5.581898799449684248e+02
-5.575111984500000517e+02 -5.574786580403711014e+02
-5.571484800299999733e+02 -5.571125724648766209e+02
-5.577997491099999934e+02 -5.577769279071939081e+02
-5.590483516799999961e+02 -5.590362368251830958e+02
-5.590029382999999825e+02 -5.589623895197748880e+02
-5.580525519100000338e+02 -5.580202805107447830e+02
-5.581891717600000220e+02 -5.581511163986008341e+02
-5.588760612500000207e+02 -5.587992094671205905e+02
-5.591077188399999613e+02 -5.590308334051967449e+02
-5.580640880900000411e+02 -5.580228581523194862e+02
-5.581245699199999990e+02 -5.580928295977900007e+02
-5.582815819099999999e+02 -5.582582003556848349e+02
-5.585152537899999743e+02 -5.585099228103063069e+02
-5.586643599699999641e+02 -5.586394188351184766e+02
-5.588507589399999915e+02 -5.588219804653576830e+02
-5.583767160500000273e+02 -5.583665895185993122e+02
-5.585227943800000503e+02 -5.584760603309488260e+02
-5.578414350399999648e+02 -5.577518863341354063e+02
-5.584364062800000283e+02 -5.583581339782424493e+02
-5.577611425000000054e+02 -5.577000653869019970e+02
-5.581304085599999780e+02 -5.580897405543387322e+02
-5.579033411599999681e+02 -5.578596840238892582e+02
-5.585250719099999515e+02 -5.584819605246436822e+02
-5.593603120200000376e+02 -5.593081278964682497e+02
-5.588807419199999913e+02 -5.588218576580107992e+02
-5.586302868400000534e+02 -5.585638868095727503e+02
-5.581594116500000382e+02 -5.581500735739177799e+02
-5.581027361699999574e+02 -5.581221756992531482e+02
-5.584394514399999707e+02 -5.584394842928033995e+02
-5.580101707400000350e+02 -5.579997434754089909e+02
-5.579334073200000148e+02 -5.579242012478349579e+02
-5.577419290899999851e+02 -5.577248739655240115e+02
-5.579679197100000465e+02 -5.579442763952350788e+02
-5.580301213100000268e+02 -5.580039078060128759e+02
-5.577515269499999704e+02 -5.577086101271055441e+02
-5.576822062200000119e+02 -5.576675477482092447e+02
-5.590429131700000198e+02 -5.590581799280254245e+02
-5.580637294699999984e+02 -5.580308372981802449e+02
-5.584154218500000297e+02 -5.583882874860370293e+02
-5.590661309399999936e+02 -5.590475539959759317e+02
-5.578558625099999517e+02 -5.578485690380846336e+02
-5.580938999600000443e+02 -5.580854868404339868e+02
-5.578795333900000060e+02 -5.578556404458036013e+02
-5.581398580500000435e+02 -5.581340604867468755e+02
-5.584128606699999864e+02 -5.583700356946172860e+02
-5.578756435899999815e+02 -5.578448675858048773e+02
-5.576403828200000135e+02 -5.576201868024022588e+02
-5.583139233299999660e+02 -5.582799385199248263e+02
-5.588081433199999992e+02 -5.587817965578826716e+02
-5.587146909800000003e+02 -5.586923664283168591e+02
-5.585557109200000241e+02 -5.585367959556124333e+02
-5.585064806699999735e+02 -5.584644597900330609e+02
-5.585328267300000107e+02 -5.585315531765534161e+02
-5.579793667999999798e+02 -5.579774493376862665e+02
-5.585973403100000496e+02 -5.585777364212872271e+02
-5.582480600500000492e+02 -5.582283554363486928e+02
-5.576090251099999477e+02 -5.575819618942402940e+02
-5.586144379400000162e+02 -5.585974984405962687e+02
-5.585263465299999552e+02 -5.585200782989761592e+02
-5.582058021599999620e+02 -5.582081470827695284e+02
-5.577634434399999463e+02 -5.577955505734764756e+02
-5.576454452799999899e+02 -5.576509879312839075e+02
-5.574364096199999494e+02 -5.574470002021893151e+02
-5.574148328799999490e+02 -5.574297779925846044e+02
-5.573167876600000454e+02 -5.572961932342307136e+02
-5.572891425000000254e+02 -5.572645521987885786e+02
-5.587095931100000143e+02 -5.586758900952268050e+02
-5.591274905799999715e+02 -5.590994257429468917e+02
-5.590179311299999654e+02 -5.589980076903062809e+02
-5.577911247600000024e+02 -5.577762231703300131e+02
-5.576478113399999756e+02 -5.576290325678074851e+02
-5.584908938400000125e+02 -5.584536050702615739e+02
-5.594639741700000286e+02 -5.594387705639327351e+02
-5.588518586000000141e+02 -5.588105637145247329e+02
-5.586408411300000125e+02 -5.586108164972303030e+02
-5.578595923999999968e+02 -5.578488695389336272e+02
-5.584794153100000358e+02 -5.584430681860329742e+02
-5.585965854199999967e+02 -5.585612568082469807e+02
-5.585276024600000255e+02 -5.584943386031440014e+02
-5.583146789099999978e+02 -5.582760062437698707e+02
-5.581027982499999780e+02 -5.580573268440479069e+02
-5.579174967899999729e+02 -5.578754229539877088e+02
-5.585098012800000333e+02 -5.584523057062140197e+02
-5.580304051299999628e+02 -5.579773496350130699e+02
-5.587018861100000322e+02 -5.586376416220554120e+02
-5.589616698400000132e+02 -5.589155456259320545e+02
-5.585725401800000327e+02 -5.585556514739411114e+02
-5.583525938799999722e+02 -5.583337365727138604e+02
-5.585980429899999535e+02 -5.585794152889307043e+02
-5.580497618000000557e+02 -5.580135839141393035e+02
-5.584344343899999785e+02 -5.584238062086510581e+02
-5.580110001799999964e+02 -5.579826705644134108e+02
-5.580433665900000051e+02 -5.580181005687184097e+02
-5.581826849399999446e+02 -5.581475936198389718e+02
-5.579861263599999575e+02 -5.579356422940752509e+02
-5.593909206700000141e+02 -5.593262681005629702e+02
-5.593599808599999506e+02 -5.592904396560152236e+02
-5.584676450199999636e+02 -5.583842844222169788e+02
-5.584196669599999723e+02 -5.583786323960085838e+02
-5.584276138100000253e+02 -5.583905353489453773e+02
-5.584029107500000464e+02 -5.583216528304806161e+02
-5.579987341500000184e+02 -5.579138140721597665e+02
-5.575795661099999734e+02 -5.574929272130723348e+02
-5.575135442800000192e+02 -5.574371351146710367e+02
-5.577511214300000120e+02 -5.577124244183206656e+02
-5.579412928799999918e+02 -5.579310634351199951e+02
-5.581104758699999593e+02 -5.581291529228786885e+02
-5.585039868400000387e+02 -5.584912239844318265e+02
-5.595707793599999604e+02 -5.595454777808729432e+02
-5.593562150999999858e+02 -5.593253784851991668e+02
-5.588650666700000329e+02 -5.588282962877868840e+02
-5.589832963699999482e+02 -5.589497608331374749e+02
-5.587033595999999989e+02 -5.586833051600744966e+02
-5.587389035899999499e+02 -5.587297843601978684e+02
-5.584255692599999747e+02 -5.584074345920746509e+02
-5.579688329599999861e+02 -5.579248081676057609e+02
-5.581450720399999454e+02 -5.581190954531971329e+02
-5.585394733800000040e+02 -5.584910567329668538e+02
-5.591125754199999847e+02 -5.590770619487572048e+02
-5.589560720599999968e+02 -5.589726614222590797e+02
-5.585581707200000210e+02 -5.585342610606048765e+02
-5.581637474399999519e+02 -5.581407042487588797e+02
-5.579601093899999569e+02 -5.579451066833269124e+02
-5.591297862599999462e+02 -5.591267904014906662e+02
-5.586372544099999686e+02 -5.586209724699413073e+02
-5.583488241999999673e+02 -5.583313064002704778e+02
-5.578268364399999655e+02 -5.577825051390823319e+02
-5.572686698899999556e+02 -5.572386402755385006e+02
-5.567734270500000093e+02 -5.567376601533705980e+02
-5.578137482500000033e+02 -5.577577394401876063e+02
-5.576573448699999744e+02 -5.576268971618856085e+02
-5.585497661399999743e+02 -5.585381875142306853e+02
-5.586248454200000424e+02 -5.586317010548784765e+02
-5.583297728200000165e+02 -5.583367772832198170e+02
-5.583139840600000525e+02 -5.583356541509572253e+02
-5.583162359499999639e+02 -5.582695357407079655e+02
-5.583829021899999816e+02 -5.583385727078452874e+02
-5.586928675100000419e+02 -5.586698382084528021e+02
-5.583104792999999972e+02 -5.582928782463916377e+02
-5.583384231600000476e+02 -5.583316690530514279e+02
-5.590070401100000481e+02 -5.590072529161460579e+02
-5.591239654400000063e+02 -5.591150539720589450e+02
-5.587710262900000089e+02 -5.587564401707799107e+02
-5.586130056399999830e+02 -5.585995540595378088e+02
-5.579928625400000328e+02 -5.579854498578057473e+02
-5.578684542600000213e+02 -5.578570673019036121e+02
-5.583313991300000225e+02 -5.583219542134319227e+02
-5.591532548300000371e+02 -5.591060561046876956e+02
-5.578273936800000001e+02 -5.577795390803942155e+02
-5.580111926800000219e+02 -5.579856731261932055e+02
-5.581660189299999502e+02 -5.581437369554012093e+02
-5.593106869900000220e+02 -5.592613850856866975e+02
-5.592295425700000351e+02 -5.591749888824117534e+02
-5.586661144500000091e+02 -5.586026167982610104e+02
-5.580934005799999795e+02 -5.580812680281869689e+02
-5.575717273899999782e+02 -5.575694667736946712e+02
-5.575405913499999997e+02 -5.575386443603407542e+02
-5.578434493099999827e+02 -5.578507198140889614e+02
-5.581882703700000548e+02 -5.581808816820205266e+02
-5.588115372099999831e+02 -5.587910268739447019e+02
-5.587713785900000403e+02 -5.587590269111155976e+02
-5.587508386399999836e+02 -5.587336636028580870e+02
-5.584165360399999827e+02 -5.583978281286601941e+02
-5.585756419599999845e+02 -5.585563288890174363e+02
-5.586779178599999796e+02 -5.586508511929329188e+02
-5.586012194099999988e+02 -5.585781062429484791e+02
-5.575005047500000046e+02 -5.574987116949630490e+02
-5.576133863799999517e+02 -5.576153743833829139e+02
-5.585439817300000414e+02 -5.585583698730118840e+02
-5.585455428200000370e+02 -5.585385081447535640e+02
-5.586018644700000095e+02 -5.585951662967448783e+02
-5.573585731599999917e+02 -5.573680381829215094e+02
-5.589750693199999887e+02 -5.590008144688002858e+02
-5.582600338500000134e+02 -5.582769235795875602e+02
-5.581649556200000006e+02 -5.581679082163973362e+02
-5.574304633199999444e+02 -5.573952846806666912e+02
-5.584080304399999477e+02 -5.583733935522238880e+02
-5.587728768499999887e+02 -5.587530404689292709e+02
-5.582064902500000017e+02 -5.582122337451415888e+02
-5.576051177699999926e+02 -5.576169307703851246e+02
-5.580533278499999597e+02 -5.580538103818480522e+02
-5.582071335199999567e+02 -5.581999871951575187e+02
-5.575427988400000459e+02 -5.575051447631269639e+02
-5.573307785099999592e+02 -5.572908961436774007e+02
-5.570084636000000273e+02 -5.569732464664566578e+02
-5.568135471800000005e+02 -5.568001012251288557e+02
-5.570424048800000492e+02 -5.570152435225231784e+02
-5.579879051399999526e+02 -5.579617115738537905e+02
-5.570120058999999628e+02 -5.570003492301178767e+02
-5.569899946299999556e+02 -5.569774802353578025e+02
-5.578506727400000500e+02 -5.578449811182504163e+02
-5.582953949999999850e+02 -5.582926577811954303e+02
-5.579279739300000074e+02 -5.578914463524597522e+02
-5.583152741500000502e+02 -5.583075846388396712e+02
-5.580484151399999746e+02 -5.580741811070895437e+02
-5.576528068200000234e+02 -5.576949032570025793e+02
-5.575036917400000220e+02 -5.575470158663504208e+02
-5.579995972699999811e+02 -5.580101087075152009e+02
-5.580365759400000343e+02 -5.580261223513174400e+02
-5.579031671699999606e+02 -5.578867374435960755e+02
-5.580790806500000372e+02 -5.580807851234185364e+02
-5.567248801499999900e+02 -5.567097271404327330e+02
-5.575165021499999511e+02 -5.574851896402701641e+02
-5.573672880399999485e+02 -5.573281403032610797e+02
-5.574868156400000316e+02 -5.574279868801393150e+02
-5.577465598400000317e+02 -5.577053413959120007e+02
-5.578510871400000042e+02 -5.578366452126224431e+02
-5.577900000099999716e+02 -5.578030581740495109e+02
-5.575081597399999964e+02 -5.574980466614044872e+02
-5.571470961799999486e+02 -5.571026423132905165e+02
-5.575699624600000561e+02 -5.575204069636361055e+02
-5.569400075099999867e+02 -5.568790093669676935e+02
-5.573129034300000058e+02 -5.572575138230904486e+02
-5.570463441299999658e+02 -5.570179601014981472e+02
-5.576924512599999844e+02 -5.576878776057625373e+02
-5.576525602000000390e+02 -5.576510694206388052e+02
-5.571332366200000479e+02 -5.571330504314312293e+02
-5.571694731600000523e+02 -5.571691786592371045e+02
-5.567967645100000027e+02 -5.567991599592587590e+02
-5.565644909200000257e+02 -5.565608746546470229e+02
-5.564358402499999556e+02 -5.564268564236557495e+02
-5.570720088799999985e+02 -5.570480913145099748e+02
-5.575460113499999579e+02 -5.575080432317251962e+02
-5.576063588600000003e+02 -5.575635586576888727e+02
-5.579034846199999720e+02 -5.578653668850391796e+02
-5.570543588699999873e+02 -5.570372557187727125e+02
-5.570694233699999813e+02 -5.570518619944889451e+02
-5.570883364899999606e+02 -5.570372682289918203e+02
-5.576575001899999506e+02 -5.576149109875655085e+02
-5.566454805500000020e+02 -5.566119819812785181e+02
-5.572540022499999850e+02 -5.572259002832643091e+02
-5.569329555499999742e+02 -5.569029726739514672e+02
-5.576693089200000486e+02 -5.576492818765135553e+02
-5.574484030099999927e+02 -5.574275515915830965e+02
-5.559657550900000160e+02 -5.559410263673260033e+02
-5.557404066599999624e+02 -5.557150063875910746e+02
-5.566457055700000183e+02 -5.565963185094599339e+02
-5.551693274499999688e+02 -5.551749121583895885e+02
-5.554692707699999801e+02 -5.554826374911378934e+02
-5.566565341799999942e+02 -5.566497607025983143e+02
-5.565780402599999661e+02 -5.565643616288983822e+02
-5.565634973999999602e+02 -5.565604420110507817e+02
-5.568394771299999775e+02 -5.568410746633619510e+02
-5.588409784299999501e+02 -5.588024861835951924e+02
-5.575629648399999496e+02 -5.575225825083697373e+02
-5.564610906100000420e+02 -5.563964097678488088e+02
-5.570777907100000448e+02 -5.569955696090790980e+02
-5.574105631500000300e+02 -5.573301435975054119e+02
-5.566688653400000248e+02 -5.566314052519367124e+02
-5.564880374299999630e+02 -5.564436692862739164e+02
-5.564826357499999858e+02 -5.564363941951876313e+02
-5.576261756500000502e+02 -5.576164283482424935e+02
-5.570815542000000278e+02 -5.570956951673160802e+02
-5.581115309499999739e+02 -5.580921230984949943e+02
-5.567256406899999774e+02 -5.566861212431385866e+02
-5.582494839199999888e+02 -5.582236132282296239e+02
-5.579347435199999836e+02 -5.579086363791877829e+02
-5.572768206599999985e+02 -5.572548928986900592e+02
-5.567259024400000271e+02 -5.567120485926072888e+02
-5.566366864899999882e+02 -5.566185997635648164e+02
-5.562716134900000498e+02 -5.562269472499328913e+02
-5.556698461299999963e+02 -5.556023994828107107e+02
-5.574616333500000565e+02 -5.574189657252629786e+02
-5.569339222700000391e+02 -5.568940662399786561e+02
-5.567665391900000031e+02 -5.567228991266437106e+02
-5.568735782200000131e+02 -5.568306818590577905e+02
-5.564579807699999492e+02 -5.564275089484924592e+02
-5.564623386199999686e+02 -5.564328836502357944e+02
-5.564482085099999722e+02 -5.564180301434680587e+02
-5.563792981699999700e+02 -5.563677543660134006e+02
-5.564712472400000252e+02 -5.564570209869083328e+02
-5.567926973099999941e+02 -5.567719073405602330e+02
-5.568807870800000046e+02 -5.568911021687500806e+02
-5.566367533999999750e+02 -5.566626016765831082e+02
-5.567287006200000405e+02 -5.567424406433694912e+02
-5.569402631599999722e+02 -5.569359031825570128e+02
-5.565938275099999828e+02 -5.565547784458618708e+02
-5.554555236999999579e+02 -5.554277450504484932e+02
-5.553849883300000556e+02 -5.554164730776288934e+02
-5.558468824999999924e+02 -5.558726216721192941e+02
-5.561657885500000020e+02 -5.562098361289807826e+02
-5.572087969399999565e+02 -5.572453978541643664e+02
-5.569000714100000096e+02 -5.569078431478092170e+02
-5.577045753500000274e+02 -5.577474660014395340e+02
-5.560336951299999555e+02 -5.560873140095998224e+02
-5.570483850499999789e+02 -5.570897305885525839e+02
-5.566775840699999662e+02 -5.566951162863313129e+02
-5.568389830400000164e+02 -5.568732205139602911e+02
-5.546393441200000325e+02 -5.547138376866897715e+02
-5.555262497700000495e+02 -5.555265060543994196e+02
-5.557315422399999534e+02 -5.557362439136243211e+02
-5.564554390499999954e+02 -5.564717861076105692e+02
-5.560549783999999818e+02 -5.560814033854148875e+02
-5.565693229099999826e+02 -5.565393238751340732e+02
-5.577124757399999453e+02 -5.577675903043899552e+02
-5.580672094400000560e+02 -5.581038731808927196e+02
-5.581371081600000252e+02 -5.581665570571763055e+02
-5.582889403399999537e+02 -5.583145774548322606e+02
-5.584827543699999524e+02 -5.585133792470289791e+02
-5.585934626700000081e+02 -5.586294458834888701e+02
-5.576282696299999770e+02 -5.576713355457128500e+02
-5.577452062999999498e+02 -5.577911207100928550e+02
-5.584840013900000031e+02 -5.585470673773086219e+02
-5.586481238200000234e+02 -5.587264880852607121e+02
-5.586444617700000208e+02 -5.587321142364002071e+02
-5.581378092899999501e+02 -5.582109139772428534e+02
-5.582821460100000195e+02 -5.583387552063417161e+02
-5.582508041999999477e+02 -5.583044939804633486e+02
-5.586256694600000401e+02 -5.586676491173670911e+02
-5.583313405200000261e+02 -5.583683417766281991e+02
-5.581733206400000427e+02 -5.581930022249232479e+02
-5.573956840800000236e+02 -5.574025973556516647e+02
-5.572278923300000315e+02 -5.572544390125206064e+02
-5.578756122700000333e+02 -5.579361484383996412e+02
-5.578416215600000214e+02 -5.579070677380486813e+02
-5.575837979299999461e+02 -5.576570099454427236e+02
-5.570480179899999484e+02 -5.570541775256847359e+02
-5.568582819599999993e+02 -5.568760911124520590e+02
-5.577656453800000236e+02 -5.578105543416304499e+02
-5.577500808800000414e+02 -5.577970253125473619e+02
-5.566899909300000218e+02 -5.567257967512516643e+02
-5.576163385199999993e+02 -5.576486677286046643e+02
-5.581828449299999875e+02 -5.581886348849054684e+02
-5.583478489799999807e+02 -5.584334851504908102e+02
-5.583467589900000121e+02 -5.584132294747356582e+02
-5.575439431700000341e+02 -5.576103134315953866e+02
-5.575333187200000111e+02 -5.576007554357943263e+02
-5.571623812899999848e+02 -5.572215921043182334e+02
-5.572999389699999711e+02 -5.573621347530922776e+02
-5.583006301299999450e+02 -5.583391752815849713e+02
-5.572285606799999869e+02 -5.573103684529924067e+02
-5.573724292599999899e+02 -5.574643433156713854e+02
-5.579257483599999432e+02 -5.580017422401349450e+02
-5.583800181300000531e+02 -5.584035612187306015e+02
-5.582163595800000166e+02 -5.582393608236980072e+02
-5.575367918700000018e+02 -5.575696574355384882e+02
-5.579001686499999551e+02 -5.579918040909290085e+02
-5.572585212899999760e+02 -5.573322866980456638e+02
-5.563164628399999856e+02 -5.563535384116544265e+02
-5.564747749000000567e+02 -5.565097179536708154e+02
-5.566778332899999668e+02 -5.567120798659299226e+02
-5.567391070200000058e+02 -5.567674420448918227e+02
-5.571318709800000306e+02 -5.571742956746081745e+02
-5.568670637899999747e+02 -5.568644945854100570e+02
-5.565098203799999510e+02 -5.565401865103706314e+02
-5.573682655400000385e+02 -5.574150862324123636e+02
-5.573728962000000138e+02 -5.573993461463182939e+02
-5.574070395999999619e+02 -5.574276061218146197e+02
-5.568966235599999663e+02 -5.569389197009800228e+02
-5.578573205100000223e+02 -5.578924829098434657e+02
-5.585114021299999649e+02 -5.585505911809758572e+02
-5.571478078999999752e+02 -5.571833862384153235e+02
-5.572384527499999649e+02 -5.572837688955588646e+02
-5.571840195500000164e+02 -5.572078636709188686e+02
-5.566335161499999913e+02 -5.566401168605236762e+02
-5.565858331900000167e+02 -5.565891745422086387e+02
-5.577847259300000360e+02 -5.577776436696880182e+02
-5.570946943699999565e+02 -5.570621073199882858e+02
-5.575695428400000537e+02 -5.576122969896294990e+02
-5.572420935100000179e+02 -5.572772809854997149e+02
-5.570389554099999714e+02 -5.570783984112260896e+02
-5.569584213399999726e+02 -5.569753622867769991e+02
-5.573083563400000457e+02 -5.573483758709546692e+02
-5.565931194199999936e+02 -5.565945493901546115e+02
-5.564362610399999767e+02 -5.564449588059417238e+02
-5.569048761000000241e+02 -5.569161611658336142e+02
-5.564951566900000444e+02 -5.565481103136048660e+02
-5.566417779099999734e+02 -5.567027755630501815e+02
-5.576017813099999785e+02 -5.576548924781172900e+02
-5.562813729199999671e+02 -5.563165364518553133e+02
-5.574835536599999841e+02 -5.575143237736294850e+02
-5.575458391600000141e+02 -5.575871705453134837e+02
-5.564197785200000226e+02 -5.564777172763732551e+02
-5.556384284600000001e+02 -5.556542536247228554e+02
-5.545612112500000421e+02 -5.546102659283202456e+02
-5.550443876000000500e+02 -5.550891146663441305e+02
-5.551673934299999473e+02 -5.551906587275898346e+02
-5.551287050299999919e+02 -5.551654448472597778e+02
-5.555421130400000038e+02 -5.556067557192736786e+02
-5.548310837400000537e+02 -5.548722898830467329e+02
-5.554164528400000336e+02 -5.555215139875084560e+02
-5.554693472400000473e+02 -5.555295252489318045e+02
-5.552586340599999630e+02 -5.553384683942830407e+02
-5.554075348400000394e+02 -5.553893936459332963e+02
-5.551195612499999470e+02 -5.550885845730730352e+02
-5.565711075599999731e+02 -5.565931525412457859e+02
-5.552450503899999603e+02 -5.552736805882179851e+02
-5.556177616100000023e+02 -5.556379619453903160e+02
-5.554272214799999574e+02 -5.554207548643023529e+02
-5.553547798299999840e+02 -5.553459078926314305e+02
-5.548168307199999845e+02 -5.548456880994956464e+02
-5.562807047999999668e+02 -5.562566006215399739e+02
-5.558451466799999707e+02 -5.558847985336389002e+02
-5.553904593400000067e+02 -5.554690560489154905e+02
-5.547208991200000128e+02 -5.548007463067419849e+02
-5.539645653500000435e+02 -5.540098865313739225e+02
-5.562470642499999940e+02 -5.562765744281962270e+02
-5.564926225499999646e+02 -5.564606587384955674e+02
-5.562609804899999517e+02 -5.562238591299919790e+02
-5.555796541099999786e+02 -5.554863625571940702e+02
-5.555684798400000091e+02 -5.554748060628299982e+02
-5.558507276999999931e+02 -5.557867484579079473e+02
-5.560429994700000407e+02 -5.559749979676173552e+02
-5.565395491699999866e+02 -5.565199295598765730e+02
-5.563936444900000424e+02 -5.563695608903833545e+02
-5.563727446200000486e+02 -5.563218058511366735e+02
-5.561065969100000075e+02 -5.560779495972668656e+02
-5.563659417200000235e+02 -5.563299264513384514e+02
-5.557277868400000216e+02 -5.557135887960051832e+02
-5.557429122700000335e+02 -5.557183827087565078e+02
-5.549942394700000250e+02 -5.549463780300879989e+02
-5.552733349000000089e+02 -5.552750053502575156e+02
-5.539216124199999740e+02 -5.539205913703857505e+02
-5.557697417800000039e+02 -5.557849806281944893e+02
-5.559809692400000358e+02 -5.559862130993509481e+02
-5.563350103699999636e+02 -5.563287144298301428e+02
-5.562755170000000362e+02 -5.562707142479060849e+02
-5.560913261900000180e+02 -5.560885352383718327e+02
-5.560463392699999758e+02 -5.560464710263377128e+02
-5.566116810299999997e+02 -5.566205447337957821e+02
-5.556642604800000527e+02 -5.556559750126948529e+02
-5.556420205900000155e+02 -5.555943873773461519e+02
-5.561407190800000535e+02 -5.561119205729021360e+02
-5.565005817899999556e+02 -5.564753466635942232e+02
-5.553660971699999891e+02 -5.553586720029239814e+02
-5.557090376099999958e+02 -5.557151528844906352e+02
-5.560521831500000189e+02 -5.560512146605169619e+02
-5.563145144699999491e+02 -5.562823191644251892e+02
-5.559505879800000230e+02 -5.559079313816912418e+02
-5.544565559899999698e+02 -5.544095017971160360e+02
-5.548843690999999581e+02 -5.548762455610042252e+02
-5.557146886499999709e+02 -5.556617785155744969e+02
-5.553136617599999454e+02 -5.552932381986406654e+02
-5.553319559599999593e+02 -5.553419368981639082e+02
-5.556754150699999855e+02 -5.556812520468678258e+02
-5.557332833499999651e+02 -5.557136660262553960e+02
-5.550726901299999554e+02 -5.550449980931532536e+02
-5.563812488500000200e+02 -5.563743932038795492e+02
-5.560755011100000047e+02 -5.560468302430008407e+02
-5.556454024900000377e+02 -5.556604004960620387e+02
-5.567787831099999494e+02 -5.567787646690666179e+02
-5.565175248299999566e+02 -5.565247439093509456e+02
-5.564837569600000506e+02 -5.564799566504282211e+02
-5.558919923199999857e+02 -5.558887661692009488e+02
-5.561796956700000010e+02 -5.562024673969442574e+02
-5.564363219399999707e+02 -5.564644497613717249e+02
-5.565501275799999803e+02 -5.565711814986309491e+02
-5.556995407499999828e+02 -5.557215777554488341e+02
-5.558671929600000112e+02 -5.558694949699579411e+02
-5.556857007800000474e+02 -5.556384995355690535e+02
-5.560375225899999805e+02 -5.559865420528085451e+02
-5.565076872199999798e+02 -5.564915633797662622e+02
-5.556920864500000334e+02 -5.557144978309617045e+02
-5.558589269599999625e+02 -5.558632713946553849e+02
-5.564043867799999816e+02 -5.563558568616426783e+02
-5.563244209900000214e+02 -5.563091086319283249e+02
-5.564779502599999432e+02 -5.564752798437916681e+02
-5.564078181400000176e+02 -5.564025389452219770e+02
-5.559386182599999984e+02 -5.558932906761904178e+02
-5.546751300099999753e+02 -5.546360983265158211e+02
-5.555128503700000238e+02 -5.554698409947686741e+02
-5.556894604100000379e+02 -5.556427908864133087e+02
-5.555807523800000354e+02 -5.556080813914672945e+02
-5.551491620699999885e+02 -5.551721728940890443e+02
-5.549308317999999645e+02 -5.549547539721916110e+02
-5.541700911200000519e+02 -5.542008311602767208e+02
-5.553292764699999680e+02 -5.552997156218137889e+02
-5.551714989500000001e+02 -5.551376352217777139e+02
-5.550999289200000248e+02 -5.550625284660181933e+02
-5.550884028200000557e+02 -5.550503758677343740e+02
-5.553869830700000421e+02 -5.553537460083462065e+02
-5.551939142799999445e+02 -5.551769096557934517e+02
-5.543325117000000546e+02 -5.543328747103325895e+02
-5.540571663800000124e+02 -5.540646510752253562e+02
-5.535121183500000370e+02 -5.535373239689447473e+02
-5.534558989399999973e+02 -5.534911209666621517e+02
-5.544277920600000016e+02 -5.544968984092988649e+02
-5.554733782600000040e+02 -5.555009849123877075e+02
-5.559337490000000344e+02 -5.559517568491764905e+02
-5.558615982600000507e+02 -5.558785611309176602e+02
-5.555592711199999485e+02 -5.555099804083263280e+02
-5.546996483799999851e+02 -5.547118030215040108e+02
-5.553088057400000253e+02 -5.553272770571338697e+02
-5.538387408400000140e+02 -5.538566055729493200e+02
-5.535053797199999508e+02 -5.535123179564557176e+02
-5.547886114799999859e+02 -5.547632378267851436e+02
-5.552753649700000551e+02 -5.552423620037653791e+02
-5.554938375200000564e+02 -5.554407165804533406e+02
-5.558991009699999495e+02 -5.558404541685561071e+02
-5.565149294999999938e+02 -5.564959124271961173e+02
-5.554369284599999901e+02 -5.554111383221496681e+02
-5.555853757700000415e+02 -5.555742223003335312e+02
-5.530674828300000172e+02 -5.530711898674762779e+02
-5.538768587099999650e+02 -5.539257331968267408e+02
-5.541852255899999591e+02 -5.541885950695777865e+02
-5.533490068900000551e+02 -5.533148131362986533e+02
-5.534529881800000339e+02 -5.534319412961590388e+02
-5.518880056299999524e+02 -5.518933978220798053e+02
-5.531230822300000227e+02 -5.530203415456921903e+02
-5.527345715999999811e+02 -5.526251532075552859e+02
-5.526378612099999827e+02 -5.525659306050492887e+02
-5.535102718399999731e+02 -5.535689242799439853e+02
-5.547050876299999800e+02 -5.547393198538237584e+02
-5.544351172000000361e+02 -5.543948389982044773e+02
-5.529892969200000152e+02 -5.529606052770731139e+02
-5.535527608300000111e+02 -5.535355814200984241e+02
-5.529112537700000303e+02 -5.528604210065408324e+02
-5.541138739900000019e+02 -5.541104569906531196e+02
-5.532843790299999682e+02 -5.532468900039826849e+02
-5.532132395700000416e+02 -5.532243931562221633e+02
-5.548101964700000508e+02 -5.547949401044201068e+02
-5.541901152299999467e+02 -5.541672537733564923e+02
-5.532427536100000225e+02 -5.532423136182605958e+02
-5.537599355400000150e+02 -5.538510107873745483e+02
-5.540807603199999676e+02 -5.541422065054028963e+02
-5.551223316399999703e+02 -5.551126258411662775e+02
-5.544622535500000140e+02 -5.545214082782913465e+02
-5.531512632300000405e+02 -5.531209276829742976e+02
-5.537077384200000552e+02 -5.536468908648910201e+02
-5.535223903099999916e+02 -5.534432957800440818e+02
-5.545917500699999891e+02 -5.545828922164999994e+02
-5.543723678899999641e+02 -5.543684911363422998e+02
-5.543094599600000265e+02 -5.543100949849448398e+02
-5.527542774700000336e+02 -5.527688382525255975e+02
-5.526941566100000500e+02 -5.527289833821380398e+02
-5.534326785599999994e+02 -5.535228240272083440e+02
-5.527478300799999715e+02 -5.526912444366462296e+02
-5.536230044400000452e+02 -5.536307636061019366e+02
-5.541147579700000279e+02 -5.541314533039555954e+02
-5.533295841999999993e+02 -5.533499145704720377e+02
-5.530462403000000222e+02 -5.530665814550925461e+02
-5.526917943099999775e+02 -5.527072287066649778e+02
-5.515433181600000125e+02 -5.515734451460157288e+02
-5.509318335799999886e+02 -5.508560033995070171e+02
-5.537885245899999518e+02 -5.537588350270411865e+02
-5.525954710199999909e+02 -5.526355574704864466e+02
-5.524656843699999627e+02 -5.524957750849731610e+02
-5.548737234500000568e+02 -5.549001244598509857e+02
-5.539042955600000369e+02 -5.539115558146154399e+02
-5.534197330099999590e+02 -5.534372575850272824e+02
-5.532518947700000354e+02 -5.532214311366864194e+02
-5.523104452400000355e+02 -5.523035559610773362e+02
-5.520938660499999742e+02 -5.520967848628114325e+02
-5.518934093000000303e+02 -5.519033900388716347e+02
-5.517722831500000211e+02 -5.517795121992328404e+02
-5.519844905800000561e+02 -5.519871554366441160e+02
-5.532498059399999875e+02 -5.532808703089983737e+02
-5.551881833700000470e+02 -5.551664496831656379e+02
-5.551546992600000294e+02 -5.551623243141382318e+02
-5.549245723200000384e+02 -5.549065290662595089e+02
-5.523696606500000144e+02 -5.524386854072844244e+02
-5.519437319099999968e+02 -5.520248797963058678e+02
-5.527385262200000398e+02 -5.528503329726199809e+02
-5.520726070700000037e+02 -5.520382569916974944e+02
-5.533409851200000276e+02 -5.533167941917843109e+02
-5.523342007300000205e+02 -5.523442019799806531e+02
-5.525826396700000487e+02 -5.526110107402706717e+02
-5.521553530700000465e+02 -5.522220142372673308e+02
-5.520659790400000020e+02 -5.521577919546206203e+02
-5.525240143400000079e+02 -5.525965622824134016e+02
-5.536587105600000314e+02 -5.536875611243967796e+02
-5.527605512999999746e+02 -5.528101822553863940e+02
-5.527134646800000155e+02 -5.527758806551591988e+02
-5.541273572500000455e+02 -5.541455953765718050e+02
-5.537865316899999470e+02 -5.537928764883110944e+02
-5.531269517499999893e+02 -5.531218599575663575e+02
-5.537198468899999853e+02 -5.536805992983124725e+02
-5.535313624200000504e+02 -5.534948632159412227e+02
-5.523648418699999638e+02 -5.523663253541598124e+02
-5.541652736999999433e+02 -5.541308671262487451e+02
-5.537600497299999915e+02 -5.537418636771519687e+02
-5.556518071299999519e+02 -5.556404789961023880e+02
-5.532621676600000455e+02 -5.532394192152714822e+02
-5.531809570799999847e+02 -5.531521975640634992e+02
-5.534693224799999598e+02 -5.534782545973860124e+02
-5.534814586300000201e+02 -5.534753113796474508e+02
-5.534985290900000336e+02 -5.534228495752983008e+02
-5.515944820800000343e+02 -5.515931756105514978e+02
-5.553026550600000064e+02 -5.552486352590588012e+02
-5.547255428099999790e+02 -5.546339250971577712e+02
-5.529581378699999732e+02 -5.529140197306953723e+02
-5.529487550899999633e+02 -5.529467663448313033e+02
-5.542015605200000437e+02 -5.541944115082360440e+02
-5.528158330100000057e+02 -5.527359612714599280e+02
-5.513546949100000347e+02 -5.512526750830852507e+02
-5.516872585300000082e+02 -5.516227133577723407e+02
-5.526587707300000147e+02 -5.527448903239189804e+02
-5.533281378000000359e+02 -5.532614023225402207e+02
-5.525030210999999554e+02 -5.525937400045265804e+02
-5.521845284600000241e+02 -5.522257353905024502e+02
-5.543169311599999673e+02 -5.543395132270240993e+02
-5.539173052300000109e+02 -5.538958324987954711e+02
-5.529913536000000249e+02 -5.529561983375002683e+02
-5.537220973700000286e+02 -5.537126824798345979e+02
-5.541025888100000429e+02 -5.541001476003211792e+02
-5.539925443700000187e+02 -5.539960855822491794e+02
-5.531992188799999894e+02 -5.532083192756374501e+02
-5.537280298800000082e+02 -5.537812152842363957e+02
-5.531676860899999610e+02 -5.532058463340043772e+02
-5.538513648900000135e+02 -5.538408632233848721e+02
-5.530763941699999577e+02 -5.530661900303509810e+02
-5.539611058399999592e+02 -5.539630764910946255e+02
-5.534508889200000112e+02 -5.534616378008589663e+02
-5.534744189499999720e+02 -5.535523475317401108e+02
-5.530955855400000019e+02 -5.531117266823753198e+02
-5.524204594100000349e+02 -5.523978565864535994e+02
-5.518052433999999948e+02 -5.517518229816340636e+02
-5.525304780799999662e+02 -5.524389309842260900e+02
-5.540838097600000083e+02 -5.540761662851691653e+02
-5.540913631399999986e+02 -5.541431748569813180e+02
-5.536174845699999878e+02 -5.536875593355833871e+02
-5.527712249800000563e+02 -5.527796666107332157e+02
-5.525673208299999715e+02 -5.525751353228349672e+02
-5.526275802699999531e+02 -5.526397757415091974e+02
-5.523195289499999490e+02 -5.523793631204571284e+02
-5.532159115599999950e+02 -5.532670078278617893e+02
-5.530349445399999695e+02 -5.530908541523285749e+02
-5.542602210600000490e+02 -5.543042650066665828e+02
-5.532073803900000257e+02 -5.532464909270684075e+02
-5.530770571399999653e+02 -5.530333054938334953e+02
-5.534345164000000068e+02 -5.533847765511738999e+02
-5.539570224799999778e+02 -5.538955688767006222e+02
-5.520242496299999857e+02 -5.519415736479160159e+02
-5.525963351399999510e+02 -5.526233062612144522e+02
-5.549645460499999672e+02 -5.549579563716640678e+02
-5.517898241699999744e+02 -5.518278549851544312e+02
-5.538218566399999645e+02 -5.538014247022294967e+02
-5.549177625199999966e+02 -5.548503427259565797e+02
-5.537921804999999722e+02 -5.537402300959478225e+02
-5.539947167999999920e+02 -5.539436137032395209e+02
-5.547712385400000130e+02 -5.547617266012236996e+02
-5.538620639900000242e+02 -5.538158947468702991e+02
-5.537638481599999523e+02 -5.537367595048378917e+02
-5.531276998399999911e+02 -5.531388283325806015e+02
-5.534839920599999914e+02 -5.535056968730480094e+02
-5.536603588599999739e+02 -5.536702473677993339e+02
-5.546422088100000565e+02 -5.546301873217076945e+02
-5.550253516000000218e+02 -5.550119425522516394e+02
-5.561986736699999483e+02 -5.562160433313900967e+02
-5.540606602200000452e+02 -5.540208566878991405e+02
-5.537774760600000263e+02 -5.537861699520790353e+02
-5.534540949099999807e+02 -5.534727390549689972e+02
-5.529158339599999863e+02 -5.528782227374837248e+02
-5.544720992799999522e+02 -5.544264952845533116e+02
-5.550264101300000448e+02 -5.549725802976413433e+02
-5.525403638499999488e+02 -5.525404709739082136e+02
-5.526272710800000141e+02 -5.526283826130282932e+02
-5.521014814500000512e+02 -5.521409870880254402e+02
-5.530587940599999683e+02 -5.530822197007034902e+02
-5.545916434700000082e+02 -5.546050520633233418e+02
-5.528280542300000207e+02 -5.528533164544829788e+02
-5.527692363800000521e+02 -5.528117524904902211e+02
-5.539006158400000004e+02 -5.539157928975546383e+02
-5.539453249199999618e+02 -5.539773541495203517e+02
-5.528955623599999853e+02 -5.528073740211908671e+02
-5.532096375300000091e+02 -5.531846570577378088e+02
-5.544340936999999485e+02 -5.544539924370424160e+02
-5.553207280999999966e+02 -5.553375330219969328e+02
-5.551511194600000181e+02 -5.551624180829124953e+02
-5.547953162300000258e+02 -5.547990021129294291e+02
-5.543903075499999886e+02 -5.543853015831739413e+02
-5.542763650699999971e+02 -5.542252012999662156e+02
-5.558104687300000251e+02 -5.557531389752414270e+02
-5.536142344200000025e+02 -5.535427399123032046e+02
-5.514470108399999617e+02 -5.513933226746431728e+02
-5.520714076199999454e+02 -5.520394309477306933e+02
-5.528374384600000440e+02 -5.527685789876018134e+02
-5.533219865900000514e+02 -5.531937066234244185e+02
-5.532593600799999649e+02 -5.531377838904456894e+02
-5.531284357700000101e+02 -5.530172291410251546e+02
-5.532905914499999653e+02 -5.531811286482394507e+02
-5.532173938900000394e+02 -5.532218699184547859e+02
-5.538479401900000312e+02 -5.538965802913404559e+02
-5.542229184499999519e+02 -5.543039748917503857e+02
-5.536245567400000027e+02 -5.536132079360652369e+02
-5.547736857899999450e+02 -5.548145633590379475e+02
-5.555227347100000088e+02 -5.555845137940525547e+02
-5.552990984100000560e+02 -5.553763156752384020e+02
-5.548442410400000426e+02 -5.549206017005890317e+02
-5.551285782500000323e+02 -5.552015430585506692e+02
-5.548189881099999639e+02 -5.548453312554049717e+02
-5.537595424099999946e+02 -5.537452701522454390e+02
-5.535433826800000361e+02 -5.535497595832648585e+02
-5.533800358900000447e+02 -5.533917702471366056e+02
-5.533852303500000289e+02 -5.534252850312291230e+02
-5.524746032499999728e+02 -5.525311722517635644e+02
-5.524512955899999724e+02 -5.524501693331739034e+02
-5.528635738200000560e+02 -5.528782070799722987e+02
-5.532922564100000500e+02 -5.533106767281917655e+02
-5.533546340499999587e+02 -5.533822722606214484e+02
-5.524833102699999472e+02 -5.524768514896454690e+02
-5.526854102199999943e+02 -5.526640826460933340e+02
-5.520329984899999545e+02 -5.520439788556859639e+02
-5.520152335000000221e+02 -5.520360489646204769e+02
-5.525608364700000266e+02 -5.525326298725660763e+02
-5.525438183600000457e+02 -5.525214317435527391e+02
-5.521248046800000111e+02 -5.521321009866495615e+02
-5.528948090400000410e+02 -5.529066984183731392e+02
-5.538667437399999471e+02 -5.538889300181947419e+02
-5.528221720999999889e+02 -5.528886011019720854e+02
-5.522023479399999815e+02 -5.522718738701100847e+02
-5.520277304799999456e+02 -5.521407737590193392e+02
-5.519578317699999843e+02 -5.520745749678596894e+02
-5.533432912099999612e+02 -5.534137503471970376e+02
-5.528319099599999618e+02 -5.528630407379217786e+02
-5.545395803000000114e+02 -5.545181085209568437e+02
-5.542602259999999887e+02 -5.542213019153523419e+02
-5.536608793999999989e+02 -5.536160520844345001e+02
-5.539769026999999824e+02 -5.539584222995823666e+02
-5.530009093300000131e+02 -5.529746779405694497e+02
-5.530593058099999553e+02 -5.530190488026034927e+02
-5.555126051199999893e+02 -5.555258668547407979e+02
-5.562426974600000449e+02 -5.562881560859291312e+02
-5.554275867899999639e+02 -5.554897917081018477e+02
-5.552001764899999898e+02 -5.552638622539732296e+02
-5.530756941399999960e+02 -5.530945151179294044e+02
-5.523633646299999782e+02 -5.524137768852435784e+02
-5.540016811100000496e+02 -5.539990330002074188e+02
-5.544089942000000519e+02 -5.543416301534473405e+02
-5.544048453200000495e+02 -5.543530518230618327e+02
-5.544656044399999928e+02 -5.544362406509760604e+02
-5.540817044000000351e+02 -5.540829807151192199e+02
-5.552714560299999675e+02 -5.552839614485733364e+02
-5.545442567300000292e+02 -5.545860374693934318e+02
-5.547500897099999975e+02 -5.547537088495622584e+02
-5.547183443300000363e+02 -5.547554078833586573e+02
-5.522267554300000256e+02 -5.522409648545851724e+02
-5.525760267299999668e+02 -5.525864178038095815e+02
-5.531443404799999826e+02 -5.531507384715238231e+02
-5.512490961400000060e+02 -5.512635407138386654e+02
-5.539417963199999804e+02 -5.539856950308519572e+02
-5.541088489899999558e+02 -5.541234027984331760e+02
-5.543763924300000099e+02 -5.543909775801273554e+02
-5.540415002600000207e+02 -5.541076651528080674e+02
-5.525948673999999983e+02 -5.526399439295603315e+02
-5.519471390500000325e+02 -5.519246536506948360e+02
-5.532322208399999681e+02 -5.531811587657343807e+02
-5.531525316299999986e+02 -5.531812631749958200e+02
-5.536673745699999927e+02 -5.536851057841690817e+02
-5.540716221500000529e+02 -5.540682931372947451e+02
-5.538269127900000512e+02 -5.538241798199599089e+02
-5.527753312199999982e+02 -5.527442254541774673e+02
-5.526813999400000057e+02 -5.526094616248755074e+02
-5.527140318900000011e+02 -5.526475934434105284e+02
-5.505278908200000387e+02 -5.505865997489966048e+02
-5.523011080600000469e+02 -5.523793628249247831e+02
-5.533687629900000502e+02 -5.534389161707066478e+02
-5.526401131799999575e+02 -5.526671868973128312e+02
-5.542503545700000132e+02 -5.542555998556307486e+02
-5.545797803399999566e+02 -5.546230846542846393e+02
-5.543527090000000044e+02 -5.543924291186913251e+02
-5.538900751200000059e+02 -5.538795076533177735e+02
-5.546663860800000521e+02 -5.546721817113148063e+02
-5.523035417600000301e+02 -5.523541530319296271e+02
-5.526288701600000195e+02 -5.526657733721028762e+02
-5.528740095000000565e+02 -5.528679766190302871e+02
-5.554056882300000098e+02 -5.553314863115881508e+02
-5.546168245100000149e+02 -5.545240405771933183e+02
-5.552823853800000506e+02 -5.552453201994312622e+02
-5.524453832299999476e+02 -5.524237307284329290e+02
-5.521598886900000025e+02 -5.521529092502810272e+02
-5.519757608600000367e+02 -5.519428712255784149e+02
-5.513565185300000167e+02 -5.512917820370150821e+02
-5.529058402299999671e+02 -5.529147420357014653e+02
-5.521689616500000284e+02 -5.521488104814154667e+02
-5.516810580500000469e+02 -5.516765773444147953e+02
-5.522313440000000355e+02 -5.522357577904512027e+02
-5.539842661999999791e+02 -5.540022490357094966e+02
-5.528488283499999625e+02 -5.528729234076174635e+02
-5.523262600000000475e+02 -5.523564757778117382e+02
-5.518897399500000347e+02 -5.519284831086350778e+02
-5.511554090500000029e+02 -5.511964469148304033e+02
-5.521025871699999925e+02 -5.521014406988135761e+02
-5.518089215400000285e+02 -5.518203283466665425e+02
-5.518363599000000477e+02 -5.518628140023929518e+02
-5.517206438099999559e+02 -5.517119570519780609e+02
-5.517539029299999811e+02 -5.517464941018099580e+02
-5.528723611200000505e+02 -5.528768397869262117e+02
-5.550638700599999993e+02 -5.550661847673420652e+02
-5.548505815199999915e+02 -5.548621774989768483e+02
-5.512883953699999893e+02 -5.513666187368692135e+02
-5.515885484000000361e+02 -5.516638525648934319e+02
-5.526437921199999437e+02 -5.527066359115704017e+02
-5.525483288000000357e+02 -5.526115023529750943e+02
-5.519037134899999728e+02 -5.519372600281308223e+02
-5.517518489200000431e+02 -5.517189190262815828e+02
-5.514959906999999930e+02 -5.514586853760440590e+02
-5.530951388299999962e+02 -5.531404776958127059e+02
-5.517734875999999531e+02 -5.518513674796689656e+02
-5.529866820800000369e+02 -5.530371568859956142e+02
-5.520179741099999546e+02 -5.520531048308112076e+02
-5.534790206500000522e+02 -5.534763033332407076e+02
-5.497698358200000257e+02 -5.497653508560811133e+02
-5.513332376900000327e+02 -5.512905523295428338e+02
-5.516669466199999761e+02 -5.516167355457930626e+02
-5.521276852400000053e+02 -5.521857154658789568e+02
-5.510134390599999961e+02 -5.510668314519177784e+02
-5.506455377199999930e+02 -5.506783785399492217e+02
-5.513426670400000376e+02 -5.513982142213126281e+02
-5.496083527399999866e+02 -5.495801032193866149e+02
-5.493901579199999787e+02 -5.494528537784474338e+02
-5.497850590000000466e+02 -5.498513211734452852e+02
-5.509196739699999625e+02 -5.508897176929007173e+02
-5.509438968700000032e+02 -5.509190094958786403e+02
-5.496361003700000083e+02 -5.495821600602142780e+02
-5.503115438500000209e+02 -5.503387514777903107e+02
-5.507079147700000021e+02 -5.507328800792759012e+02
-5.497980581499999744e+02 -5.498304748846550183e+02
-5.495934224999999742e+02 -5.496150615884537274e+02
-5.506884839000000511e+02 -5.505910374336376663e+02
-5.501617813799999794e+02 -5.500817375001026903e+02
-5.500606516200000442e+02 -5.499860747208488192e+02
-5.510844176599999855e+02 -5.509631060383130716e+02
-5.521612442800000053e+02 -5.520939393236629940e+02
-5.517033670600000050e+02 -5.518082644516296114e+02
-5.529472541899999669e+02 -5.529452149495957656e+02
-5.527367553300000509e+02 -5.527573344739860204e+02
-5.520069556199999852e+02 -5.520443692754163294e+02
-5.521131822099999908e+02 -5.521488938770337427e+02
-5.503334453999999596e+02 -5.503053286447791379e+02
-5.502704903899999636e+02 -5.502507140026777961e+02
-5.512478389899999911e+02 -5.513251354129796482e+02
-5.508830691399999751e+02 -5.508410681494220853e+02
-5.488673797000000150e+02 -5.488286560916410508e+02
-5.484454705699999977e+02 -5.484582783174192855e+02
-5.496006870700000491e+02 -5.496014941601606552e+02
-5.507904011000000537e+02 -5.507762043318276710e+02
-5.500142380500000172e+02 -5.500659387803805203e+02
-5.494870568999999705e+02 -5.494145391441322772e+02
-5.503229678999999805e+02 -5.502767734987519361e+02
-5.506193025500000431e+02 -5.505819467290448301e+02
-5.498873446799999556e+02 -5.498751690612340326e+02
-5.504796243299999787e+02 -5.504729095414943458e+02
-5.490723310099999708e+02 -5.490873916163193371e+02
-5.497183292400000028e+02 -5.496839358201887080e+02
-5.505250136700000212e+02 -5.506118503445098895e+02
-5.508760323000000199e+02 -5.508841347670684172e+02
-5.502047216900000421e+02 -5.502251872430567801e+02
-5.504608349999999746e+02 -5.504716572672016355e+02
-5.505348500600000534e+02 -5.505975260810447480e+02
-5.508881275200000118e+02 -5.509416819590830983e+02
-5.516651302999999871e+02 -5.517025929214106554e+02
-5.518197678599999563e+02 -5.518467172177776092e+02
-5.506621458099999700e+02 -5.507483685719622599e+02
-5.515696834599999647e+02 -5.516222242030748930e+02
-5.541867338900000277e+02 -5.541561697711459828e+02
-5.530078692700000147e+02 -5.530109099535809491e+02
-5.536957020800000464e+02 -5.537854186328391961e+02
-5.523066719400000011e+02 -5.524290210024773842e+02
-5.493161603099999866e+02 -5.492597143363539089e+02
-5.506435579300000427e+02 -5.505690599989172824e+02
-5.502745465599999761e+02 -5.501870751502981420e+02
-5.490053680199999917e+02 -5.490500734240537213e+02
-5.511827680899999677e+02 -5.511257071013164932e+02
-5.515692383800000016e+02 -5.515773097561626628e+02
-5.526996357299999545e+02 -5.527072674664136684e+02
-5.500577340600000298e+02 -5.500663171338413804e+02
-5.492229215400000157e+02 -5.491839041966024979e+02
-5.499476622700000235e+02 -5.499647712605033121e+02
-5.507776415199999747e+02 -5.508469143750191961e+02
-5.497063018100000136e+02 -5.497201701091566974e+02
-5.497313603999999714e+02 -5.497328104595856075e+02
-5.498412064200000486e+02 -5.498349627575803424e+02
-5.504088170500000388e+02 -5.503805836318904312e+02
-5.495656342600000244e+02 -5.495310267640440998e+02
-5.487204811999999947e+02 -5.486955023236704392e+02
-5.501188250500000549e+02 -5.501319280878384461e+02
-5.510099372800000310e+02 -5.508932241979809987e+02
-5.504080788200000143e+02 -5.503595817821487799e+02
-5.511941787900000236e+02 -5.511507997767570259e+02
-5.496903239099999610e+02 -5.496956300002755142e+02
-5.499779076400000122e+02 -5.499901081756950134e+02
-5.502539797800000088e+02 -5.502737978431932788e+02
-5.507040793500000291e+02 -5.507933054662144059e+02
-5.496815985800000135e+02 -5.497150406641097788e+02
-5.495841415999999526e+02 -5.496086004289045377e+02
-5.493726422900000443e+02 -5.493284993006679997e+02
-5.496323601000000281e+02 -5.496037784148511491e+02
-5.505418518499999436e+02 -5.504612016582599381e+02
-5.503022489500000347e+02 -5.502133563313451532e+02
-5.489027986300000066e+02 -5.487418996715101684e+02
-5.495546448300000293e+02 -5.495104567545461123e+02
-5.504680116099999623e+02 -5.504387207605598178e+02
-5.493057360899999821e+02 -5.492944233216164776e+02
-5.489515115100000457e+02 -5.488771236767379378e+02
-5.497413851400000340e+02 -5.495872950030739048e+02
-5.503520321400000057e+02 -5.502817587972072033e+02
-5.491262867499999629e+02 -5.492361788268668761e+02
-5.479893912500000397e+02 -5.481254858980241806e+02
-5.501936799400000382e+02 -5.502752643464517632e+02
-5.502759252099999685e+02 -5.503507565869400651e+02
-5.480927799600000299e+02 -5.481283802629482125e+02
-5.478227556800000002e+02 -5.477987769545170522e+02
-5.505653588100000206e+02 -5.505509914862288952e+02
-5.498853026299999556e+02 -5.498302770479032233e+02
-5.500702082100000325e+02 -5.499534147717895394e+02
-5.512591631599999573e+02 -5.511577382597503174e+02
-5.522666473299999552e+02 -5.521867515315454966e+02
-5.524483883399999513e+02 -5.524933369874547680e+02
-5.477928726200000256e+02 -5.478692169909163567e+02
-5.482930585599999631e+02 -5.481987497182533389e+02
-5.484523908899999469e+02 -5.483626531835778906e+02
-5.499238386499999933e+02 -5.498795815167866294e+02
-5.512606031300000495e+02 -5.512329837332314355e+02
-5.508740173400000231e+02 -5.508315952967573139e+02
-5.493292770399999654e+02 -5.493141463957155111e+02
-5.476591087499999730e+02 -5.477052233101187539e+02
-5.465550518600000487e+02 -5.466245561173747092e+02
-5.459999855099999877e+02 -5.460612435623266947e+02
-5.430781204899999466e+02 -5.431093618303699486e+02
-5.505368844299999864e+02 -5.506205671787329265e+02
-5.501185770399999910e+02 -5.501955502348475875e+02
-5.482347567499999741e+02 -5.483069978501210926e+02
-5.480516439599999785e+02 -5.479462919997791914e+02
-5.493058044800000062e+02 -5.492230801536152285e+02
-5.506533189399999628e+02 -5.505437333712942518e+02
-5.511365343300000177e+02 -5.510344365702565028e+02
-5.513741040200000043e+02 -5.512837316265120080e+02
-5.506986626599999681e+02 -5.506153155534664165e+02
-5.507524867500000028e+02 -5.506400312946946087e+02
-5.496695761800000355e+02 -5.495959239335018083e+02
-5.500506208000000470e+02 -5.500463257227420399e+02
-5.502991232499999796e+02 -5.502764425808009037e+02
-5.489783605600000556e+02 -5.490213193097895328e+02
-5.468607367500000009e+02 -5.468782122806985626e+02
-5.475213006200000336e+02 -5.475497329996281906e+02
-5.477607447100000400e+02 -5.477628518731694385e+02
-5.496050300599999900e+02 -5.495801848126457116e+02
-5.501238711700000295e+02 -5.501437990401841489e+02
-5.504097218900000144e+02 -5.504581015325686622e+02
-5.480158775400000195e+02 -5.480986368662011046e+02
-5.476633595900000273e+02 -5.477556884726469661e+02
-5.487360262500000090e+02 -5.488051379203366196e+02
-5.479478164900000365e+02 -5.480091860368148673e+02
-5.522459828600000264e+02 -5.523432806991488633e+02
-5.477449370399999680e+02 -5.477308262119656774e+02
-5.491838719700000411e+02 -5.492008697060745135e+02
-5.496288450700000112e+02 -5.496391056337946566e+02
-5.502468498800000134e+02 -5.502531884063267853e+02
-5.494116832500000100e+02 -5.493809255285741528e+02
-5.489444257000000107e+02 -5.489275634043005994e+02
-5.506013548700000229e+02 -5.506635647877224073e+02
-5.493598413199999868e+02 -5.494671433969444934e+02
-5.484134606699999495e+02 -5.485585005879117944e+02
-5.499411381099999971e+02 -5.500401241804562460e+02
-5.501897610800000393e+02 -5.502965634088734532e+02
-5.511910282300000290e+02 -5.512308448304526109e+02
-5.508007282199999963e+02 -5.508671851748240442e+02
-5.489325675699999465e+02 -5.490136005860688329e+02
-5.470809169699999757e+02 -5.471330747839992910e+02
-5.495594444399999929e+02 -5.495308444623461810e+02
-5.461699964900000168e+02 -5.461458915756106762e+02
-5.461149943599999688e+02 -5.462290016990525601e+02
-5.460742205999999896e+02 -5.461803380012502203e+02
-5.480154585799999722e+02 -5.481215861833559302e+02
-5.491641151999999693e+02 -5.492510165082710500e+02
-5.508808601399999816e+02 -5.509916378053681001e+02
-5.497762727000000496e+02 -5.498952341206747860e+02
-5.494908631199999718e+02 -5.495532509480578938e+02
-5.492755885699999681e+02 -5.493151106914164075e+02
-5.475231989100000192e+02 -5.474630263452179406e+02
-5.467025918099999444e+02 -5.465597195979730714e+02
-5.479341809300000250e+02 -5.478972205283489529e+02
-5.465489748899999540e+02 -5.463085926284124980e+02
-5.459317696299999625e+02 -5.457297991589716730e+02
-5.466059832400000005e+02 -5.463940901505688998e+02
-5.471917682099999638e+02 -5.470097692824726892e+02
-5.457297613199999660e+02 -5.454694172832930690e+02
-5.460581903700000339e+02 -5.458016515355495812e+02
-5.457318388400000231e+02 -5.456703830382048181e+02
-5.491677593699999989e+02 -5.491536132992705461e+02
-5.497487569300000132e+02 -5.497952725033494517e+02
-5.478702980799999978e+02 -5.479307974654377631e+02
-5.452285917000000381e+02 -5.453428113253660285e+02
-5.487635123000000021e+02 -5.487485329454681278e+02
-5.483208645099999785e+02 -5.483989582945034726e+02
-5.491540450899999541e+02 -5.491269121322993669e+02
-5.479073845799999845e+02 -5.478741097103824131e+02
-5.478187092399999756e+02 -5.477817061257878777e+02
-5.501046740499999714e+02 -5.500731250532012382e+02
-5.488447443600000497e+02 -5.488843586276054793e+02
-5.468989570500000355e+02 -5.469290549917936914e+02
-5.478788805699999784e+02 -5.478847709856670463e+02
-5.466130398899999818e+02 -5.466173597377976421e+02
-5.461911116200000151e+02 -5.461192609648469443e+02
-5.475336014499999919e+02 -5.474828221838702120e+02
-5.506376730499999894e+02 -5.505908725069006096e+02
-5.465762551200000416e+02 -5.465606753034206804e+02
-5.459599519500000042e+02 -5.459366048379415588e+02
-5.480637639699999681e+02 -5.479967704187212121e+02
-5.496901186999999709e+02 -5.496503188758405258e+02
-5.492680993799999669e+02 -5.492382107208441084e+02
-5.477889093999999659e+02 -5.479206301733898954e+02
-5.508926490000000058e+02 -5.508946888358741489e+02
-5.471716469799999913e+02 -5.471362418659480227e+02
-5.467661401699999715e+02 -5.467876898759603819e+02
-5.501947090099999969e+02 -5.502515911828035087e+02
-5.508702364800000169e+02 -5.510116761442913003e+02
-5.512285973900000045e+02 -5.513237517681681084e+02
-5.511697692000000188e+02 -5.512551978651086984e+02
-5.507482697499999631e+02 -5.507495688125484321e+02
-5.505380040400000325e+02 -5.505564100062849775e+02
-5.484820372499999621e+02 -5.485177400758469730e+02
-5.474794961200000216e+02 -5.473469553589798124e+02
-5.466168970100000024e+02 -5.464979624011156147e+02
-5.461682578700000477e+02 -5.459786886511492412e+02
-5.469857797900000378e+02 -5.469949754248013960e+02
-5.467068186499999456e+02 -5.467164068803585906e+02
-5.482004563199999438e+02 -5.481801022952711264e+02
-5.493204473900000266e+02 -5.492814369687514500e+02
-5.494195990700000038e+02 -5.493779490700368342e+02
-5.497323961199999758e+02 -5.496356151025577219e+02
-5.508119675100000450e+02 -5.507657179384798383e+02
-5.512051060999999663e+02 -5.511677560011464720e+02
-5.486492388000000346e+02 -5.486945026426246841e+02
-5.503174101600000085e+02 -5.503031941205708790e+02
-5.503562189199999466e+02 -5.503408343203263939e+02
-5.491597762599999442e+02 -5.491307984030595435e+02
-5.484433762999999544e+02 -5.484087643813060140e+02
-5.475516640299999835e+02 -5.475057910720529435e+02
-5.483368768300000511e+02 -5.482793942324873342e+02
-5.485359855499999640e+02 -5.484690928955345726e+02
-5.481555354700000180e+02 -5.480887199077434389e+02
-5.476326460799999722e+02 -5.476242726886714536e+02
-5.445364591000000019e+02 -5.444642865196467483e+02
-5.447515329999999949e+02 -5.446907754318960997e+02
-5.449388901199999964e+02 -5.449068611442344263e+02
-5.483991752499999848e+02 -5.482761785707673425e+02
-5.477606897499999832e+02 -5.476680295664758660e+02
-5.471732727999999497e+02 -5.471052941008058497e+02
-5.473303747600000406e+02 -5.472655098247585101e+02
-5.471711997899999460e+02 -5.472689716278189280e+02
-5.479250155299999960e+02 -5.479809516969013430e+02
-5.469064934699999867e+02 -5.468806569069163288e+02
-5.498888365200000408e+02 -5.498097062848552241e+02
-5.482165312900000345e+02 -5.481503067174974149e+02
-5.486441631500000540e+02 -5.486247308108878542e+02
-5.483943129499999714e+02 -5.485647979572777331e+02
-5.484524719400000095e+02 -5.486174792670433362e+02
-5.492071824900000365e+02 -5.493128772156171635e+02
-5.474944180300000198e+02 -5.476461953645714402e+02
-5.466575109899999916e+02 -5.467725412351468322e+02
-5.471394754200000534e+02 -5.472341534998788575e+02
-5.472543170000000146e+02 -5.473382916340076463e+02
-5.464264783400000169e+02 -5.464355725181928847e+02
-5.497891719599999760e+02 -5.497957796658836287e+02
-5.496232387699999435e+02 -5.495958355625293734e+02
-5.468210164500000019e+02 -5.469075417209674015e+02
-5.473403455400000439e+02 -5.474373720494620557e+02
-5.475758113299999650e+02 -5.477521021325251240e+02
-5.453696412599999803e+02 -5.454669096000931177e+02
-5.441082850599999574e+02 -5.441995270645219307e+02
-5.440596009600000116e+02 -5.441426543162192502e+02
-5.459336346300000287e+02 -5.459721241114451686e+02
-5.474254193299999542e+02 -5.474690819101516581e+02
-5.488585526499999787e+02 -5.489419583784128918e+02
-5.480787820499999725e+02 -5.481301900805699461e+02
-5.449506105299999490e+02 -5.449451235673311658e+02
-5.460619067000000086e+02 -5.460995094539063075e+02
-5.468971408800000518e+02 -5.470116387015500550e+02
-5.473784693500000458e+02 -5.475000046179737865e+02
-5.472788336999999501e+02 -5.472167749106323527e+02
-5.493204710200000136e+02 -5.492759012519763928e+02
-5.445883031099999698e+02 -5.445128304620461677e+02
-5.438164099099999476e+02 -5.437942031434436103e+02
-5.443983908000000156e+02 -5.444457590819203006e+02
-5.443381783199999973e+02 -5.443987773288032486e+02
-5.439392791799999713e+02 -5.440660993930400764e+02
-5.443698917200000551e+02 -5.444992761440623781e+02
-5.466770910599999524e+02 -5.466751470283815024e+02
-5.468278940500000544e+02 -5.467594937932310586e+02
-5.477676405800000339e+02 -5.477724409188379013e+02
-5.462685943499999439e+02 -5.463009343372732474e+02
-5.443405342099999871e+02 -5.445009399104263821e+02
-5.464070780099999638e+02 -5.465533187748034152e+02
-5.467329356999999845e+02 -5.468055502719296328e+02
-5.462966817300000457e+02 -5.463317470741536681e+02
-5.481201154599999654e+02 -5.481671508932304278e+02
-5.456957363699999632e+02 -5.458200336918696394e+02
-5.475114112300000215e+02 -5.476175661590775690e+02
-5.473255590300000222e+02 -5.474440219521166000e+02
-5.456976580399999648e+02 -5.457818987849743735e+02
-5.451653048800000079e+02 -5.452986650347938848e+02
-5.456054105399999798e+02 -5.457168036855530318e+02
-5.455419329600000538e+02 -5.456414718464843645e+02
-5.466280822899999521e+02 -5.466463355209455131e+02
-5.459561667100000477e+02 -5.459652783533417733e+02
-5.459390571100000216e+02 -5.458490708580159207e+02
-5.462406848000000537e+02 -5.461738423402456419e+02
-5.455561995900000056e+02 -5.455576518504688011e+02
-5.459164194300000190e+02 -5.459175608738839856e+02
-5.458444083000000546e+02 -5.457585664654104676e+02
-5.439375303199999507e+02 -5.438342832645336102e+02
-5.419358866000000035e+02 -5.416306633107811876e+02
-5.510010309399999642e+02 -5.510551242508507812e+02
-5.483746509799999558e+02 -5.484407923993835539e+02
-5.479026445199999671e+02 -5.479582123309514827e+02
-5.468435648600000150e+02 -5.469125405393699566e+02
-5.480862326999999823e+02 -5.481312990509321708e+02
-5.481786299599999666e+02 -5.481742931133638876e+02
-5.476755213000000140e+02 -5.476163320881373693e+02
-5.464015736400000378e+02 -5.463390301900476516e+02
-5.458737339499999734e+02 -5.458398466371227187e+02
-5.442060890200000358e+02 -5.441864064094365858e+02
-5.480105718500000194e+02 -5.480380877935327817e+02
-5.480089687800000320e+02 -5.480674147803938467e+02
-5.498363129699999945e+02 -5.498769504071747178e+02
-5.512296917099999973e+02 -5.512628483755192974e+02
-5.476222450200000367e+02 -5.475818619890134187e+02
-5.455757300400000531e+02 -5.454357169775184957e+02
-5.468890594299999748e+02 -5.468500633377615259e+02
-5.462010610700000370e+02 -5.463075817738902060e+02
-5.444111743400000023e+02 -5.443967883028221877e+02
-5.446334143899999845e+02 -5.445115939661038738e+02
-5.446763908899999933e+02 -5.446437302265361495e+02
-5.450672272499999735e+02 -5.450046898311707082e+02
-5.454368801099999473e+02 -5.452943203565296244e+02
-5.432722225500000377e+02 -5.430760472860183654e+02
-5.488059982300000001e+02 -5.486902658272661029e+02
-5.477252671200000123e+02 -5.476568460015457731e+02
-5.458297291799999584e+02 -5.457003058957468511e+02
-5.462512336900000491e+02 -5.460880890078340144e+02
-5.467819001399999479e+02 -5.465920519224239342e+02
-5.461440861500000210e+02 -5.459699265540057240e+02
-5.442780531099999735e+02 -5.442749396582341888e+02
-5.448880561900000430e+02 -5.448906229467643243e+02
-5.449444864700000153e+02 -5.450099479398888889e+02
-5.430915203199999723e+02 -5.432006541687626395e+02
-5.412320174100000258e+02 -5.413272699117961793e+02
-5.432894002799999953e+02 -5.433689821059771248e+02
-5.464925587300000416e+02 -5.464600812163363344e+02
-5.489559258100000534e+02 -5.487824240805368845e+02
-5.493837272399999847e+02 -5.493167460829877200e+02
-5.430001000500000146e+02 -5.430324745832863300e+02
-5.417586725899999465e+02 -5.417051840006356542e+02
-5.451501596199999540e+02 -5.451369672070910610e+02
-5.465416768400000365e+02 -5.466332479828033684e+02
-5.458585866900000383e+02 -5.458908208962463959e+02
-5.465564027799999849e+02 -5.466282396033161604e+02
-5.462385061700000506e+02 -5.462787388878512047e+02
-5.465430254499999592e+02 -5.466011600867084326e+02
-5.482874199399999497e+02 -5.483229024618390213e+02
-5.484199178000000074e+02 -5.484596933476046843e+02
-5.460741752500000530e+02 -5.461430595739238925e+02
-5.469865222299999914e+02 -5.470126642913496653e+02
-5.471977305000000342e+02 -5.472131542016168169e+02
-5.475680014499999970e+02 -5.476504101087692788e+02
-5.468995566900000540e+02 -5.468802407403628649e+02
-5.440153874200000246e+02 -5.440793188731621512e+02
-5.466693929000000480e+02 -5.467506456638066084e+02
-5.447173749199999975e+02 -5.447647724488931544e+02
-5.451442245099999582e+02 -5.451028591913093351e+02
-5.462790566400000216e+02 -5.463446657015301753e+02
-5.455494654999999966e+02 -5.456145540820775750e+02
-5.442409322400000065e+02 -5.443419575813848041e+02
-5.466262403700000050e+02 -5.467252451081596973e+02
-5.462536516699999538e+02 -5.464275041567225344e+02
-5.450300853899999538e+02 -5.451559500078950578e+02
-5.443284243399999696e+02 -5.444620574797011159e+02
-5.447341375600000219e+02 -5.448622831861356417e+02
-5.455308121599999822e+02 -5.456479244156896584e+02
-5.436673331800000142e+02 -5.437801866430236259e+02
-5.460219191800000544e+02 -5.460336454957955539e+02
-5.443917782900000475e+02 -5.446779325892803172e+02
-5.471202501599999550e+02 -5.472499639228628894e+02
-5.481316418300000350e+02 -5.481311350927884405e+02
-5.441619776899999579e+02 -5.440319042906562572e+02
-5.460586902999999666e+02 -5.459930673267645034e+02
-5.458416432300000452e+02 -5.457065087292170347e+02
-5.460929586199999903e+02 -5.459768412536284359e+02
-5.444247157600000264e+02 -5.443276117818752482e+02
-5.454610324300000457e+02 -5.456376797356429051e+02
-5.436274603699999943e+02 -5.439320538484911367e+02
-5.438518103000000110e+02 -5.439225833977775437e+02
-5.467251295700000355e+02 -5.468081701323405923e+02
-5.465902513300000010e+02 -5.466027534398144780e+02
-5.458430571400000417e+02 -5.457838407595010040e+02
-5.455456075199999759e+02 -5.455779340740563157e+02
-5.461631577499999821e+02 -5.461154489675245713e+02
-5.467204011999999693e+02 -5.466987545112328917e+02
-5.466473734500000319e+02 -5.467250993022557850e+02
-5.471328280400000494e+02 -5.471365010372628603e+02
-5.479636572900000147e+02 -5.479568625913680080e+02
-5.473957051600000341e+02 -5.474243224167488506e+02
-5.478570931199999450e+02 -5.479109689313778517e+02
-5.479303560500000003e+02 -5.479787435840930812e+02
-5.477108407199999647e+02 -5.476983181267760301e+02
-5.445458035799999834e+02 -5.446190918467694928e+02
-5.432773763500000541e+02 -5.434248056256878954e+02
-5.448714620099999593e+02 -5.449266774713271388e+02
-5.439541619499999570e+02 -5.439792473032891849e+02
-5.461686931899999990e+02 -5.462807966464296214e+02
-5.439083778299999494e+02 -5.439099606631945107e+02
-5.443730783299999985e+02 -5.443781270843333004e+02
-5.466258729099999982e+02 -5.465371470839537551e+02
-5.460781495300000188e+02 -5.460077503229463218e+02
-5.453296107899999470e+02 -5.452771253256598811e+02
-5.474844455400000243e+02 -5.473743555598556441e+02
-5.497817317699999649e+02 -5.497548820036038251e+02
-5.473264965900000334e+02 -5.472526665850564314e+02
-5.485660443199999463e+02 -5.485193272987401087e+02
-5.464593108100000336e+02 -5.463564692195152475e+02
-5.470697946000000229e+02 -5.470595523881347617e+02
-5.484170822900000530e+02 -5.484931954590902023e+02
-5.454986145399999486e+02 -5.455732384984260079e+02
-5.459346184199999925e+02 -5.459617207181677259e+02
-5.470783105399999613e+02 -5.470978648471563019e+02
-5.486413350899999841e+02 -5.486050223614936385e+02
-5.493638994799999864e+02 -5.494593662301144832e+02
-5.498393060600000126e+02 -5.499152877319368145e+02
-5.478408843299999944e+02 -5.477791614899136903e+02
-5.466453976300000477e+02 -5.467445412180120456e+02
-5.467580442400000038e+02 -5.468127569537871295e+02
-5.467744231000000354e+02 -5.467993848049511598e+02
-5.460131644900000083e+02 -5.461207469802013748e+02
-5.484353809499999670e+02 -5.485422131220576603e+02
-5.478769743399999470e+02 -5.479971423168132105e+02
-5.454151587999999720e+02 -5.455388938387785629e+02
-5.426562195999999858e+02 -5.425868263676102288e+02
-5.420595527399999582e+02 -5.420059353381885785e+02
-5.444686898100000008e+02 -5.444673281837322065e+02
-5.446709345299999541e+02 -5.447246408865119065e+02
-5.446292647699999634e+02 -5.446731642616902036e+02
-5.460807817200000045e+02 -5.461125049480901907e+02
-5.467678263499999503e+02 -5.468053186920528788e+02
-5.454498323499999515e+02 -5.455438244012025280e+02
-5.503121978299999455e+02 -5.504912573741466986e+02
-5.475475442399999793e+02 -5.477704936436198295e+02
-5.474662665800000241e+02 -5.476713578709037620e+02
-5.474510360399999627e+02 -5.475576696523735336e+02
-5.467965260199999875e+02 -5.468659445842041578e+02
-5.463480547299999444e+02 -5.463550710133847588e+02
-5.472879654700000174e+02 -5.473233061580239109e+02
-5.456182258100000126e+02 -5.456761881665269129e+02
-5.464751140299999861e+02 -5.465275097698055333e+02
-5.461276821100000234e+02 -5.461194531723701857e+02
-5.472339600100000325e+02 -5.472293865232713870e+02
-5.458387841799999478e+02 -5.457779457058081789e+02
-5.467935518199999478e+02 -5.465441068966537159e+02
-5.469058412699999963e+02 -5.466967761230421274e+02
-5.468231977599999709e+02 -5.466433844583891641e+02
-5.466164700399999674e+02 -5.464255205787933392e+02
-5.464090894400000025e+02 -5.463374428854524467e+02
-5.466399648300000536e+02 -5.466022413823365014e+02
-5.465645080100000541e+02 -5.465351432489950412e+02
-5.450986864799999694e+02 -5.451669258495381882e+02
-5.462097979899999700e+02 -5.463033303334443644e+02
-5.464793008999999984e+02 -5.465725614042104326e+02
-5.477900602400000025e+02 -5.478290204471412608e+02
-5.485865370300000450e+02 -5.486228284693584101e+02
-5.478635951400000295e+02 -5.479319872579296771e+02
-5.468249316799999633e+02 -5.469598345621250246e+02
-5.450048133400000552e+02 -5.449851345407575991e+02
-5.456797590600000376e+02 -5.457785733147414930e+02
-5.457539770399999952e+02 -5.458132080890056841e+02
-5.469805927099999963e+02 -5.470501963031697414e+02
-5.469717267400000082e+02 -5.470439564866890123e+02
-5.426505900399999973e+02 -5.427163825149721106e+02
-5.426982434699999658e+02 -5.427484078992745253e+02
-5.454791413699999794e+02 -5.454354352995566160e+02
-5.457436385800000380e+02 -5.457041227147009295e+02
-5.435824940999999626e+02 -5.435326417637890017e+02
-5.431201875000000427e+02 -5.430573626077934932e+02
-5.472060887999999750e+02 -5.470369115417611283e+02
-5.456666579400000501e+02 -5.455506343832443008e+02
-5.454406199200000174e+02 -5.452968410202454379e+02
-5.451023050200000171e+02 -5.449612908171100116e+02
-5.432261213000000453e+02 -5.432396854199458858e+02
-5.426705779100000200e+02 -5.427043377645090914e+02
-5.442730379099999709e+02 -5.441848245880480590e+02
-5.429380892000000358e+02 -5.429235199928115208e+02
-5.416839512599999580e+02 -5.416766253601008430e+02
-5.413844387499999584e+02 -5.413850192065918918e+02
-5.416806799600000204e+02 -5.416875290265987815e+02
-5.428820524200000364e+02 -5.428914132318572001e+02
-5.468720083499999873e+02 -5.469051824290759214e+02
-5.474587130999999545e+02 -5.475364819307060316e+02
-5.482329948200000445e+02 -5.482081507477064406e+02
-5.479681473199999573e+02 -5.479513065036464923e+02
-5.465914579400000548e+02 -5.466752929049465592e+02
-5.474296697500000164e+02 -5.475039354616867513e+02
-5.472001440000000230e+02 -5.471805340306252674e+02
-5.477991302200000518e+02 -5.477621799275223111e+02
-5.452581903799999736e+02 -5.451062837909474865e+02
-5.466838341200000286e+02 -5.467679392751747400e+02
-5.441763432100000273e+02 -5.441324838232856109e+02
-5.458547829599999659e+02 -5.459124730685367695e+02
-5.445546936099999584e+02 -5.446160695374214811e+02
-5.436176693300000125e+02 -5.437099715481065232e+02
-5.433303306200000407e+02 -5.434215901904367456e+02
-5.434578486399999520e+02 -5.435390435380513736e+02
-5.460943264999999656e+02 -5.460129486608811931e+02
-5.456513588000000254e+02 -5.456032076289618544e+02
-5.457675252699999646e+02 -5.455941439624906479e+02
-5.462893986499999528e+02 -5.462013131368980794e+02
-5.453191132700000026e+02 -5.451748850369622232e+02
-5.469818266900000481e+02 -5.468150243128040984e+02
-5.431100546000000122e+02 -5.429111259604885618e+02
-5.431116599900000210e+02 -5.428661075916490972e+02
-5.403566131600000517e+02 -5.402309488832552233e+02
-5.427278124800000114e+02 -5.425625146534023315e+02
-5.408819797999999537e+02 -5.408505352581025818e+02
-5.442419045599999663e+02 -5.441158140332420317e+02
-5.409959136100000023e+02 -5.408014138289246375e+02
-5.420637466900000163e+02 -5.420398915674747968e+02
-5.417703898900000468e+02 -5.418710249088260298e+02
-5.409665255500000285e+02 -5.410696178055640075e+02
-5.418962225400000534e+02 -5.419283930569386030e+02
-5.451712777300000425e+02 -5.452994873842296784e+02
-5.427934362199999896e+02 -5.429074933497703341e+02
-5.437922058899999911e+02 -5.438627100527022549e+02
-5.407818300100000215e+02 -5.410015762972381026e+02
-5.403438245800000459e+02 -5.405020474326485100e+02
-5.393444882000000007e+02 -5.395213974086834696e+02
-5.449755251499999531e+02 -5.448810113799740975e+02
-5.451176311000000396e+02 -5.450008514671899320e+02
-5.443341777900000125e+02 -5.441625464747447722e+02
-5.438756056500000113e+02 -5.436895226300044897e+02
-5.432338224799999580e+02 -5.430227758024715286e+02
-5.427886434299999792e+02 -5.425790001998594789e+02
-5.393874064200000475e+02 -5.394150384822236219e+02
-5.409062786900000219e+02 -5.410743696315857960e+02
-5.394605873900000006e+02 -5.396428377506823608e+02
-5.436155425800000103e+02 -5.436724219102457027e+02
-5.433625848599999699e+02 -5.434317604818998007e+02
-5.421323511599999847e+02 -5.421706008139059350e+02
-5.429657253699999728e+02 -5.429103144178502589e+02
-5.458034243299999844e+02 -5.457724513914188265e+02
-5.425902216199999657e+02 -5.425738306657030989e+02
-5.427293830500000240e+02 -5.428075068641390999e+02
-5.411575273500000094e+02 -5.411381269260052704e+02
-5.407223326600000064e+02 -5.407283658599826595e+02
-5.415400569800000312e+02 -5.415371527775064351e+02
-5.426067170300000271e+02 -5.426387665146048676e+02
-5.415623033399999713e+02 -5.416131731884522651e+02
-5.390386541100000386e+02 -5.392414810488282910e+02
-5.430710730900000272e+02 -5.430478290420409166e+02
-5.401355640000000449e+02 -5.401917721778487476e+02
-5.405862020499999971e+02 -5.405516037634646409e+02
-5.422791792199999463e+02 -5.423540751745293846e+02
-5.397878069800000276e+02 -5.398950964153997347e+02
-5.393829260700000532e+02 -5.394051849668614977e+02
-5.378864872299999433e+02 -5.378897475168154187e+02
-5.365411498500000107e+02 -5.365901451158831605e+02
-5.385146572500000275e+02 -5.385524988097283767e+02
-5.391471436099999437e+02 -5.392478916674568836e+02
-5.392564924199999723e+02 -5.393814802249914919e+02
-5.378332383399999799e+02 -5.379665740632067354e+02
-5.442143613800000139e+02 -5.443248076418537948e+02
-5.389383072599999878e+02 -5.390396905573784352e+02
-5.400030787800000098e+02 -5.400992967292734193e+02
-5.421238253799999711e+02 -5.422040703353324034e+02
-5.410420860899999980e+02 -5.410502893389153769e+02
-5.406445993600000293e+02 -5.406380698904849851e+02
-5.416256160000000364e+02 -5.417557207453767205e+02
-5.452172368400000551e+02 -5.451542740165064060e+02
-5.450839946400000144e+02 -5.450071495925737963e+02
-5.447226665299999695e+02 -5.446591452273569303e+02
-5.400363203099999510e+02 -5.399793625187709267e+02
-5.437977007099999582e+02 -5.438725547012438710e+02
-5.439567251299999953e+02 -5.441080584495526864e+02
-5.427062097299999550e+02 -5.428437823615320212e+02
-5.414815676499999881e+02 -5.414279702205288913e+02
-5.395510813199999802e+02 -5.393997624156693291e+02
-5.426068668100000423e+02 -5.425301444156441448e+02
-5.409539518899999848e+02 -5.408292369570584697e+02
-5.405450081699999600e+02 -5.404161657658335116e+02
-5.418371742799999993e+02 -5.417452759018494817e+02
-5.417331664199999750e+02 -5.414306235065655528e+02
-5.416378918000000340e+02 -5.415224175787031982e+02
-5.436372664799999939e+02 -5.434917312516400898e+02
-5.405875667499999508e+02 -5.405471884377548122e+02
-5.422766664099999616e+02 -5.422155308665928715e+02
-5.419891582499999458e+02 -5.419445511298888505e+02
-5.395882750499999929e+02 -5.395938657355952728e+02
-5.379550533399999495e+02 -5.378949583591088413e+02
-5.379479398600000195e+02 -5.378926599168257781e+02
-5.413132867900000065e+02 -5.412324967776444282e+02
-5.411628225199999633e+02 -5.410823648737875828e+02
-5.421910428899999488e+02 -5.420819720225201763e+02
-5.433243884800000387e+02 -5.432127202454958024e+02
-5.405064375700000028e+02 -5.404711967298951549e+02
-5.405164578599999459e+02 -5.404808220516976007e+02
-5.420035529799999949e+02 -5.419121546925730399e+02
-5.424984782499999483e+02 -5.423676089630753268e+02
-5.421977951699999494e+02 -5.420002461800792162e+02
-5.427556513800000175e+02 -5.425744016000284091e+02
-5.415797108699999853e+02 -5.414315404325205918e+02
-5.396631132400000297e+02 -5.394935539686806578e+02
-5.404913247499999898e+02 -5.404251028556808478e+02
-5.425696285799999714e+02 -5.425907766396949228e+02
-5.423255120999999690e+02 -5.421767691688994546e+02
-5.410226408700000320e+02 -5.408794674234995910e+02
-5.438379114299999628e+02 -5.438928522072360465e+02
