# ..\test_data: data_e pred_e
-8.801030611874999465e+00 -8.801040543645960668e+00
-8.800254092656249583e+00 -8.800256916625404102e+00
-8.799951677656249416e+00 -8.799952542229384278e+00
-8.798145673124999178e+00 -8.798134279943550240e+00
-8.798035680312500162e+00 -8.798026167815086396e+00
-8.797982223125000445e+00 -8.797945533003488805e+00
-8.796630364687500148e+00 -8.796598461172914440e+00
-8.795613557499999402e+00 -8.795581443969279434e+00
-8.795590166406249466e+00 -8.795555054721940991e+00
-8.795749684062499796e+00 -8.795710426035741492e+00
-8.795025439062499117e+00 -8.794976144557271169e+00
-8.794677366874999791e+00 -8.794622814254076104e+00
-8.794478719062500005e+00 -8.794421825888502298e+00
-8.794358496875000597e+00 -8.794292777380299242e+00
-8.794749271562499970e+00 -8.794693302607196728e+00
-8.793785325781250606e+00 -8.793749144702417198e+00
-8.793357087812500694e+00 -8.793239466364834556e+00
-8.793081785937500783e+00 -8.792954642353256745e+00
-8.791701000625000262e+00 -8.791556744891925845e+00
-8.791493166875000043e+00 -8.791348234190857980e+00
-8.789640210468750325e+00 -8.789481814172241059e+00
-8.792149219843750529e+00 -8.792034347978127329e+00
-8.791651714374999926e+00 -8.791524841999187601e+00
-8.791068767031250175e+00 -8.790940111953206682e+00
-8.789966338437499971e+00 -8.789812114186764447e+00
-8.789736897499999202e+00 -8.789667787983770353e+00
-8.788933170312500209e+00 -8.788877450195492713e+00
-8.787804587968750525e+00 -8.787678952649336850e+00
-8.786938685312499331e+00 -8.786819833376245725e+00
-8.786548552968749703e+00 -8.786408888902911940e+00
-8.783877000468750751e+00 -8.783764350005522914e+00
-8.784905025781249321e+00 -8.784682118484205660e+00
-8.784855211249999130e+00 -8.784614409770384214e+00
-8.785037820624999938e+00 -8.784776695445703609e+00
-8.783650154062499382e+00 -8.783366730858119809e+00
-8.783913695624999463e+00 -8.783731655316106668e+00
-8.781530136249999785e+00 -8.781409970010280119e+00
-8.774119693281249965e+00 -8.773982504332614951e+00
-8.779967244218749300e+00 -8.779818467661481662e+00
-8.774225295937499780e+00 -8.773990085054853338e+00
-8.774395950156250734e+00 -8.774175293530745989e+00
-8.775068331718749448e+00 -8.774852499150513907e+00
-8.779639894218750129e+00 -8.779445699294395666e+00
-8.778584622343750254e+00 -8.778357772222015853e+00
-8.777598388437500176e+00 -8.777363938114344677e+00
-8.779864966562499262e+00 -8.779629301286920651e+00
-8.781045403281250827e+00 -8.780834818533673314e+00
-8.776089098593750748e+00 -8.775845039753960464e+00
-8.775410304843749287e+00 -8.775067425579980096e+00
-8.772395925468750022e+00 -8.772025364880111198e+00
-8.773259393906249315e+00 -8.772888986409977718e+00
-8.775339661406249547e+00 -8.774983722579632328e+00
-8.775657658593749133e+00 -8.775364287675728292e+00
-8.772531070468749803e+00 -8.772235649584455786e+00
-8.770083163281249483e+00 -8.769820564643458383e+00
-8.769610492812500269e+00 -8.769376620174519132e+00
-8.768517250781249217e+00 -8.768554927322730563e+00
-8.770310786874999209e+00 -8.770153749061876169e+00
-8.771121938906249582e+00 -8.771209041045773702e+00
-8.773523883593750128e+00 -8.773499993891498150e+00
-8.770442194687500859e+00 -8.770347444982760976e+00
-8.769148964062500440e+00 -8.769015789985825649e+00
-8.762740042812499297e+00 -8.762591046864468325e+00
-8.765974046874999814e+00 -8.765790704851642801e+00
-8.768478138124999433e+00 -8.768276430805956423e+00
-8.766543180156249448e+00 -8.766357686902299662e+00
-8.764064761249999336e+00 -8.763867481917099411e+00
-8.765940115312499614e+00 -8.765731486085392987e+00
-8.766636326562499804e+00 -8.765891119932447850e+00
-8.765783021093749738e+00 -8.764947981211733463e+00
-8.764553296875000399e+00 -8.763711166286148213e+00
-8.763867703124999409e+00 -8.763389201273525941e+00
-8.763761237187500441e+00 -8.763415545770861570e+00
-8.775288044218749306e+00 -8.775066889710807061e+00
-8.782444410937500834e+00 -8.782200599907298511e+00
-8.786120973124999622e+00 -8.785835528462698107e+00
-8.794954814687500289e+00 -8.794616343241509426e+00
-8.796223092812500255e+00 -8.795901572086219034e+00
-8.796341216718749578e+00 -8.796023657817876540e+00
-8.795743939843749359e+00 -8.795468690326504912e+00
-8.795317537031250410e+00 -8.795060497972562175e+00
-8.794528944218750866e+00 -8.794253879548172392e+00
-8.794031553906249243e+00 -8.793754663820740447e+00
-8.792890225156250850e+00 -8.792668654029700548e+00
-8.792921231718750619e+00 -8.792703751466200757e+00
-8.793279775781250862e+00 -8.793053254158117227e+00
-8.791870424375000326e+00 -8.791658700653925962e+00
-8.792338218281249951e+00 -8.792165860232781682e+00
-8.789688861718749635e+00 -8.789634841419072586e+00
-8.788242445625000343e+00 -8.788160170478276356e+00
-8.790339604374999283e+00 -8.790242508319170867e+00
-8.788748768906250675e+00 -8.788664078175987271e+00
-8.787893692812499324e+00 -8.787806146622262560e+00
-8.787756756249999412e+00 -8.787597863990768587e+00
-8.786863105781250738e+00 -8.786632571215037046e+00
-8.786276730781249711e+00 -8.786128476809476950e+00
-8.787452992187500200e+00 -8.787297898147750530e+00
-8.787024033437500492e+00 -8.786855796716961819e+00
-8.780897843281250559e+00 -8.780748576808804273e+00
-8.782091359687500542e+00 -8.782010128419493356e+00
-8.781844383750000205e+00 -8.781735095516221890e+00
-8.781854674999999943e+00 -8.781721907963166984e+00
-8.781681828749999141e+00 -8.781600754926721208e+00
-8.782960460781250589e+00 -8.782827707695876285e+00
-8.782378314062500024e+00 -8.782223929677972052e+00
-8.782194162187499487e+00 -8.781953682320484234e+00
-8.782591319687499620e+00 -8.782330624470233715e+00
-8.780078847656250574e+00 -8.779614793727986921e+00
-8.776232561406249744e+00 -8.776000110489817985e+00
-8.776368135000000237e+00 -8.776150908631919378e+00
-8.771513451249999704e+00 -8.771168619171270109e+00
-8.774204623750000209e+00 -8.773864446149302054e+00
-8.773976727343750781e+00 -8.773726173119836602e+00
-8.774232470624999891e+00 -8.773995778990936856e+00
-8.773604426093749353e+00 -8.773527614280792974e+00
-8.772911746562499502e+00 -8.772845291263029921e+00
-8.769047910624999886e+00 -8.768918157211697206e+00
-8.769202965781250469e+00 -8.769040975689645023e+00
-8.770631939687499212e+00 -8.770453494071261957e+00
-8.773424181250000231e+00 -8.773214076483030865e+00
-8.772967422968749318e+00 -8.772718808424794901e+00
-8.771301097343750186e+00 -8.771138303090097565e+00
-8.767623682656250139e+00 -8.767682321377641586e+00
-8.769251931093750230e+00 -8.769347710808304441e+00
-8.770080141718750610e+00 -8.770206747945749726e+00
-8.771665331406250488e+00 -8.771812363295012460e+00
-8.765276203281249678e+00 -8.765055427277390621e+00
-8.765804073437500676e+00 -8.765594933707969716e+00
-8.772312048906249160e+00 -8.772094947559541112e+00
-8.766404375156250595e+00 -8.766159930263961897e+00
-8.763960281875000646e+00 -8.763618903719020636e+00
-8.763071147499999825e+00 -8.762725622987412422e+00
-8.762959868750000325e+00 -8.762536633448535284e+00
-8.763777458281250432e+00 -8.763275826227420851e+00
-8.763027817343749248e+00 -8.762471072748070355e+00
-8.761343832031249335e+00 -8.760608238513173163e+00
-8.761222934531250672e+00 -8.760524710596090614e+00
-8.759197071406250146e+00 -8.758483232825794218e+00
-8.759990480468749396e+00 -8.759516316135474767e+00
-8.759136199374999876e+00 -8.758660908387289723e+00
-8.757164299687499209e+00 -8.756755675396950878e+00
-8.759683897187500179e+00 -8.759218036943870800e+00
-8.759338607343750027e+00 -8.758595994570057996e+00
-8.761183902187500649e+00 -8.760386686206036444e+00
-8.753074049218749764e+00 -8.752719144191267731e+00
-8.756421031249999487e+00 -8.756084013521604703e+00
-8.769768158437500460e+00 -8.769214174691036590e+00
-8.763318828750000122e+00 -8.762788688295184869e+00
-8.762638386093749787e+00 -8.762105566339052132e+00
-8.761716096093749684e+00 -8.761254849614356743e+00
-8.757015264062500748e+00 -8.756658992728379332e+00
-8.758704013281249701e+00 -8.758416888062310335e+00
-8.769829676875000146e+00 -8.769390882275558852e+00
-8.766090960937500398e+00 -8.765686498319201547e+00
-8.761064371406250828e+00 -8.760698784358783797e+00
-8.766197811718749122e+00 -8.765840877490255423e+00
-8.758783841406250659e+00 -8.758382413555947821e+00
-8.767418468749999860e+00 -8.767088660784787990e+00
-8.770029270000000210e+00 -8.769808454576395462e+00
-8.759447422343750844e+00 -8.759098281035635480e+00
-8.757723831250000757e+00 -8.756994584395263459e+00
-8.757511323593750063e+00 -8.757310963432939133e+00
-8.770040978281249622e+00 -8.769668568957145638e+00
-8.763951838906249847e+00 -8.763512062791406265e+00
-8.757850005156250006e+00 -8.757489999280100079e+00
-8.766382818593749349e+00 -8.766052483150152952e+00
-8.770380664843749230e+00 -8.769910513118851725e+00
-8.769844295781249244e+00 -8.769401107194440215e+00
-8.769925684687500222e+00 -8.769529676972073418e+00
-8.767167689687500598e+00 -8.766841958575469107e+00
-8.763662226875000627e+00 -8.763401990776845452e+00
-8.759788279062499683e+00 -8.759471679171305425e+00
-8.759303230000000440e+00 -8.758889565616918560e+00
-8.760445144218749647e+00 -8.759736314630924170e+00
-8.753990656718750429e+00 -8.753522987469658290e+00
-8.758297287031249212e+00 -8.757690092663692027e+00
-8.756022882187499690e+00 -8.755543937369786534e+00
-8.757518630937500603e+00 -8.756838300797285868e+00
-8.760788334531250499e+00 -8.760547317226347275e+00
-8.753733466718749412e+00 -8.753359565858840341e+00
-8.758688206718749925e+00 -8.758576810433133630e+00
-8.760261193281250414e+00 -8.760108555730024449e+00
-8.760430601718750765e+00 -8.760286039060243723e+00
-8.761331754531250127e+00 -8.760975818577476204e+00
-8.759104419374999395e+00 -8.758751964249661626e+00
-8.759106299218750280e+00 -8.758502155710285564e+00
-8.763128963437500474e+00 -8.763011580355675179e+00
-8.768178810312500460e+00 -8.768160029266665489e+00
-8.771941822968749136e+00 -8.771885564819697834e+00
-8.762238996093749677e+00 -8.761915749899612749e+00
-8.765146178437500879e+00 -8.765074148611972760e+00
-8.767093068124999888e+00 -8.766915496355881743e+00
-8.762923163593750786e+00 -8.762717868621276551e+00
-8.763181625625000137e+00 -8.763036205453403227e+00
-8.765265143281249394e+00 -8.765204901807292615e+00
-8.765526355312500684e+00 -8.765447347377616438e+00
-8.766420231562500831e+00 -8.766392376494280825e+00
-8.764748436874999271e+00 -8.764724963813829817e+00
-8.766169700468749326e+00 -8.766028872966646901e+00
-8.759951633281250594e+00 -8.759710099008435336e+00
-8.759396135468749733e+00 -8.759155759735518743e+00
-8.760802795000000032e+00 -8.760528491305123566e+00
-8.762628308593750859e+00 -8.762339306717279896e+00
-8.768215365937500394e+00 -8.768056439362919008e+00
-8.760469377187499518e+00 -8.760336376331007813e+00
-8.763120355312500109e+00 -8.762978485612645585e+00
-8.765565842812499397e+00 -8.765410967491742866e+00
-8.759663218749999203e+00 -8.759668381608531007e+00
-8.758024153593749972e+00 -8.758057870843316550e+00
-8.759549804531250317e+00 -8.759552583849451679e+00
-8.767304564374999387e+00 -8.767266549050196645e+00
-8.763722038750000110e+00 -8.763579374116480025e+00
-8.771165167812499774e+00 -8.771095687410037200e+00
-8.768099162500000432e+00 -8.768174197863420005e+00
-8.769149394375000739e+00 -8.769173043349727692e+00
-8.760687535468749232e+00 -8.760462249263049728e+00
-8.764103254218749584e+00 -8.763756607390826403e+00
-8.765610395312499747e+00 -8.765510411445134764e+00
-8.762081428281250695e+00 -8.762082127393270525e+00
-8.761013981718749122e+00 -8.760993853424716704e+00
-8.762894716406249174e+00 -8.762955399503287168e+00
-8.768362515468750118e+00 -8.768249086848605600e+00
-8.765175694062499190e+00 -8.765024147993756287e+00
-8.763274321249999943e+00 -8.763174565478035305e+00
-8.761841045000000605e+00 -8.761635348531427780e+00
-8.760666680937500672e+00 -8.760279149730703097e+00
-8.761000331250000883e+00 -8.760610943745600565e+00
-8.762837758437500568e+00 -8.762497705349169053e+00
-8.761973504374999777e+00 -8.761642020592503854e+00
-8.770962564062500633e+00 -8.770498661473858704e+00
-8.772298655468750539e+00 -8.771840597139417994e+00
-8.758949226562499746e+00 -8.758470367817336566e+00
-8.763784038124999398e+00 -8.763400667950049794e+00
-8.762259997343749163e+00 -8.762037526248539265e+00
-8.760071066093750858e+00 -8.759912887986850194e+00
-8.764615184531249881e+00 -8.764355727155900055e+00
-8.766684789375000619e+00 -8.766416244611743736e+00
-8.771356347812499621e+00 -8.771227450891579736e+00
-8.770507334375000852e+00 -8.770317783433918990e+00
-8.760779616249999791e+00 -8.760323190740299637e+00
-8.757806958125000207e+00 -8.757646305161069122e+00
-8.755956998906249567e+00 -8.755759732049973820e+00
-8.756109377031249252e+00 -8.755910953437165745e+00
-8.758205190312500221e+00 -8.757962825134509188e+00
-8.764044589687500775e+00 -8.763863666073007153e+00
-8.766206368437499563e+00 -8.765829753174795513e+00
-8.764754651093749516e+00 -8.764456557664132674e+00
-8.762078616718749657e+00 -8.761916744914806543e+00
-8.762278670624999322e+00 -8.761964141374196657e+00
-8.763111789999999957e+00 -8.762733441672212464e+00
-8.761016184843750665e+00 -8.760597005347872113e+00
-8.758520811874999978e+00 -8.758104749618789597e+00
-8.764230063437500107e+00 -8.763858105508957053e+00
-8.764896462812499678e+00 -8.764528585935778437e+00
-8.765747719062499499e+00 -8.765407949536136556e+00
-8.762635369531249552e+00 -8.762353991946593368e+00
-8.760306574843749416e+00 -8.760123300372349320e+00
-8.757562689374999820e+00 -8.757410272181461508e+00
-8.758424582187499752e+00 -8.758319903878266643e+00
-8.761124208281250603e+00 -8.760984153880315262e+00
-8.760303034843749614e+00 -8.760030582026178791e+00
-8.764360885781249166e+00 -8.763879073772301354e+00
-8.763576404218749616e+00 -8.763169236455038202e+00
-8.764267922812500444e+00 -8.763901602460853368e+00
-8.764362782343750879e+00 -8.764039549192489176e+00
-8.759154057343749855e+00 -8.759017181889294790e+00
-8.758342685000000571e+00 -8.758361594852766885e+00
-8.768069974218750673e+00 -8.768168889251091613e+00
-8.765127759218749759e+00 -8.764987160721767978e+00
-8.758884158281249555e+00 -8.758543778360762033e+00
-8.748476711093749358e+00 -8.748076526193189650e+00
-8.748056552187499335e+00 -8.747627545333550358e+00
-8.754428545937500417e+00 -8.754052834260946270e+00
-8.753180161250000424e+00 -8.752898953349909306e+00
-8.749079275781250331e+00 -8.748904243679820780e+00
-8.757314514531250538e+00 -8.756922382785848669e+00
-8.758688481249999214e+00 -8.758328721338925149e+00
-8.756629728125000511e+00 -8.756195555809235032e+00
-8.754725630624999866e+00 -8.754407084767104053e+00
-8.747422578749999289e+00 -8.747041339010483085e+00
-8.751928091093750695e+00 -8.751510831051881212e+00
-8.753334652499999535e+00 -8.752904127079919050e+00
-8.755662836406250094e+00 -8.755182245621963233e+00
-8.755452721406250305e+00 -8.754971979422771611e+00
-8.758906652343750210e+00 -8.758390458375815868e+00
-8.759119965625000503e+00 -8.758569197184947086e+00
-8.757800170312499688e+00 -8.757233972881094175e+00
-8.756247138281249676e+00 -8.755709777656401016e+00
-8.755122785937500041e+00 -8.754648122180986647e+00
-8.753512445937500885e+00 -8.753460532941447880e+00
-8.749089701406250086e+00 -8.749104036971534271e+00
-8.749553672656249503e+00 -8.749574054521549016e+00
-8.755303428593750326e+00 -8.755316312414278102e+00
-8.755861741093749373e+00 -8.755837191635761130e+00
-8.758498084218750535e+00 -8.758293634364887836e+00
-8.756085423749999208e+00 -8.755900330926625230e+00
-8.746550061093749662e+00 -8.746014694102267839e+00
-8.750945344999999875e+00 -8.750678896523037764e+00
-8.745225050625000662e+00 -8.744851855815049646e+00
-8.750101581718750410e+00 -8.749939478571148399e+00
-8.753929591093749352e+00 -8.753805324531446885e+00
-8.740390212499999478e+00 -8.740013511567148896e+00
-8.739980455937500281e+00 -8.739525895530595889e+00
-8.751517900312499876e+00 -8.751056076523530791e+00
-8.744628075937500356e+00 -8.744475516454251363e+00
-8.751927868750000172e+00 -8.751808695371218860e+00
-8.757402120781250687e+00 -8.757233178578317734e+00
-8.748727881718750155e+00 -8.748822020876634298e+00
-8.753724639062500756e+00 -8.753773064345788057e+00
-8.760228290624999303e+00 -8.760115731584312115e+00
-8.758727693437499795e+00 -8.758662638258286393e+00
-8.752854448749999960e+00 -8.752827850329325088e+00
-8.750657608593749970e+00 -8.750480242476635695e+00
-8.750483702968750777e+00 -8.750212126478755792e+00
-8.743260996562499443e+00 -8.743147547930789187e+00
-8.749228176406250057e+00 -8.748896528974245967e+00
-8.737675136406249266e+00 -8.737579139629616520e+00
-8.742643163437499254e+00 -8.742337131555320440e+00
-8.740687855781249738e+00 -8.740297170007284677e+00
-8.733588287187499688e+00 -8.732883900928209542e+00
-8.738103786250000837e+00 -8.737389154215007281e+00
-8.741496132187499768e+00 -8.740770618639281508e+00
-8.745258896250000191e+00 -8.744643338758031348e+00
-8.747477019531249454e+00 -8.747057555950448204e+00
-8.741039496875000481e+00 -8.740369333912033412e+00
-8.745699118281249795e+00 -8.744901829702911300e+00
-8.744825142968750242e+00 -8.744036492897190982e+00
-8.748227386250000848e+00 -8.747644953275390378e+00
-8.753120062187500494e+00 -8.752505151054275956e+00
-8.740541699374999141e+00 -8.740303014392971193e+00
-8.752875951562499424e+00 -8.752596080600296702e+00
-8.733512039531250437e+00 -8.733392442130263333e+00
-8.736395572656249442e+00 -8.736174619460260971e+00
-8.745402450312500520e+00 -8.745136284163880447e+00
-8.751003244843749584e+00 -8.750818666579968763e+00
-8.740956727187500164e+00 -8.740774648960705662e+00
-8.740462565156249752e+00 -8.740243521218143741e+00
-8.743010949062499648e+00 -8.742718147429956232e+00
-8.723530791406249207e+00 -8.723254420687865718e+00
-8.732474214062499129e+00 -8.732453652853315873e+00
-8.714527798124999336e+00 -8.715299228223663874e+00
-8.732671417500000643e+00 -8.733516320914443298e+00
-8.734652505937500422e+00 -8.734583486760481463e+00
-8.734068523124999928e+00 -8.733917244709623162e+00
-8.743212433906249359e+00 -8.742893212061279229e+00
-8.743340809687499160e+00 -8.742464531074272571e+00
-8.729371930156249348e+00 -8.728476111119933378e+00
-8.722328140937500862e+00 -8.721701107458230240e+00
-8.735781920781249710e+00 -8.735266687388465456e+00
-8.733777111874999832e+00 -8.733400401077082265e+00
-8.736013410468750351e+00 -8.735466596306421749e+00
-8.731925005937499762e+00 -8.731437962642221606e+00
-8.730567190468750738e+00 -8.730168216716815976e+00
-8.724773124218749842e+00 -8.724659894610827138e+00
-8.728239165625000240e+00 -8.727998041304502408e+00
-8.723724539999999195e+00 -8.723553593441206289e+00
-8.726615043593749732e+00 -8.726346240187780268e+00
-8.729192192968749708e+00 -8.728485908790403869e+00
-8.728018268906250654e+00 -8.727231954995986030e+00
-8.728898401249999495e+00 -8.728109507623663887e+00
-8.729224650312499278e+00 -8.729005598174055081e+00
-8.729464113593749630e+00 -8.729285563119740132e+00
-8.734228469374999193e+00 -8.733591753117636358e+00
-8.733345444843749306e+00 -8.732888829289180421e+00
-8.738210514374999960e+00 -8.737671487471864396e+00
-8.730460887031249229e+00 -8.729984581218348083e+00
-8.725161442031250658e+00 -8.725312293556061860e+00
-8.730565679843749649e+00 -8.730438917397043141e+00
-8.734032603281249862e+00 -8.733602133342742491e+00
-8.735528084687500083e+00 -8.735138018102638569e+00
-8.733090771249999662e+00 -8.733228247898995988e+00
-8.739359509062499143e+00 -8.739432666943963923e+00
-8.740640096093750699e+00 -8.740722603133306734e+00
-8.740797445000000110e+00 -8.740817094986949698e+00
-8.727196310781250688e+00 -8.726770813621131495e+00
-8.727800193749999380e+00 -8.727603570427575619e+00
-8.737762309218750190e+00 -8.737643773790253476e+00
-8.756238229218750391e+00 -8.755367706845708753e+00
-8.757531420937500144e+00 -8.756917005947094879e+00
-8.756573225937499316e+00 -8.756074381217453961e+00
-8.759282675937500429e+00 -8.758745927933821562e+00
-8.755574167812499198e+00 -8.754859987908591989e+00
-8.755260535937500421e+00 -8.754607845373385544e+00
-8.759059657968750301e+00 -8.758586140335690828e+00
-8.756469934843750025e+00 -8.756174297404129447e+00
-8.758611467968750119e+00 -8.758508233071587767e+00
-8.761943464999999875e+00 -8.761816820128061067e+00
-8.766459534531250597e+00 -8.766264981367609010e+00
-8.759085434687499117e+00 -8.758641824904945139e+00
-8.764818397187500665e+00 -8.764156555872109067e+00
-8.764584069999999727e+00 -8.763927935786249179e+00
-8.762567374374999218e+00 -8.762146928641808330e+00
-8.757773483437500062e+00 -8.757422938857551742e+00
-8.762512922343750787e+00 -8.762069079259042326e+00
-8.763715337656250881e+00 -8.763210147310907416e+00
-8.763159078281249847e+00 -8.762673089094338508e+00
-8.754476213593749279e+00 -8.754176230374437040e+00
-8.751404008906250809e+00 -8.751022478329096188e+00
-8.749033205781250544e+00 -8.748668320947579957e+00
-8.748847334531250297e+00 -8.748116516318363622e+00
-8.747640662968750647e+00 -8.746816565937443499e+00
-8.751596830624999157e+00 -8.750831084424106621e+00
-8.754470845000000168e+00 -8.753681269265371157e+00
-8.758819375312500100e+00 -8.758539859981480546e+00
-8.756730208906249757e+00 -8.756547166060730802e+00
-8.757560142968749517e+00 -8.757181196537954904e+00
-8.760737025624999674e+00 -8.760080036439752860e+00
-8.761165861093749285e+00 -8.760493896611306397e+00
-8.760561418125000444e+00 -8.759901476862131275e+00
-8.759485668593750773e+00 -8.758866130620127421e+00
-8.763686648906249488e+00 -8.763495461514384743e+00
-8.763380091874999778e+00 -8.763161445281442141e+00
-8.761957727656250583e+00 -8.761669250099132000e+00
-8.750841227968750857e+00 -8.750416478492406114e+00
-8.756146529843750415e+00 -8.755813448904920193e+00
-8.758041320000000240e+00 -8.757768371679329533e+00
-8.758045449375000402e+00 -8.757930880997196965e+00
-8.756277205156250076e+00 -8.756234719861691218e+00
-8.755747368281250331e+00 -8.755727079712467997e+00
-8.752434563125000011e+00 -8.752416670374735475e+00
-8.751530909999999608e+00 -8.751436601635836254e+00
-8.749121505468750115e+00 -8.748922112691854380e+00
-8.718479136250000039e+00 -8.717800669768440258e+00
-8.717036196406249715e+00 -8.716390684845135794e+00
-8.716477171718750583e+00 -8.715892018030345412e+00
-8.727324651718749493e+00 -8.726767321297321800e+00
-8.724345953125000719e+00 -8.723835105266557477e+00
-8.720107474843750595e+00 -8.719648341415487280e+00
-8.729797831093749849e+00 -8.729777055914642148e+00
-8.733606329375000144e+00 -8.733021759157212571e+00
-8.741677094687499761e+00 -8.741048699800568755e+00
-8.734823080625000458e+00 -8.734142555996287527e+00
-8.739648977968750287e+00 -8.739074007531645094e+00
-8.731081823906249539e+00 -8.730548022805955100e+00
-8.725870247499999621e+00 -8.725636160608527092e+00
-8.723116343281249740e+00 -8.722893879048232435e+00
-8.729949240781250452e+00 -8.729921624569236371e+00
-8.729518994687499145e+00 -8.729443864744954595e+00
-8.734183693281250882e+00 -8.733996035530392277e+00
-8.713404702343749975e+00 -8.713061040988634431e+00
-8.711238850312499338e+00 -8.710927570583741897e+00
-8.715681331249999886e+00 -8.715469166769384657e+00
-8.723421614531250867e+00 -8.723291046985252706e+00
-8.725416903437499982e+00 -8.724840459509742630e+00
-8.728324238749999964e+00 -8.727798375014568677e+00
-8.721218702343749740e+00 -8.720974499985855388e+00
-8.724977232656250692e+00 -8.724646896506623506e+00
-8.733600642656249136e+00 -8.733158335556591823e+00
-8.714696966562499370e+00 -8.714087622755585016e+00
-8.728527842343750009e+00 -8.727885508610768284e+00
-8.718527837343749809e+00 -8.718114139817096486e+00
-8.715826578593750540e+00 -8.715289375949595296e+00
-8.715495841718750469e+00 -8.714771550014505763e+00
-8.722721615624999814e+00 -8.722246656592911762e+00
-8.713185314843750362e+00 -8.712951289465788562e+00
-8.718232450937499323e+00 -8.718335110547215550e+00
-8.721872854218750248e+00 -8.721716874140131637e+00
-8.711112475781250808e+00 -8.710604031880798459e+00
-8.705445000468749583e+00 -8.704883944763697201e+00
-8.715621079843749897e+00 -8.715264498549904815e+00
-8.735130494999999939e+00 -8.734941200393485872e+00
-8.734420910937499727e+00 -8.733787336246482624e+00
-8.719571123593750528e+00 -8.719066882980387234e+00
-8.721705808750000344e+00 -8.721111193728138034e+00
-8.732438457031250323e+00 -8.731237647923759226e+00
-8.736058106874999396e+00 -8.734856771956199140e+00
-8.719751376406250643e+00 -8.719107158629991972e+00
-8.720696404999999984e+00 -8.720200462465468760e+00
-8.723149717343749998e+00 -8.722784380557575545e+00
-8.726800840468749598e+00 -8.726717543911036046e+00
-8.729130624531249438e+00 -8.728740919298726197e+00
-8.732043108437499868e+00 -8.731593444771213797e+00
-8.724636188281250426e+00 -8.724477961228114253e+00
-8.726918662187500786e+00 -8.726188442671075407e+00
-8.716272422499999450e+00 -8.714873223970865723e+00
-8.725568848125000443e+00 -8.724345843410038270e+00
-8.715017851562500084e+00 -8.714063521670343704e+00
-8.720787633749999657e+00 -8.720152196161542690e+00
-8.717239705624999502e+00 -8.716557562873269660e+00
-8.726954248593749242e+00 -8.726280633197557535e+00
-8.740004875312500587e+00 -8.739189498382316401e+00
-8.732511592499999864e+00 -8.731591525906418738e+00
-8.728598231875000835e+00 -8.727560731399574223e+00
-8.721240807031250597e+00 -8.721094899592465310e+00
-8.720355252656249334e+00 -8.720658995300830441e+00
-8.725616428749999542e+00 -8.725616942075053117e+00
-8.718908917812500547e+00 -8.718745991803265483e+00
-8.717709489375000231e+00 -8.717565644497421218e+00
-8.714717642031249767e+00 -8.714451155711312680e+00
-8.718248745468750727e+00 -8.717879318675548106e+00
-8.719220645468750419e+00 -8.718811059468951186e+00
-8.714867608593749537e+00 -8.714197033236024126e+00
-8.713784472187500185e+00 -8.713555433565769448e+00
-8.735045518281250310e+00 -8.735284061375397258e+00
-8.719745772968749975e+00 -8.719231832784066327e+00
-8.725240966406250465e+00 -8.724816991969328583e+00
-8.735408295937499901e+00 -8.735118031187123933e+00
-8.716497851718749246e+00 -8.716383891220072400e+00
-8.720217186875000692e+00 -8.720085731881781044e+00
-8.716867709218750093e+00 -8.716494381965681271e+00
-8.720935282031250679e+00 -8.720844695105419930e+00
-8.725200947968749787e+00 -8.724531807728395094e+00
-8.716806931093749711e+00 -8.716326056028201208e+00
-8.713130981562500210e+00 -8.712815418787535293e+00
-8.723655052031249468e+00 -8.723124039373825411e+00
-8.731377239374999988e+00 -8.730965571216916743e+00
-8.729917046562500005e+00 -8.729568225442450924e+00
-8.727432983125000376e+00 -8.727137436806444271e+00
-8.726663760468749587e+00 -8.726007184219266577e+00
-8.727075417656250167e+00 -8.727055518383647126e+00
-8.718427606249999684e+00 -8.718397645901347914e+00
-8.728083442343750775e+00 -8.727777131582612924e+00
-8.722625938281250768e+00 -8.722318053692948325e+00
-8.712641017343749184e+00 -8.712218154597504594e+00
-8.728350592812500253e+00 -8.728085913134316698e+00
-8.726974164531249301e+00 -8.726876223421502488e+00
-8.721965658749999406e+00 -8.722002298168273882e+00
-8.715053803749999162e+00 -8.715555477710569932e+00
-8.713210082499999842e+00 -8.713296686426311055e+00
-8.709943900312499210e+00 -8.710109378159208049e+00
-8.709606763749999203e+00 -8.709840281134134443e+00
-8.708074807187500710e+00 -8.707753019284854901e+00
-8.707642851562500397e+00 -8.707258628106071541e+00
-8.729837392343750224e+00 -8.729310782737918828e+00
-8.736367040312499554e+00 -8.735928527233545182e+00
-8.734655173906249459e+00 -8.734343870161035639e+00
-8.715486324375000038e+00 -8.715253487036406455e+00
-8.713247052187499619e+00 -8.712953633871991954e+00
-8.726420216250000195e+00 -8.725837579222837093e+00
-8.741624596406250447e+00 -8.741230790061448985e+00
-8.732060290625000221e+00 -8.731415058039448951e+00
-8.728763142656250196e+00 -8.728294007769223484e+00
-8.716556131249999950e+00 -8.716388586545837924e+00
-8.726240864218750559e+00 -8.725672940406765221e+00
-8.728071647187499948e+00 -8.727519637628859073e+00
-8.726993788437500399e+00 -8.726474040674125021e+00
-8.723666857968749966e+00 -8.723062597558904230e+00
-8.720356222656249656e+00 -8.719645731938248545e+00
-8.717460887343749576e+00 -8.716803483656057949e+00
-8.726715645000000521e+00 -8.725817276659594057e+00
-8.719225080156249419e+00 -8.718396088047079218e+00
-8.729716970468750503e+00 -8.728713150344615812e+00
-8.733776091250000206e+00 -8.733055400405188351e+00
-8.727695940312500511e+00 -8.727432054280329865e+00
-8.724259279374999565e+00 -8.723964633948654068e+00
-8.728094421718749274e+00 -8.727803363889542254e+00
-8.719527528125000870e+00 -8.718962248658426617e+00
-8.725538037343749664e+00 -8.725371972010172783e+00
-8.718921877812499943e+00 -8.718479227568959544e+00
-8.719427602968750080e+00 -8.719032821386225152e+00
-8.721604452187499135e+00 -8.721056150309983934e+00
-8.718533224374999335e+00 -8.717744410844925795e+00
-8.740483135468750220e+00 -8.739472939071296409e+00
-8.739999700937499227e+00 -8.738913119625237869e+00
-8.726056953437499430e+00 -8.724754444097140293e+00
-8.725307296249999567e+00 -8.724666131187634122e+00
-8.725431465781250395e+00 -8.724852114827271521e+00
-8.725045480468750725e+00 -8.723775825476259627e+00
-8.718730221093750288e+00 -8.717403344877496352e+00
-8.712180720468749584e+00 -8.710826987704255231e+00
-8.711149129375000300e+00 -8.709955236166734949e+00
-8.714861272343750187e+00 -8.714256631536260400e+00
-8.717832701249999872e+00 -8.717672866173749924e+00
-8.720476185468749364e+00 -8.720768014419979508e+00
-8.726624794375000604e+00 -8.726425374756747289e+00
-8.743293427499999382e+00 -8.742898090326139737e+00
-8.739940860937499778e+00 -8.739459038831236981e+00
-8.732266666718750514e+00 -8.731692129496670063e+00
-8.734114005781249190e+00 -8.733590013017773046e+00
-8.729739993749999982e+00 -8.729426643126164009e+00
-8.730295368593749217e+00 -8.730152880628091694e+00
-8.725399519687499605e+00 -8.725116165501166421e+00
-8.718263014999999783e+00 -8.717575127618840014e+00
-8.721016750624999148e+00 -8.720610866456205201e+00
-8.727179271562500062e+00 -8.726422761452607091e+00
-8.736133990937499760e+00 -8.735579092949331326e+00
-8.733688625937499950e+00 -8.733947834722798120e+00
-8.727471417500000328e+00 -8.727097829071951196e+00
-8.721308553749999248e+00 -8.720948503886857495e+00
-8.718126709218749326e+00 -8.717892291926983006e+00
-8.736402910312499159e+00 -8.736356100023291660e+00
-8.728707100156249510e+00 -8.728452694842832926e+00
-8.724200378124999489e+00 -8.723926662504226215e+00
-8.716044319374999461e+00 -8.715351642798161436e+00
-8.707322967031249306e+00 -8.706853754305289073e+00
-8.699584797656250146e+00 -8.699025939896415593e+00
-8.715839816406250051e+00 -8.714964678752931349e+00
-8.713396013593749601e+00 -8.712920268154462633e+00
-8.727340095937499598e+00 -8.727159179909854458e+00
-8.728513209687500662e+00 -8.728620328982476195e+00
-8.723902700312500258e+00 -8.724012145050309641e+00
-8.723656000937500821e+00 -8.723994596108706645e+00
-8.723691186718749435e+00 -8.722961495948561961e+00
-8.724732846718749713e+00 -8.724040198560082615e+00
-8.729576054843750654e+00 -8.729216222007075032e+00
-8.723601239062499957e+00 -8.723326222599869340e+00
-8.724037861875000743e+00 -8.723932328953928561e+00
-8.734485001718750752e+00 -8.734488326814782155e+00
-8.736311960000000099e+00 -8.736172718313421015e+00
-8.730797285781250139e+00 -8.730569377668436104e+00
-8.728328213124999735e+00 -8.728118032180278263e+00
-8.718638477187500513e+00 -8.718522654028214802e+00
-8.716694597812500334e+00 -8.716516676592243940e+00
-8.723928111406250352e+00 -8.723780534584873791e+00
-8.736769606718750580e+00 -8.736032126635745243e+00
-8.716053026250000002e+00 -8.715305298131159617e+00
-8.718924885625000343e+00 -8.718526142596768835e+00
-8.721344045781249221e+00 -8.720995889928143896e+00
-8.739229484218750343e+00 -8.738459141963854648e+00
-8.737961602656250548e+00 -8.737109201287683646e+00
-8.729158038281250143e+00 -8.728165887472828288e+00
-8.720209384062499680e+00 -8.720019812940421389e+00
-8.712058240468749659e+00 -8.712022918338979238e+00
-8.711571739843749995e+00 -8.711541318130324285e+00
-8.716303895468749730e+00 -8.716417497095140021e+00
-8.721691724531250856e+00 -8.721576276281570728e+00
-8.731430268906249736e+00 -8.731109794905385968e+00
-8.730802790468750629e+00 -8.730609795486181213e+00
-8.730481853749999743e+00 -8.730213493794657609e+00
-8.725258375624999729e+00 -8.724966064510315533e+00
-8.727744405624999757e+00 -8.727442638890897442e+00
-8.729342466562499681e+00 -8.728919549889576857e+00
-8.728144053281249981e+00 -8.727782910046069986e+00
-8.710945386718750072e+00 -8.710917370233797641e+00
-8.712709162187499246e+00 -8.712740224740358030e+00
-8.727249714531250646e+00 -8.727474529265810688e+00
-8.727274106562500577e+00 -8.727164189761774438e+00
-8.728154132343750149e+00 -8.728049473386638724e+00
-8.708727705624999871e+00 -8.708875596608148584e+00
-8.733985458124999823e+00 -8.734387726075004466e+00
-8.722813028906250210e+00 -8.723076930931055628e+00
-8.721327431562500010e+00 -8.721373565881208378e+00
-8.709850989374999131e+00 -8.709301323135417050e+00
-8.725125475624999183e+00 -8.724584274253498251e+00
-8.730826200781249824e+00 -8.730516257327019858e+00
-8.721976410156250026e+00 -8.722066152267837325e+00
-8.712579965156249884e+00 -8.712764543287267571e+00
-8.719583247656249370e+00 -8.719590787216375816e+00
-8.721986461249999323e+00 -8.721874799924336230e+00
-8.711606231875000717e+00 -8.711017886923858811e+00
-8.708293414218749362e+00 -8.707670252244959386e+00
-8.703257243750000427e+00 -8.702706976038385278e+00
-8.700211674687500008e+00 -8.700001581642638371e+00
-8.703787576250000768e+00 -8.703363180039424662e+00
-8.718561017812499259e+00 -8.718151743341465476e+00
-8.703312592187499419e+00 -8.703130456720591823e+00
-8.702968666093749306e+00 -8.702773128677465664e+00
-8.716416761562500781e+00 -8.716327829972662755e+00
-8.723365546874999765e+00 -8.723322777831178598e+00
-8.717624592656250115e+00 -8.717053849257183629e+00
-8.723676158593750785e+00 -8.723556009981869863e+00
-8.719506486562499603e+00 -8.719909079798274121e+00
-8.713325106562500366e+00 -8.713982863390665301e+00
-8.710995183437500344e+00 -8.711672122911725324e+00
-8.718743707343749705e+00 -8.718907948554925014e+00
-8.719321499062500536e+00 -8.719158161739335000e+00
-8.717236987031249384e+00 -8.716980272556188680e+00
-8.719985635156250581e+00 -8.720012267553414631e+00
-8.698826252343749843e+00 -8.698589486569261453e+00
-8.711195346093749237e+00 -8.710706088129221314e+00
-8.708863875624999196e+00 -8.708252192238454370e+00
-8.710731494375000494e+00 -8.709812295002176796e+00
-8.714789997500000496e+00 -8.714145959311125011e+00
-8.716423236562500065e+00 -8.716197581447225673e+00
-8.715468750156249556e+00 -8.715672783969523607e+00
-8.711064995937499944e+00 -8.710906979084445112e+00
-8.705423377812499197e+00 -8.704728786145164321e+00
-8.712030663437500877e+00 -8.711256358806814148e+00
-8.702187617343749793e+00 -8.701234521358870211e+00
-8.708014116093750090e+00 -8.707148653485788259e+00
-8.703849127031249466e+00 -8.703405626585908550e+00
-8.713944550937499756e+00 -8.713873087590039646e+00
-8.713321253125000609e+00 -8.713297959697481332e+00
-8.705206822187500748e+00 -8.705203912991112958e+00
-8.705773018125000817e+00 -8.705768416550579758e+00
-8.699949445468750042e+00 -8.699986874363418110e+00
-8.696320170625000401e+00 -8.696263666478859733e+00
-8.694310003906249307e+00 -8.694169631619621086e+00
-8.704250138749999977e+00 -8.703876426789218357e+00
-8.711656427343749343e+00 -8.711063175495706190e+00
-8.712599357187500004e+00 -8.711930604026388636e+00
-8.717241947187499562e+00 -8.716646357578737181e+00
-8.703974357343749801e+00 -8.703707120605823633e+00
-8.704209740156249708e+00 -8.703935343663889768e+00
-8.704505257656249384e+00 -8.703707316077997191e+00
-8.713398440468749229e+00 -8.712732984180711071e+00
-8.697585633593750032e+00 -8.697062218457476845e+00
-8.707093785156249766e+00 -8.706654691926004830e+00
-8.702077430468749597e+00 -8.701608948030491675e+00
-8.713582951875000759e+00 -8.713270029320524301e+00
-8.710131297031249886e+00 -8.709805493618485883e+00
-8.686964923281250250e+00 -8.686578536989468802e+00
-8.683443854062499412e+00 -8.683046974806110541e+00
-8.697589149531250285e+00 -8.696817476710311468e+00
-8.674520741406249513e+00 -8.674608002474837321e+00
-8.679207355781249689e+00 -8.679416210799029585e+00
-8.697758346562499909e+00 -8.697652510978098661e+00
-8.696531879062499470e+00 -8.696318150451537221e+00
-8.696304646874999378e+00 -8.696256906422668465e+00
-8.700616830156249648e+00 -8.700641791615030485e+00
-8.731890287968749220e+00 -8.731288846618674881e+00
-8.711921325624999213e+00 -8.711290351693277145e+00
-8.694704540781250657e+00 -8.693693902622637637e+00
-8.704340479843750700e+00 -8.703055775141860906e+00
-8.709540049218750468e+00 -8.708283493711022061e+00
-8.697951020937500388e+00 -8.697365707061511131e+00
-8.695125584843749422e+00 -8.694432332598029944e+00
-8.695041183593749778e+00 -8.694318659299806740e+00
-8.712908994531250784e+00 -8.712756692941288961e+00
-8.704399284375000434e+00 -8.704620236989313753e+00
-8.720492671093749593e+00 -8.720189423413984287e+00
-8.698838135781249647e+00 -8.698220644424040415e+00
-8.722648186249999824e+00 -8.722243956691087874e+00
-8.717730367499999744e+00 -8.717322443424809109e+00
-8.707450322812499977e+00 -8.707107701542032174e+00
-8.698842225625000424e+00 -8.698625759259488888e+00
-8.697448226406249816e+00 -8.697165621305700256e+00
-8.691743960781250777e+00 -8.691046050780201426e+00
-8.682341345781249942e+00 -8.681287491918917354e+00
-8.710338021093750882e+00 -8.709671339457234041e+00
-8.702092535468750611e+00 -8.701469784999666501e+00
-8.699477174843750049e+00 -8.698795298853807978e+00
-8.701149659687500204e+00 -8.700479404047777976e+00
-8.694655949531249206e+00 -8.694179827320194676e+00
-8.694724040937499510e+00 -8.694263807034934288e+00
-8.694503257968749566e+00 -8.694031720991688417e+00
-8.693426533906249531e+00 -8.693246161968959385e+00
-8.694863238125000393e+00 -8.694640952920442700e+00
-8.699885895468749908e+00 -8.699561052196253641e+00
-8.701262298125000072e+00 -8.701423471386720010e+00
-8.697449271874999610e+00 -8.697853151196611066e+00
-8.698885947187500634e+00 -8.699100635052648300e+00
-8.702191611874999566e+00 -8.702123487227453325e+00
-8.696778554843749731e+00 -8.696168413216591730e+00
-8.678992557812499342e+00 -8.678558516413257706e+00
-8.677890442656250869e+00 -8.678382391837951459e+00
-8.685107539062499882e+00 -8.685509713626863970e+00
-8.690090446093750032e+00 -8.690778689515324729e+00
-8.706387452187499321e+00 -8.706959341471318226e+00
-8.701563615781250149e+00 -8.701685049184519016e+00
-8.714133989843750427e+00 -8.714804156272492719e+00
-8.688026486406249305e+00 -8.688864281399997225e+00
-8.703881016406249671e+00 -8.704527040446134123e+00
-8.698087251093749472e+00 -8.698361191973926765e+00
-8.700609110000000257e+00 -8.701144070530629548e+00
-8.666239751875000508e+00 -8.667403713854527680e+00
-8.680097652656250773e+00 -8.680101657099990931e+00
-8.683305347499999272e+00 -8.683378811150380017e+00
-8.694616235156249928e+00 -8.694871657931415143e+00
-8.688359037499999715e+00 -8.688771927897107616e+00
-8.696395670468749728e+00 -8.695926935548969894e+00
-8.714257433437499145e+00 -8.715118598506093051e+00
-8.719800147500000875e+00 -8.720373018451448743e+00
-8.720892315000000394e+00 -8.721352454018379774e+00
-8.723264692812499277e+00 -8.723665272731754072e+00
-8.726293037031249256e+00 -8.726771550734827798e+00
-8.728022854218750126e+00 -8.728585091929513595e+00
-8.712941712968749641e+00 -8.713614617901763282e+00
-8.714768848437499216e+00 -8.715486261095200859e+00
-8.726312521718750048e+00 -8.727297927770447217e+00
-8.728876934687500366e+00 -8.730101376332198626e+00
-8.728819715156250325e+00 -8.730189284943753236e+00
-8.720903270156249221e+00 -8.722045530894419585e+00
-8.723158531406250304e+00 -8.724043050099089314e+00
-8.722668815624999183e+00 -8.723507718444739822e+00
-8.728526085312500626e+00 -8.729182017458860798e+00
-8.723927195625000408e+00 -8.724505340259815611e+00
-8.721458135000000667e+00 -8.721765659764425749e+00
-8.709307563750000369e+00 -8.709415583682057260e+00
-8.706685817656250492e+00 -8.707100609570634475e+00
-8.716806441718750520e+00 -8.717752319349994394e+00
-8.716275336875000335e+00 -8.717297933407010646e+00
-8.712246842656249157e+00 -8.713390780397542557e+00
-8.703875281093749194e+00 -8.703971523838823998e+00
-8.700910655624999990e+00 -8.701188923632063421e+00
-8.715088209062500368e+00 -8.715789911587975780e+00
-8.714845013750000646e+00 -8.715578520508552529e+00
-8.698281108281250340e+00 -8.698840574238307255e+00
-8.712755289374999990e+00 -8.713260433259447879e+00
-8.721606952031249804e+00 -8.721697420076647944e+00
-8.724185140312499698e+00 -8.725523205476418909e+00
-8.724168109218750189e+00 -8.725206710542744659e+00
-8.711624112031250533e+00 -8.712661147368677916e+00
-8.711458105000000174e+00 -8.712511803684286349e+00
-8.705662207656249763e+00 -8.706587376629972397e+00
-8.707811546406249548e+00 -8.708783355517066838e+00
-8.723447345781249140e+00 -8.724049613774765177e+00
-8.706696260624999795e+00 -8.707974507078006354e+00
-8.708944207187499842e+00 -8.710380364307365397e+00
-8.717589818124999113e+00 -8.718777222502108515e+00
-8.724687783281250830e+00 -8.725055644042665648e+00
-8.722130618437500260e+00 -8.722490012870281362e+00
-8.711512372968750029e+00 -8.712025897430288879e+00
-8.717190135156249298e+00 -8.718621938920765757e+00
-8.707164395156249626e+00 -8.708316979656963497e+00
-8.692444731874999775e+00 -8.693024037682100413e+00
-8.694918357812500886e+00 -8.695464343026106491e+00
-8.698091145156249482e+00 -8.698626247905155040e+00
-8.699048547187500091e+00 -8.699491281951434729e+00
-8.705185484062500478e+00 -8.705848369915752727e+00
-8.701047871718749604e+00 -8.701007727897032140e+00
-8.695465943437499234e+00 -8.695940414224541115e+00
-8.708879149062500602e+00 -8.709610722381443182e+00
-8.708951503125000215e+00 -8.709364783536223342e+00
-8.709484993749999404e+00 -8.709806345653353432e+00
-8.701509743124999474e+00 -8.702170620327812856e+00
-8.716520632968750348e+00 -8.717070045466304151e+00
-8.726740658281249452e+00 -8.727352987202747769e+00
-8.705434498437499613e+00 -8.705990409975239430e+00
-8.706850824218749452e+00 -8.707558888993107260e+00
-8.706000305468750255e+00 -8.706372869858107322e+00
-8.697398689843749864e+00 -8.697501825945682441e+00
-8.696653643593750260e+00 -8.696705852222009980e+00
-8.715386342656250562e+00 -8.715275682338875285e+00
-8.704604599531249320e+00 -8.704095426874816965e+00
-8.712024106875000840e+00 -8.712692140462960921e+00
-8.706907711093750279e+00 -8.707457515398433046e+00
-8.703733678281249553e+00 -8.704349975175407650e+00
-8.702475333437499572e+00 -8.702740035730890611e+00
-8.707943067812500715e+00 -8.708568372983666706e+00
-8.696767490937499900e+00 -8.696789834221165805e+00
-8.694316578749999636e+00 -8.694452481342839434e+00
-8.701638689062500376e+00 -8.701815018216150222e+00
-8.695236823281250693e+00 -8.696064223650076030e+00
-8.697527779843749585e+00 -8.698480868172659086e+00
-8.712527832968749664e+00 -8.713357694970582656e+00
-8.691896451874999485e+00 -8.692445882060239271e+00
-8.710680525937499752e+00 -8.711161308962960703e+00
-8.711653736875000220e+00 -8.712299539770523182e+00
-8.694059039375000353e+00 -8.694964332443332111e+00
-8.681850444687500001e+00 -8.682097712886294616e+00
-8.665018925781250658e+00 -8.665785405130003838e+00
-8.672568556250000782e+00 -8.673267416661627038e+00
-8.674490522343749177e+00 -8.674854042618591166e+00
-8.673886016093749873e+00 -8.674460075738434028e+00
-8.680345516250000060e+00 -8.681355558113651227e+00
-8.669235683437500839e+00 -8.669879529422605202e+00
-8.678382075625000525e+00 -8.680023656054819625e+00
-8.679208550625000740e+00 -8.680148832014559446e+00
-8.675916157187499422e+00 -8.677163568660672510e+00
-8.678242731875000615e+00 -8.677959275717707754e+00
-8.673743144531249172e+00 -8.673259133954266176e+00
-8.696423555624999580e+00 -8.696768008456965404e+00
-8.675703912343749380e+00 -8.676151259190906018e+00
-8.681527525156250036e+00 -8.681843155396723688e+00
-8.678550335624999335e+00 -8.678449294754724264e+00
-8.677418434843749750e+00 -8.677279810822366102e+00
-8.669012979999999757e+00 -8.669463876554619475e+00
-8.691886012499999481e+00 -8.691509384711562092e+00
-8.685080416874999543e+00 -8.685699977088107815e+00
-8.677975927187500105e+00 -8.679204000764304539e+00
-8.667514048750000200e+00 -8.668761661042843514e+00
-8.655696333593750680e+00 -8.656404477052717539e+00
-8.691360378906249906e+00 -8.691821475440566047e+00
-8.695197227343749447e+00 -8.694697792788993240e+00
-8.691577820156249246e+00 -8.690997798906124672e+00
-8.680932095468749665e+00 -8.679474414956157347e+00
-8.680757497500000142e+00 -8.679293844731718721e+00
-8.685167620312499892e+00 -8.684167944654811677e+00
-8.688171866718750636e+00 -8.687109343244021176e+00
-8.695930455781249790e+00 -8.695623899373071453e+00
-8.693650695156250663e+00 -8.693274388912239914e+00
-8.693324134687500759e+00 -8.692528216424010523e+00
-8.689165576718750117e+00 -8.688717962457294774e+00
-8.693217839375000366e+00 -8.692655100802163304e+00
-8.683246669375000337e+00 -8.683024824937580988e+00
-8.683483004218750523e+00 -8.683099729824320434e+00
-8.671784991718750391e+00 -8.671037156720124983e+00
-8.676145857812500140e+00 -8.676171958597773681e+00
-8.655025194062499594e+00 -8.655009240162277351e+00
-8.683902215312500061e+00 -8.684140322315538896e+00
-8.687202644375000560e+00 -8.687284579677358565e+00
-8.692734537031249431e+00 -8.692636162966095981e+00
-8.691804953125000566e+00 -8.691729910123532576e+00
-8.688926971718750281e+00 -8.688883363099559887e+00
-8.688224051093749623e+00 -8.688226109786526763e+00
-8.697057516093749996e+00 -8.697196011465559096e+00
-8.682254070000000823e+00 -8.682124609573357077e+00
-8.681906571718750243e+00 -8.681162302771033623e+00
-8.689698735625000836e+00 -8.689248758951595875e+00
-8.695321590468749307e+00 -8.694927291618659737e+00
-8.677595268281249830e+00 -8.677479250045687209e+00
-8.682953712656249934e+00 -8.683049263820166175e+00
-8.688315361718750296e+00 -8.688300229070577529e+00
-8.692414288593749205e+00 -8.691911236944143582e+00
-8.686727937187500359e+00 -8.686061427838925653e+00
-8.663383687343749529e+00 -8.662648465579938062e+00
-8.670068267187499345e+00 -8.669941336890691019e+00
-8.683042010156249546e+00 -8.682215289305851513e+00
-8.676775964999999147e+00 -8.676456846853760396e+00
-8.677061811874999364e+00 -8.677217764033811065e+00
-8.682428360468749773e+00 -8.682519563232309778e+00
-8.683332552343749455e+00 -8.683026031660240562e+00
-8.673010783281249303e+00 -8.672578095205519588e+00
-8.693457013281250312e+00 -8.693349893810617957e+00
-8.688679704843750073e+00 -8.688231722546888136e+00
-8.681959413906250589e+00 -8.682193757750969354e+00
-8.699668486093749209e+00 -8.699668197954165905e+00
-8.695586325468749322e+00 -8.695699123583608525e+00
-8.695058702500000791e+00 -8.694999322662940955e+00
-8.685812379999999777e+00 -8.685761971393764824e+00
-8.690307744843750015e+00 -8.690663553077254022e+00
-8.694317530312499542e+00 -8.694757027521433201e+00
-8.696095743437499692e+00 -8.696424710916108580e+00
-8.682805324218749732e+00 -8.683149652428888032e+00
-8.685424890000000175e+00 -8.685460858905592829e+00
-8.682589074687500741e+00 -8.681851555243266461e+00
-8.688086290468749695e+00 -8.687289719575133518e+00
-8.695432612812499684e+00 -8.695180677808847847e+00
-8.682688850781250522e+00 -8.683039028608776633e+00
-8.685295733749999414e+00 -8.685363615541490390e+00
-8.693818543437499713e+00 -8.693060263463166848e+00
-8.692569077968750335e+00 -8.692329822373880077e+00
-8.694967972812499113e+00 -8.694926247559244814e+00
-8.693872158437500275e+00 -8.693789671019093390e+00
-8.686540910312499975e+00 -8.685832666815475278e+00
-8.666798906406249614e+00 -8.666189036351809705e+00
-8.679888287031250371e+00 -8.679216265543260533e+00
-8.682647818906250592e+00 -8.681918607600207949e+00
-8.680949255937500553e+00 -8.681376271741676476e+00
-8.674205657343749820e+00 -8.674565201470141318e+00
-8.670794246874999445e+00 -8.671168030815493921e+00
-8.658907673750000811e+00 -8.659387986879323762e+00
-8.677019944843749499e+00 -8.676558056590840451e+00
-8.674554671093750002e+00 -8.674025550340276780e+00
-8.673436389375000388e+00 -8.672852007281534270e+00
-8.673256294062500871e+00 -8.672662122933349593e+00
-8.677921610468750657e+00 -8.677402281380409477e+00
-8.674904910624999133e+00 -8.674639213371772684e+00
-8.661445495312500853e+00 -8.661451167348946711e+00
-8.657143224687500194e+00 -8.657260173050396190e+00
-8.648626849218750579e+00 -8.649020687014761677e+00
-8.647748420937499958e+00 -8.648298765104096120e+00
-8.662934250937500025e+00 -8.664014037645294763e+00
-8.679271535312500063e+00 -8.679702889256057929e+00
-8.686464828125000537e+00 -8.686746200768382664e+00
-8.685337472812500792e+00 -8.685602517670588441e+00
-8.680613611249999195e+00 -8.679843443880098874e+00
-8.667182005937499767e+00 -8.667371922211000168e+00
-8.676700089687500395e+00 -8.676988704017716714e+00
-8.653730325625000219e+00 -8.654009462077333126e+00
-8.648521558124999231e+00 -8.648629968069620588e+00
-8.668572054374999780e+00 -8.668175591043517869e+00
-8.676177577656250861e+00 -8.675661906308834048e+00
-8.679591211250000882e+00 -8.678761196569583447e+00
-8.685923452656249211e+00 -8.685007096383689174e+00
-8.695545773437499903e+00 -8.695248631674939332e+00
-8.678702007187499845e+00 -8.678299036283588563e+00
-8.681021496406250648e+00 -8.680847223442711424e+00
-8.641679419218750269e+00 -8.641737341679316842e+00
-8.654325917343749452e+00 -8.655089581200417825e+00
-8.659144149843749361e+00 -8.659196797962152914e+00
-8.646078232656250862e+00 -8.645543955254666457e+00
-8.647702940312500530e+00 -8.647374082752484981e+00
-8.623250087968749256e+00 -8.623334340969996958e+00
-8.642548159843750355e+00 -8.640942836651440473e+00
-8.636477681249999705e+00 -8.634768018868051342e+00
-8.634966581406249730e+00 -8.633842665703895136e+00
-8.648597997499999579e+00 -8.649514441874124770e+00
-8.667266994218749687e+00 -8.667801872715996225e+00
-8.663048706250000564e+00 -8.662419359346944958e+00
-8.640457764375000238e+00 -8.640009457454267405e+00
-8.649261887968750173e+00 -8.648993459689037877e+00
-8.639238340156250473e+00 -8.638444078227200507e+00
-8.658029281093750029e+00 -8.657975890478954994e+00
-8.645068422343749504e+00 -8.644482656312229452e+00
-8.643956868281250649e+00 -8.644131143065971301e+00
-8.668909319843750794e+00 -8.668670939131564168e+00
-8.659220550468749167e+00 -8.658863340208695192e+00
-8.644418025156250351e+00 -8.644411150285321810e+00
-8.652498992812500234e+00 -8.653922043552727317e+00
-8.657511879999999493e+00 -8.658471976646920254e+00
-8.673786431874999536e+00 -8.673634778768223086e+00
-8.663472711718750219e+00 -8.664397004348302289e+00
-8.642988487968750633e+00 -8.642514495046473399e+00
-8.651683412812500862e+00 -8.650732669763922189e+00
-8.648787348593749869e+00 -8.647551496563188778e+00
-8.665496094843749830e+00 -8.665357690882812491e+00
-8.662068248281249438e+00 -8.662007674005348434e+00
-8.661085311875000414e+00 -8.661095234139763122e+00
-8.636785585468750526e+00 -8.637013097695712460e+00
-8.635846197031250782e+00 -8.636390365345906872e+00
-8.647385602499999990e+00 -8.648794125425130375e+00
-8.636684844999999555e+00 -8.635800694322597337e+00
-8.650359444375000706e+00 -8.650480681345342759e+00
-8.658043093281250435e+00 -8.658303957874306178e+00
-8.645774753124999989e+00 -8.646092415163625589e+00
-8.641347504687500347e+00 -8.641665335235821033e+00
-8.635809286093749648e+00 -8.636050448541640279e+00
-8.617864346250000196e+00 -8.618335080406495763e+00
-8.608309899687499822e+00 -8.607125053117297142e+00
-8.652945696718749247e+00 -8.652481797297518540e+00
-8.634304234687499857e+00 -8.634930585476350728e+00
-8.632276318281249416e+00 -8.632746485702705641e+00
-8.669901928906250888e+00 -8.670314444685171651e+00
-8.654754618125000576e+00 -8.654868059603366248e+00
-8.647183328281249359e+00 -8.647457149766051288e+00
-8.644560855781250552e+00 -8.644084861510725304e+00
-8.629850706875000554e+00 -8.629743061891833378e+00
-8.626466657031249596e+00 -8.626512263481428633e+00
-8.623334520312500473e+00 -8.623490469357369292e+00
-8.621441924218750330e+00 -8.621554878113013132e+00
-8.624757665312500876e+00 -8.624799303697564312e+00
-8.644528217812499804e+00 -8.645013598578099590e+00
-8.674815365156250735e+00 -8.674475776299463092e+00
-8.674292175937500460e+00 -8.674411317408409872e+00
-8.670696442500000600e+00 -8.670414516660304827e+00
-8.630775947656250224e+00 -8.631854459488819131e+00
-8.624120811093749950e+00 -8.625388746817279184e+00
-8.636539472187500621e+00 -8.638286452697187201e+00
-8.626134485468750057e+00 -8.625597765495273350e+00
-8.645952892500000431e+00 -8.645574909246629858e+00
-8.630221886406250320e+00 -8.630378155937197704e+00
-8.634103744843750761e+00 -8.634547042816729245e+00
-8.627427391718750727e+00 -8.628468972457302044e+00
-8.626030922500000031e+00 -8.627465499290947193e+00
-8.633187724062500124e+00 -8.634321285662709400e+00
-8.650917352500000490e+00 -8.651368142568699682e+00
-8.636883614062499603e+00 -8.637659097740412406e+00
-8.636147885625000242e+00 -8.637123135236862481e+00
-8.658239957031250711e+00 -8.658524927758934453e+00
-8.652914557656249173e+00 -8.653013695129860849e+00
-8.642608621093749832e+00 -8.642529061836974336e+00
-8.651872607656249770e+00 -8.651259364036132382e+00
-8.648927537812500788e+00 -8.648357237749081605e+00
-8.630700654218749435e+00 -8.630723833658747068e+00
-8.658832401562499115e+00 -8.658294798847636642e+00
-8.652500777031249868e+00 -8.652216619955499510e+00
-8.682059486406249249e+00 -8.681882484314099813e+00
-8.644721369687500712e+00 -8.644365925238616910e+00
-8.643452454374999760e+00 -8.643003086938492174e+00
-8.647958163749999372e+00 -8.648097728084156444e+00
-8.648147791093750314e+00 -8.648051740306991420e+00
-8.648414517031250526e+00 -8.647232024614035950e+00
-8.618663782500000536e+00 -8.618643368914867153e+00
-8.676603985312500100e+00 -8.675759925922793769e+00
-8.667586606406249672e+00 -8.666155079643090176e+00
-8.639970904218749581e+00 -8.639281558292115193e+00
-8.639824298281249426e+00 -8.639793224137989114e+00
-8.659399383125000682e+00 -8.659287679816188188e+00
-8.637747390781250090e+00 -8.636499394866561374e+00
-8.614917107968750543e+00 -8.613323048173207042e+00
-8.620113414531250129e+00 -8.619104896215192824e+00
-8.635293292656250230e+00 -8.636638911311234068e+00
-8.645752153125000561e+00 -8.644709411289690948e+00
-8.632859704687499303e+00 -8.634277187570727818e+00
-8.627883257187500377e+00 -8.628527115476600784e+00
-8.661202049374999490e+00 -8.661554894172251551e+00
-8.654957894218750170e+00 -8.654622382793679236e+00
-8.640489900000000389e+00 -8.639940599023441692e+00
-8.651907771406250447e+00 -8.651760663747415592e+00
-8.657852950156250671e+00 -8.657814806255018425e+00
-8.656133505781250292e+00 -8.656188837222643429e+00
-8.643737794999999835e+00 -8.643879988681835158e+00
-8.652000466875000129e+00 -8.652831488816193684e+00
-8.643245095156249391e+00 -8.643841348968818394e+00
-8.653927576406250211e+00 -8.653763487865388626e+00
-8.641818658906249340e+00 -8.641659219224234079e+00
-8.655642278749999363e+00 -8.655673070173353523e+00
-8.647670139375000176e+00 -8.647838090638421349e+00
-8.648037796093749563e+00 -8.649255430183439231e+00
-8.642118524062500029e+00 -8.642370729412114372e+00
-8.631569678281250546e+00 -8.631216509163337491e+00
-8.621956928124999919e+00 -8.621122234088032243e+00
-8.633288719999999472e+00 -8.631858296628532656e+00
-8.657559527500000129e+00 -8.657440098205768209e+00
-8.657677549062499978e+00 -8.658487107140333094e+00
-8.650273196406249809e+00 -8.651368114618490424e+00
-8.637050390312500880e+00 -8.637182290792706496e+00
-8.633864387968749554e+00 -8.633986489419296362e+00
-8.634805941718749267e+00 -8.634996495961081209e+00
-8.629992639843749203e+00 -8.630927548757142631e+00
-8.643998618124999922e+00 -8.644796997310340458e+00
-8.641171008437499523e+00 -8.642044596130133982e+00
-8.660315954062500765e+00 -8.661004140729165357e+00
-8.643865318593750402e+00 -8.644476420735443867e+00
-8.641829017812499458e+00 -8.641145398341148365e+00
-8.647414318750000106e+00 -8.646637133612092185e+00
-8.655578476249999653e+00 -8.654618263698447223e+00
-8.625378900468749777e+00 -8.624087088248687749e+00
-8.634317736562499235e+00 -8.634739160331475816e+00
-8.671321032031249487e+00 -8.671218068307251059e+00
-8.621716002656249600e+00 -8.622310234143037988e+00
-8.653466509999999445e+00 -8.653147260972335886e+00
-8.670590039374999947e+00 -8.669536605093071557e+00
-8.653002820312499566e+00 -8.652191095249184727e+00
-8.656167449999999874e+00 -8.655368964113117514e+00
-8.668300602187500203e+00 -8.668151978144120307e+00
-8.654094749843750378e+00 -8.653373355419848423e+00
-8.652560127499999254e+00 -8.652136867263092057e+00
-8.642620309999999861e+00 -8.642794192696571898e+00
-8.648187375937499866e+00 -8.648526513641375146e+00
-8.650943107187499592e+00 -8.651097615121864592e+00
-8.666284512656250882e+00 -8.666096676901682727e+00
-8.672271118750000340e+00 -8.672061602378931866e+00
-8.690604276093749192e+00 -8.690875677052970261e+00
-8.657197815937500707e+00 -8.656575885748424071e+00
-8.652773063437500412e+00 -8.652908905501234926e+00
-8.647720232968749698e+00 -8.648011547733890581e+00
-8.639309905624999786e+00 -8.638722230273183200e+00
-8.663626551249999252e+00 -8.662913988821145495e+00
-8.672287658281250700e+00 -8.671446567150645990e+00
-8.633443185156249200e+00 -8.633444858967315838e+00
-8.634801110625000220e+00 -8.634818478328567082e+00
-8.626585647656250799e+00 -8.627202923250397504e+00
-8.641543657187499505e+00 -8.641909682823492034e+00
-8.665494429218750128e+00 -8.665703938489427216e+00
-8.637938347343750323e+00 -8.638333069601296543e+00
-8.637019318437500814e+00 -8.637683632663909705e+00
-8.654697122500000006e+00 -8.654934264024291224e+00
-8.655395701874999403e+00 -8.655896158586255495e+00
-8.638993161874999771e+00 -8.637615219081107298e+00
-8.643900586406250142e+00 -8.643510266527153263e+00
-8.663032714062499196e+00 -8.663343631828787750e+00
-8.676886376562499947e+00 -8.677148953468702075e+00
-8.674236241562500282e+00 -8.674412782545507739e+00
-8.668676816093750404e+00 -8.668734408014522330e+00
-8.662348555468749822e+00 -8.662270337237092832e+00
-8.660568204218749955e+00 -8.659768770311972119e+00
-8.684538573906250392e+00 -8.683642796488147297e+00
-8.650222412812500039e+00 -8.649105311129737572e+00
-8.616359544374999402e+00 -8.615520666791299575e+00
-8.626115744062499147e+00 -8.625616108558292083e+00
-8.638084975937500687e+00 -8.637009046681278335e+00
-8.645656040468750803e+00 -8.643651665991006539e+00
-8.644677501249999452e+00 -8.642777873288213897e+00
-8.642631808906250157e+00 -8.640894205328518041e+00
-8.645165491406249458e+00 -8.643455135128741418e+00
-8.644021779531250615e+00 -8.644091717475856029e+00
-8.653874065468750487e+00 -8.654634067052194624e+00
-8.659733100781249249e+00 -8.660999607683599777e+00
-8.650383699062500042e+00 -8.650206374001019327e+00
-8.668338840468749140e+00 -8.668977552484967930e+00
-8.680042729843750138e+00 -8.681008028032071167e+00
-8.676548412656250875e+00 -8.677754932425600032e+00
-8.669441266250000666e+00 -8.670634401571703620e+00
-8.673884035156250505e+00 -8.675024110289854207e+00
-8.669046689218749435e+00 -8.669458300865702682e+00
-8.652492850156249915e+00 -8.652269846128834985e+00
-8.649115354375000564e+00 -8.649214993488513414e+00
-8.646563060781250698e+00 -8.646746410111509462e+00
-8.646644224218750452e+00 -8.647270078612955047e+00
-8.632415675781249575e+00 -8.633299566433805694e+00
-8.632051493593749569e+00 -8.632033895830842241e+00
-8.638493340937500875e+00 -8.638721985624567168e+00
-8.645191506406250781e+00 -8.645479323877996336e+00
-8.646166157031249355e+00 -8.646598004072210131e+00
-8.632551722968749175e+00 -8.632450804525710453e+00
-8.635709534687499911e+00 -8.635376291345208344e+00
-8.625515601406249289e+00 -8.625687169620093186e+00
-8.625238023437500345e+00 -8.625563265072194952e+00
-8.633763069843750415e+00 -8.633322341758844942e+00
-8.633497161875000714e+00 -8.633147370993011549e+00
-8.626950073125000173e+00 -8.627064077916399398e+00
-8.638981391250000641e+00 -8.639167162787080301e+00
-8.654167870937499174e+00 -8.654514531534292843e+00
-8.637846439062499826e+00 -8.638884392218313835e+00
-8.628161686562499710e+00 -8.629248029220470073e+00
-8.625433288749999150e+00 -8.627199589984677175e+00
-8.624341121406249755e+00 -8.626165233872807647e+00
-8.645988925156249394e+00 -8.647089849174953713e+00
-8.637998593124999402e+00 -8.638485011530027791e+00
-8.664680942187500179e+00 -8.664345445639950682e+00
-8.660316031249999824e+00 -8.659707842427380342e+00
-8.650951240624999983e+00 -8.650250813819289064e+00
-8.655889104687499724e+00 -8.655600348430974478e+00
-8.640639208281250205e+00 -8.640229342821397651e+00
-8.641551653281249301e+00 -8.640922637540679574e+00
-8.679884454999999832e+00 -8.680091669605324967e+00
-8.691292147812500701e+00 -8.692002438842642675e+00
-8.678556043593749436e+00 -8.679527995439091370e+00
-8.675002757656249841e+00 -8.675997847718331712e+00
-8.641807720937499937e+00 -8.642101798717646943e+00
-8.630677572343749659e+00 -8.631465263831930912e+00
-8.656276267343750774e+00 -8.656234890628240919e+00
-8.662640534375000811e+00 -8.661587971147614695e+00
-8.662575708125000773e+00 -8.661766434735341136e+00
-8.663525069374999887e+00 -8.663066260171500943e+00
-8.657526631250000548e+00 -8.657546573673737811e+00
-8.676116500468749493e+00 -8.676311897633958381e+00
-8.664754011406250456e+00 -8.665406835459272372e+00
-8.667970151718749960e+00 -8.668026700774410287e+00
-8.667474130156250567e+00 -8.668053248177479020e+00
-8.628543053593750400e+00 -8.628765075852893318e+00
-8.634000417656249482e+00 -8.634162778184524711e+00
-8.642880319999999728e+00 -8.642980288617559737e+00
-8.613267127187500094e+00 -8.613492823653729147e+00
-8.655340567499999693e+00 -8.656026484857061831e+00
-8.657950765468749310e+00 -8.658178168725518375e+00
-8.662131131718750154e+00 -8.662359024689489928e+00
-8.656898441562500324e+00 -8.657932268012626054e+00
-8.634294803124999973e+00 -8.634999123899380180e+00
-8.624174047656250508e+00 -8.623822713292106812e+00
-8.644253450624999502e+00 -8.643455605714599699e+00
-8.643008306718749978e+00 -8.643457237109309688e+00
-8.651052727656249886e+00 -8.651329777877641902e+00
-8.657369096093750827e+00 -8.657317080270230392e+00
-8.653545512343750801e+00 -8.653502809686873576e+00
-8.637114550312499972e+00 -8.636628522721522927e+00
-8.635646874062500089e+00 -8.634522837888679803e+00
-8.636156748281250017e+00 -8.635118647553289506e+00
-8.601998294062500605e+00 -8.602915621078071950e+00
-8.629704813437500732e+00 -8.630927544139449736e+00
-8.646386921718750784e+00 -8.647483065167291372e+00
-8.635001768437499337e+00 -8.635424795270512988e+00
-8.660161790156250206e+00 -8.660243747744230447e+00
-8.665309067812499322e+00 -8.665985697723197489e+00
-8.661761078125000068e+00 -8.662381704979551955e+00
-8.654532423750000092e+00 -8.654367307083090211e+00
-8.666662282500000813e+00 -8.666752839239293849e+00
-8.629742840000000470e+00 -8.630533641123900424e+00
-8.634826096250000305e+00 -8.635402708939107441e+00
-8.638656398437500883e+00 -8.638562134672348236e+00
-8.678213878593750152e+00 -8.677054473618564856e+00
-8.665887882968750233e+00 -8.664438134018645599e+00
-8.676287271562500791e+00 -8.675708128116113471e+00
-8.631959112968749182e+00 -8.631620792631764516e+00
-8.627498260781250039e+00 -8.627389207035641050e+00
-8.624621263437500573e+00 -8.624107362899662732e+00
-8.614945602031250260e+00 -8.613934094328360658e+00
-8.639153753593749485e+00 -8.639292844307835395e+00
-8.627640025781250444e+00 -8.627325163772116667e+00
-8.620016532031250733e+00 -8.619946521006481177e+00
-8.628614750000000555e+00 -8.628683715475800042e+00
-8.656004159374999674e+00 -8.656285141182960885e+00
-8.638262942968749414e+00 -8.638639428244022866e+00
-8.630097812500000742e+00 -8.630569934028308410e+00
-8.623277186718750542e+00 -8.623882548572423090e+00
-8.611803266406250046e+00 -8.612444483044225052e+00
-8.626602924531249883e+00 -8.626585010918962126e+00
-8.622014399062500445e+00 -8.622192630416664727e+00
-8.622443123437500745e+00 -8.622856468787389872e+00
-8.620635059531249311e+00 -8.620499328937157202e+00
-8.621154733281249705e+00 -8.621038970340780594e+00
-8.638630642500000789e+00 -8.638700621670722057e+00
-8.672872969687499989e+00 -8.672909136989719769e+00
-8.669540336249999868e+00 -8.669721523421513254e+00
-8.613881177656249832e+00 -8.615103417763581461e+00
-8.618571068750000563e+00 -8.619747696326459874e+00
-8.635059251874999120e+00 -8.636041186118287527e+00
-8.633567637500000558e+00 -8.634554724265235848e+00
-8.623495523281249575e+00 -8.624019687939544099e+00
-8.621122639375000674e+00 -8.620608109785649731e+00
-8.617124854687499891e+00 -8.616541959000688422e+00
-8.642111544218749941e+00 -8.642819963997073529e+00
-8.621460743749999267e+00 -8.622677616869827588e+00
-8.640416907500000576e+00 -8.641205576343681471e+00
-8.625280845468749291e+00 -8.625829762981425120e+00
-8.648109697656250816e+00 -8.648067239581886056e+00
-8.590153684687500402e+00 -8.590083607126267395e+00
-8.614581838906250510e+00 -8.613914880149106779e+00
-8.619796040937499626e+00 -8.619011492903016602e+00
-8.626995081875000082e+00 -8.627901804154358700e+00
-8.609584985312499938e+00 -8.610419241436215287e+00
-8.603836526874999890e+00 -8.604349664686706589e+00
-8.614729172500000587e+00 -8.615597097208009814e+00
-8.587630511562499791e+00 -8.587189112802915858e+00
-8.584221217499999668e+00 -8.585200840288241153e+00
-8.590391546875000728e+00 -8.591426893335082582e+00
-8.608119905781249415e+00 -8.607651838951573708e+00
-8.608498388593750050e+00 -8.608109523373103755e+00
-8.588064068281250130e+00 -8.587221250940848094e+00
-8.598617872656250327e+00 -8.599042991840473604e+00
-8.604811168281250033e+00 -8.605201251238685956e+00
-8.590594658593749600e+00 -8.591101170072734661e+00
-8.587397226562499597e+00 -8.587735337319589490e+00
-8.604507560937500799e+00 -8.602984959900588535e+00
-8.596277834062499679e+00 -8.595027148439104536e+00
-8.594697681562500691e+00 -8.593532417513262800e+00
-8.610694025937499774e+00 -8.608798531848641744e+00
-8.627519441875000084e+00 -8.626467801932234281e+00
-8.620365110312500079e+00 -8.622004132056712677e+00
-8.639800846718749483e+00 -8.639768983587433837e+00
-8.636511802031250795e+00 -8.636833351156031569e+00
-8.625108681562499768e+00 -8.625693269928380147e+00
-8.626768472031249857e+00 -8.627326466828652229e+00
-8.598960084374999369e+00 -8.598520760074674030e+00
-8.597976412343749431e+00 -8.597667406291840564e+00
-8.613247484218749861e+00 -8.614455240827807003e+00
-8.607547955312499610e+00 -8.606891689834720083e+00
-8.576052807812500234e+00 -8.575447751431891419e+00
-8.569460477656249964e+00 -8.569660598709676336e+00
-8.587510735468750767e+00 -8.587523346252510237e+00
-8.606100017187500839e+00 -8.605878192684807360e+00
-8.593972469531250269e+00 -8.594780293443445629e+00
-8.585735264062499539e+00 -8.584602174127066831e+00
-8.598796373437499696e+00 -8.598074585917999002e+00
-8.603426602343750673e+00 -8.602842917641325471e+00
-8.591989760624999306e+00 -8.591799516581781759e+00
-8.601244130156249668e+00 -8.601139211585849154e+00
-8.579255172031249543e+00 -8.579490494004989642e+00
-8.589348894375000043e+00 -8.588811497190448563e+00
-8.601953338593750331e+00 -8.603310161632967024e+00
-8.607438004687500310e+00 -8.607564605735444019e+00
-8.596948776406250659e+00 -8.597268550672762188e+00
-8.600950546874999603e+00 -8.601119644800025554e+00
-8.602107032187500835e+00 -8.603086345016324188e+00
-8.607626992500000185e+00 -8.608463780610673410e+00
-8.619767660937499798e+00 -8.620353014397041491e+00
-8.622183872812499317e+00 -8.622604956527775144e+00
-8.604096028281249531e+00 -8.605443258936910311e+00
-8.618276304062499449e+00 -8.619097253173045203e+00
-8.659167717031250433e+00 -8.658690152674155982e+00
-8.640747957343750230e+00 -8.640795468024702330e+00
-8.651495345000000725e+00 -8.652897166138112439e+00
-8.629791749062500017e+00 -8.631703453163709128e+00
-8.583065004843749790e+00 -8.582183036505529827e+00
-8.603805592656250667e+00 -8.602641562483082538e+00
-8.598039789999999627e+00 -8.596673049223408469e+00
-8.578208875312499870e+00 -8.578907397250839395e+00
-8.612230751406249496e+00 -8.611339173458070206e+00
-8.618269349687500025e+00 -8.618395464940041606e+00
-8.635931808281249289e+00 -8.636051054162713569e+00
-8.594652094687500465e+00 -8.594786205216271568e+00
-8.581608149062500246e+00 -8.580998503071914030e+00
-8.592932222968750366e+00 -8.593199550945364251e+00
-8.605900648749999604e+00 -8.606983037109674939e+00
-8.589160965781250212e+00 -8.589377657955573397e+00
-8.589552506249999553e+00 -8.589575163431025118e+00
-8.591268850312500760e+00 -8.591171293087192851e+00
-8.600137766406250606e+00 -8.599696619248287988e+00
-8.586963035312500381e+00 -8.586422293188189059e+00
-8.573757518749999917e+00 -8.573367223807350612e+00
-8.595606641406250858e+00 -8.595811376372475721e+00
-8.609530270000000485e+00 -8.607706628093453105e+00
-8.600126231562500223e+00 -8.599368465346074686e+00
-8.612409043593750368e+00 -8.611731246511828530e+00
-8.588911311093749390e+00 -8.588994218754304910e+00
-8.593404806875000190e+00 -8.593595440245234585e+00
-8.597718434062500137e+00 -8.598028091299894982e+00
-8.604751239843750454e+00 -8.606145397909600092e+00
-8.588774977812500211e+00 -8.589297510376715294e+00
-8.587252212499999260e+00 -8.587634381701633401e+00
-8.583947535781250693e+00 -8.583257801572937495e+00
-8.588005626562500439e+00 -8.587559037732049205e+00
-8.602216435156249119e+00 -8.600956275910311533e+00
-8.598472639843750542e+00 -8.597083692677268019e+00
-8.576606228593750103e+00 -8.574092182367346382e+00
-8.586791325468750458e+00 -8.586100886789783004e+00
-8.601062681406249411e+00 -8.600605011883747153e+00
-8.582902126406249721e+00 -8.582725364400257462e+00
-8.577367367343750715e+00 -8.576205057449030278e+00
-8.589709142812500531e+00 -8.587301484423029763e+00
-8.599250502187500089e+00 -8.598152481206362552e+00
-8.580098230468749421e+00 -8.581815294169794939e+00
-8.562334238281250620e+00 -8.564460717156627823e+00
-8.596776249062500597e+00 -8.598051005413308800e+00
-8.598061331406249508e+00 -8.599230571670938517e+00
-8.563949686875000467e+00 -8.564505941608565820e+00
-8.559730557500000003e+00 -8.559355889914328941e+00
-8.602583731406250322e+00 -8.602359241972326487e+00
-8.591957853593749306e+00 -8.591098078873487864e+00
-8.594847003281250508e+00 -8.593022105809211553e+00
-8.613424424374999333e+00 -8.611839660308598710e+00
-8.629166364531249300e+00 -8.627917992680398385e+00
-8.632006067812499239e+00 -8.632708390428980749e+00
-8.559263634687500399e+00 -8.560456515483068074e+00
-8.567079039999999424e+00 -8.565605464347708420e+00
-8.569568607656249171e+00 -8.568166455993404540e+00
-8.592559978906249896e+00 -8.591868461199791085e+00
-8.613446923906250774e+00 -8.613015370831741180e+00
-8.607406520937500360e+00 -8.606743676511833030e+00
-8.583269953749999459e+00 -8.583033537433054860e+00
-8.557173574218749579e+00 -8.557894114220605530e+00
-8.539922685312500761e+00 -8.541008689333979831e+00
-8.531249773593749808e+00 -8.532206930661354605e+00
-8.485595632656249165e+00 -8.486083778599530447e+00
-8.602138819218749788e+00 -8.603446362167701977e+00
-8.595602766249999860e+00 -8.596805472419493555e+00
-8.566168074218749595e+00 -8.567296841408142072e+00
-8.563306936874999664e+00 -8.561660812496549866e+00
-8.582903195000000096e+00 -8.581610627400237945e+00
-8.603958108437499419e+00 -8.602245833926472685e+00
-8.611508348906250276e+00 -8.609913071410257857e+00
-8.615220375312500067e+00 -8.613808306664250125e+00
-8.604666604062499502e+00 -8.603364305522912758e+00
-8.605507605468750043e+00 -8.603750488979603261e+00
-8.588587127812500555e+00 -8.587436311460965754e+00
-8.594540950000000734e+00 -8.594473839417844374e+00
-8.598423800781249682e+00 -8.598069415325014120e+00
-8.577786883750000868e+00 -8.578458114215461450e+00
-8.544699011718750015e+00 -8.544972066885915041e+00
-8.555020322187500526e+00 -8.555464578119190477e+00
-8.558761636093750624e+00 -8.558794560518272476e+00
-8.587578594687499844e+00 -8.587190387697589244e+00
-8.595685487031250460e+00 -8.595996860002877327e+00
-8.600151904531250224e+00 -8.600907836446385346e+00
-8.562748086562500305e+00 -8.564041201034392259e+00
-8.557239993593750427e+00 -8.558682632385108846e+00
-8.574000410156250140e+00 -8.575080280005259681e+00
-8.561684632656250571e+00 -8.562643531825232301e+00
-8.628843482187500413e+00 -8.630363760924200989e+00
-8.558514641249999499e+00 -8.558294159561963710e+00
-8.580997999531250642e+00 -8.581263589157414273e+00
-8.587950704218750175e+00 -8.588111025528041509e+00
-8.597607029375000209e+00 -8.597706068848856020e+00
-8.584557550781250157e+00 -8.584076961383971138e+00
-8.577256651562500167e+00 -8.576993178192196865e+00
-8.603146169843750357e+00 -8.604118199808162615e+00
-8.583747520624999794e+00 -8.585424115577257709e+00
-8.568960322968749210e+00 -8.571226571686121787e+00
-8.592830282968749955e+00 -8.594376940319628844e+00
-8.596715016875000615e+00 -8.598383803263647707e+00
-8.612359816093750453e+00 -8.612981950475822046e+00
-8.606261378437499943e+00 -8.607299768356625691e+00
-8.577071368281249164e+00 -8.578337509157325513e+00
-8.548139327656249620e+00 -8.548954293499988921e+00
-8.586866319374999890e+00 -8.586419444724159078e+00
-8.533906195156250263e+00 -8.533529555868916816e+00
-8.533046786874999512e+00 -8.534828151547696251e+00
-8.532409696874999838e+00 -8.534067781269534692e+00
-8.562741540312499566e+00 -8.564399784114936409e+00
-8.580689299999999520e+00 -8.582047132941735157e+00
-8.607513439687499712e+00 -8.609244340708876564e+00
-8.590254260937500774e+00 -8.592113033135543532e+00
-8.585794736249999559e+00 -8.586769546063404590e+00
-8.582431071406249501e+00 -8.583048604553381367e+00
-8.555049982968750300e+00 -8.554109786644030322e+00
-8.542227997031249132e+00 -8.539995618718329240e+00
-8.561471577031250391e+00 -8.560894070755452390e+00
-8.539827732656249282e+00 -8.536071759818945281e+00
-8.530183900468749414e+00 -8.527028111858932391e+00
-8.540718488125000007e+00 -8.537407658602639060e+00
-8.549871378281249434e+00 -8.547027645038635768e+00
-8.527027520624999468e+00 -8.522959645051454203e+00
-8.532159224531250530e+00 -8.528150805242962207e+00
-8.527059981875000361e+00 -8.526099734971950284e+00
-8.580746240156249982e+00 -8.580525207801102283e+00
-8.589824327031250206e+00 -8.590551132864835182e+00
-8.560473407499999965e+00 -8.561418710397465048e+00
-8.519196745312500596e+00 -8.520981426958844196e+00
-8.574429879687500033e+00 -8.574195827272939496e+00
-8.567513507968749664e+00 -8.568733723351616760e+00
-8.580531954531249283e+00 -8.580108002067177608e+00
-8.561052884062499757e+00 -8.560532964224725205e+00
-8.559667331874999618e+00 -8.559089158215435589e+00
-8.595385532031249554e+00 -8.594892578956269347e+00
-8.575699130625000777e+00 -8.576318103556335615e+00
-8.545296203906250554e+00 -8.545766484246776429e+00
-8.560607508906249663e+00 -8.560699546651047598e+00
-8.540828748281249716e+00 -8.540896245903088158e+00
-8.534236119062500237e+00 -8.533113452575733504e+00
-8.555212522656249874e+00 -8.554419096622972063e+00
-8.603713641406249835e+00 -8.602982382920322024e+00
-8.540253986250000651e+00 -8.540010551615948131e+00
-8.530624249218750066e+00 -8.530259450592836856e+00
-8.563496312031249502e+00 -8.562449537792518939e+00
-8.588908104687499545e+00 -8.588286232435008216e+00
-8.582314052812499483e+00 -8.581847042513189194e+00
-8.559201709374999467e+00 -8.561259846459217115e+00
-8.607697640625000091e+00 -8.607729513060533577e+00
-8.549556984062499865e+00 -8.549003779155437854e+00
-8.543220940156249554e+00 -8.543557654311880967e+00
-8.596792328281249951e+00 -8.597681112231304823e+00
-8.607347445000000263e+00 -8.609557439754551567e+00
-8.612946834218750070e+00 -8.614433621377626693e+00
-8.612027643750000294e+00 -8.613362466642323412e+00
-8.605441714843749423e+00 -8.605462012696069252e+00
-8.602156313125000509e+00 -8.602443906348202773e+00
-8.570031832031249408e+00 -8.570589688685108953e+00
-8.554367126875000338e+00 -8.552296177484059569e+00
-8.540889015781250038e+00 -8.539030662517431480e+00
-8.533879029218750745e+00 -8.530917010174206894e+00
-8.546652809218750591e+00 -8.546796491012521813e+00
-8.542294041406249150e+00 -8.542443857505602978e+00
-8.565632129999999123e+00 -8.565314098363611350e+00
-8.583131990468750416e+00 -8.582522452636741406e+00
-8.584681235468750060e+00 -8.584030454219325534e+00
-8.589568689374999622e+00 -8.588056485977464405e+00
-8.606436992343750703e+00 -8.605714342788747473e+00
-8.612579782812499474e+00 -8.611996187517913626e+00
-8.572644356250000541e+00 -8.573351603791010689e+00
-8.598709533750000134e+00 -8.598487408133919985e+00
-8.599315920624999166e+00 -8.599075536255099905e+00
-8.580621504062499127e+00 -8.580168725047805367e+00
-8.569427754687499288e+00 -8.568886943457906469e+00
-8.555494750468749743e+00 -8.554777985500827242e+00
-8.567763700468750798e+00 -8.566865534882614597e+00
-8.570874774218749437e+00 -8.569829576492727696e+00
-8.564930241718750281e+00 -8.563886248558491232e+00
-8.556760094999999566e+00 -8.556629260760491462e+00
-8.508382173437500029e+00 -8.507254476869480442e+00
-8.511742703124999920e+00 -8.510793366123376558e+00
-8.514670158124999944e+00 -8.514169705378662911e+00
-8.568737113281249762e+00 -8.566815290168239727e+00
-8.558760777343749737e+00 -8.557312961976185406e+00
-8.549582387499999214e+00 -8.548520220325091401e+00
-8.552037105625000635e+00 -8.551023591011851721e+00
-8.549549996718749156e+00 -8.551077681684670750e+00
-8.561328367656249938e+00 -8.562202370264083484e+00
-8.545413960468749792e+00 -8.545010264170567638e+00
-8.592013070625000637e+00 -8.590776660700862877e+00
-8.565883301406250538e+00 -8.564848542460897107e+00
-8.572565049218750843e+00 -8.572261418920122722e+00
-8.568661139843749552e+00 -8.571324968082464579e+00
-8.569569874062500148e+00 -8.572148113547552128e+00
-8.581362226406250571e+00 -8.583013706494018180e+00
-8.554600281718750310e+00 -8.556971802571428753e+00
-8.541523609218749868e+00 -8.543320956799169252e+00
-8.549054303437500835e+00 -8.550533648435607148e+00
-8.550848703125000227e+00 -8.552160806781369473e+00
-8.537913724062500265e+00 -8.538055820596763823e+00
-8.590455811874999625e+00 -8.590559057279431698e+00
-8.587863105781249118e+00 -8.587434930664521460e+00
-8.544078382031250030e+00 -8.545430339390115648e+00
-8.552192899062500686e+00 -8.553708938272844620e+00
-8.555872052031249453e+00 -8.558626595820705063e+00
-8.521400644687499693e+00 -8.522920462501454963e+00
-8.501691954062499335e+00 -8.503117610383155167e+00
-8.500931265000000181e+00 -8.502228973690925784e+00
-8.530213041093750448e+00 -8.530814439241330760e+00
-8.553522177031249285e+00 -8.554204404846119658e+00
-8.575914885156249667e+00 -8.577218099662701434e+00
-8.563730969531249571e+00 -8.564534220008905407e+00
-8.514853289531249203e+00 -8.514767555739549465e+00
-8.532217292187500135e+00 -8.532804835217286055e+00
-8.545267826250000809e+00 -8.547056854711719609e+00
-8.552788583593750715e+00 -8.554687572155840414e+00
-8.551231776562499221e+00 -8.550262107978630510e+00
-8.583132359687500212e+00 -8.582435957062131138e+00
-8.509192236093749528e+00 -8.508012975969471370e+00
-8.497131404843749181e+00 -8.496784424116306411e+00
-8.506224856250000244e+00 -8.506964985655004696e+00
-8.505284036249999957e+00 -8.506230895762550759e+00
-8.499051237187499552e+00 -8.501032803016251194e+00
-8.505779558125000861e+00 -8.507801189750974657e+00
-8.541829547812499257e+00 -8.541799172318460975e+00
-8.544185844531250851e+00 -8.543117090519235290e+00
-8.558869384062500529e+00 -8.558944389356842208e+00
-8.535446786718749124e+00 -8.535952099019894490e+00
-8.505320847031249798e+00 -8.507827186100412220e+00
-8.537610593906249434e+00 -8.539895605856303362e+00
-8.542702120312499758e+00 -8.543836722998900512e+00
-8.535885652031250714e+00 -8.536433548033651064e+00
-8.564376804062499460e+00 -8.565111732706725434e+00
-8.526495880781249426e+00 -8.528438026435463115e+00
-8.554865800468750336e+00 -8.556524471235587015e+00
-8.551961859843750346e+00 -8.553812843001821875e+00
-8.526525906874999450e+00 -8.527842168515224586e+00
-8.518207888750000123e+00 -8.520291641168654451e+00
-8.525084539687499685e+00 -8.526825057586766121e+00
-8.524092702500000840e+00 -8.525647997601318195e+00
-8.541063785781249251e+00 -8.541348992514773641e+00
-8.530565104843750746e+00 -8.530707474270965207e+00
-8.530297767343750337e+00 -8.528891732156498762e+00
-8.535010700000000838e+00 -8.533966286566338155e+00
-8.524315618593750088e+00 -8.524338310163575017e+00
-8.529944053593750297e+00 -8.529961888654437274e+00
-8.528818879687500853e+00 -8.527477601022038556e+00
-8.499023911249999230e+00 -8.497410676008337660e+00
-8.467748228125000054e+00 -8.462979114230956057e+00
-8.609391108437499440e+00 -8.610236316419543456e+00
-8.568353921562499309e+00 -8.569387381240368029e+00
-8.560978820624999486e+00 -8.561847067671116918e+00
-8.544430700937500234e+00 -8.545508445927655572e+00
-8.563847385937499723e+00 -8.564551547670815168e+00
-8.565291093124999477e+00 -8.565223329896310744e+00
-8.557430020312500218e+00 -8.556505188877146395e+00
-8.537524588125000591e+00 -8.536547346719494556e+00
-8.529277092968749585e+00 -8.528747603705042479e+00
-8.503220140937500560e+00 -8.502912600147446653e+00
-8.562665185156250303e+00 -8.563095121773949714e+00
-8.562640137187500500e+00 -8.563553355943653855e+00
-8.591192390156249914e+00 -8.591827350112104966e+00
-8.612963932968749958e+00 -8.613482005867489022e+00
-8.556597578437500573e+00 -8.555966593578334667e+00
-8.524620781875000830e+00 -8.522433077773726495e+00
-8.545141553593749606e+00 -8.544532239652523842e+00
-8.534391579218750579e+00 -8.536055965217034469e+00
-8.506424599062500036e+00 -8.506199817231596683e+00
-8.509897099843749757e+00 -8.507993655720373027e+00
-8.510568607656249895e+00 -8.510058284789627336e+00
-8.516675425781249587e+00 -8.515698278612042316e+00
-8.522451251718749177e+00 -8.520223755570775381e+00
-8.488628477343750589e+00 -8.485563238844036960e+00
-8.575093722343750002e+00 -8.573285403551032857e+00
-8.558207298750000191e+00 -8.557138218774152705e+00
-8.528589518437499351e+00 -8.526567279621044548e+00
-8.535175526406250768e+00 -8.532626390747406475e+00
-8.543467189687499186e+00 -8.540500811287873972e+00
-8.533501346093750328e+00 -8.530780102406339438e+00
-8.504344579843749585e+00 -8.504295932159909199e+00
-8.513875877968750672e+00 -8.513915983543192567e+00
-8.514757601093750239e+00 -8.515780436560763889e+00
-8.485805004999999568e+00 -8.487510221386916243e+00
-8.456750272031250404e+00 -8.458238592371815301e+00
-8.488896879374999926e+00 -8.490140345405892575e+00
-8.538946230156250650e+00 -8.538438769005255224e+00
-8.577436340781250834e+00 -8.574725376258388820e+00
-8.584120738124999761e+00 -8.583074157546683125e+00
-8.484376563281250228e+00 -8.484882415363848907e+00
-8.464979259218749164e+00 -8.464143500009932097e+00
-8.517971244062499281e+00 -8.517765112610797829e+00
-8.539713700625000570e+00 -8.541144499731302631e+00
-8.529040417031250598e+00 -8.529544076503849936e+00
-8.539943793437499764e+00 -8.541066243801815006e+00
-8.534976658906250790e+00 -8.535605295122675074e+00
-8.539734772656249362e+00 -8.540643126354819259e+00
-8.566990936562499215e+00 -8.567545350966234707e+00
-8.569061215625000116e+00 -8.569682708556323192e+00
-8.532408988281250828e+00 -8.533485305842560820e+00
-8.546664409843749866e+00 -8.547072879552338520e+00
-8.549964539062500535e+00 -8.550205534400262763e+00
-8.555750022656249953e+00 -8.557037657949519982e+00
-8.545305573281250844e+00 -8.545003761568169764e+00
-8.500240428437500384e+00 -8.501239357393158613e+00
-8.541709264062500750e+00 -8.542978838496978256e+00
-8.511208983124999961e+00 -8.511949569513955538e+00
-8.517878507968749346e+00 -8.517232174864208361e+00
-8.535610260000000338e+00 -8.536635401586408989e+00
-8.524210398437499947e+00 -8.525227407532462109e+00
-8.503764566250000101e+00 -8.505343087209137565e+00
-8.541035005781250078e+00 -8.542581954814995271e+00
-8.535213307343749278e+00 -8.537929752448789600e+00
-8.516095084218749278e+00 -8.518061718873360277e+00
-8.505131630312499524e+00 -8.507219648120329936e+00
-8.511470899375000343e+00 -8.513473174783369402e+00
-8.523918939999999722e+00 -8.525748818995150913e+00
-8.494802080937500222e+00 -8.496565416297244155e+00
-8.531592487187500851e+00 -8.531775710871805529e+00
-8.506121535781250742e+00 -8.510592696707504956e+00
-8.548753908749999297e+00 -8.550780686294732647e+00
-8.564556903593750548e+00 -8.564548985824819383e+00
-8.502530901406249342e+00 -8.500498504541504019e+00
-8.532167035937499477e+00 -8.531141676980695365e+00
-8.528775675468750705e+00 -8.526664198894016167e+00
-8.532702478437499849e+00 -8.530888144587944311e+00
-8.506636183750000413e+00 -8.505118934091800753e+00
-8.522828631718750714e+00 -8.525588745869420393e+00
-8.494179068281249911e+00 -8.498938341382674011e+00
-8.497684535937500172e+00 -8.498790365590274121e+00
-8.542580149531250555e+00 -8.543877658317821755e+00
-8.540472677031250015e+00 -8.540668022497101219e+00
-8.528797767812500652e+00 -8.527872511867203187e+00
-8.524150117499999624e+00 -8.524655219907129933e+00
-8.533799339843749721e+00 -8.533053890117571427e+00
-8.542506268749999521e+00 -8.542168039238013932e+00
-8.541365210156250498e+00 -8.542579676597746641e+00
-8.548950438125000773e+00 -8.549007828707232193e+00
-8.561932145156250229e+00 -8.561825977990125125e+00
-8.553057893125000533e+00 -8.553505037761700791e+00
-8.560267079999999140e+00 -8.561108889552778933e+00
-8.561411813281250005e+00 -8.562167868501454393e+00
-8.557981886249999448e+00 -8.557786220730875471e+00
-8.508528180937499741e+00 -8.509673310105773325e+00
-8.488709005468750846e+00 -8.491012587901373365e+00
-8.513616593906249363e+00 -8.514479335489486544e+00
-8.499283780468749327e+00 -8.499675739113893513e+00
-8.533885831093749985e+00 -8.535637447600462835e+00
-8.498568403593749210e+00 -8.498593135362414230e+00
-8.505829348906249976e+00 -8.505908235692707819e+00
-8.541029264218749972e+00 -8.539642923186777423e+00
-8.532471086406250294e+00 -8.531371098796036279e+00
-8.520775168593749171e+00 -8.519955083213435643e+00
-8.554444461562500379e+00 -8.552724305622744438e+00
-8.590339558906249451e+00 -8.589920031306309767e+00
-8.551976509218750522e+00 -8.550822915391506740e+00
-8.571344442499999161e+00 -8.570614489042814199e+00
-8.538426731406250525e+00 -8.536819831554925742e+00
-8.547965540625000358e+00 -8.547805506064605652e+00
-8.569016910781250829e+00 -8.570206179048284412e+00
-8.523415852187499198e+00 -8.524581851537906374e+00
-8.530228412812499883e+00 -8.530651886221370717e+00
-8.548098602187499395e+00 -8.548404138236817218e+00
-8.572520860781249752e+00 -8.571953474398338102e+00
-8.583810929374999787e+00 -8.585302597345538800e+00
-8.591239157187500197e+00 -8.592426370811512726e+00
-8.560013817656249913e+00 -8.559049398279901411e+00
-8.541334337968750745e+00 -8.542883456531438213e+00
-8.543094441250000060e+00 -8.543949327402923899e+00
-8.543350360937500554e+00 -8.543740387577361872e+00
-8.531455695156250130e+00 -8.533136671565646481e+00
-8.569302827343749485e+00 -8.570972080032150942e+00
-8.560577724062499172e+00 -8.562455348700206414e+00
-8.522111856249999562e+00 -8.524045216230915045e+00
-8.479003431249999778e+00 -8.477919161993909825e+00
-8.469680511562499348e+00 -8.468842739659196539e+00
-8.507323278281250012e+00 -8.507302002870815727e+00
-8.510483352031249282e+00 -8.511322513851748539e+00
-8.509832262031249428e+00 -8.510518191588909431e+00
-8.532512214375000070e+00 -8.533007889813909230e+00
-8.543247286718749223e+00 -8.543833104563326231e+00
-8.522653630468749242e+00 -8.524122256268789499e+00
-8.598628091093749148e+00 -8.601425896471042165e+00
-8.555430378749999676e+00 -8.558913963181559836e+00
-8.554160415312500376e+00 -8.557364966732871281e+00
-8.553922438124999417e+00 -8.555588588318336463e+00
-8.543695719062499805e+00 -8.544780384128189965e+00
-8.536688355156249131e+00 -8.536797984584136856e+00
-8.551374460468750272e+00 -8.551926658719123608e+00
-8.525284778281250198e+00 -8.526190440101983015e+00
-8.538673656718749783e+00 -8.539492340153211458e+00
-8.533245032968750365e+00 -8.533116455818284152e+00
-8.550530625156250508e+00 -8.550459164426115422e+00
-8.528731002812499185e+00 -8.527780401653252795e+00
-8.543649247187499185e+00 -8.539751670260214311e+00
-8.545403769843749942e+00 -8.542137126922533241e+00
-8.544112464999999546e+00 -8.541302882162330690e+00
-8.540882344374999491e+00 -8.537898759043645924e+00
-8.537642022500000039e+00 -8.536522545085194480e+00
-8.541249450468750837e+00 -8.540660021599007834e+00
-8.540070437656250846e+00 -8.539611613265547518e+00
-8.517166976249999522e+00 -8.518233216399034191e+00
-8.534528093593749531e+00 -8.535989536460068194e+00
-8.538739076562499974e+00 -8.540196271940788009e+00
-8.559219691250000039e+00 -8.559828444486582200e+00
-8.571664641093750703e+00 -8.572231694833725157e+00
-8.560368674062500460e+00 -8.561437300905151204e+00
-8.544139557499999427e+00 -8.546247415033203509e+00
-8.515700208437500862e+00 -8.515392727199337486e+00
-8.526246235312500588e+00 -8.527790208042835829e+00
-8.527405891249999925e+00 -8.528331376390713814e+00
-8.546571761093749942e+00 -8.547659317237027210e+00
-8.546433230312500129e+00 -8.547561820104515817e+00
-8.478915469374999958e+00 -8.479943476796439228e+00
-8.479660054218749465e+00 -8.480443873426164458e+00
-8.523111583906249678e+00 -8.522428676555572125e+00
-8.527244352812500594e+00 -8.526626917417202023e+00
-8.493476470312499416e+00 -8.492697527559203152e+00
-8.486252929687500668e+00 -8.485271290746773332e+00
-8.550095137499999609e+00 -8.547451742840017630e+00
-8.526041530312500782e+00 -8.524228662238192200e+00
-8.522509686250000271e+00 -8.520263140941334967e+00
-8.517223515937500267e+00 -8.515020169017343932e+00
-8.487908145312500707e+00 -8.488120084686654465e+00
-8.479227779843750312e+00 -8.479755277570454552e+00
-8.504266217343749545e+00 -8.502887884188250922e+00
-8.483407643750000560e+00 -8.483179999887680012e+00
-8.463811738437499343e+00 -8.463697271251575671e+00
-8.459131855468749350e+00 -8.459140925102998310e+00
-8.463760624375000319e+00 -8.463867641040605960e+00
-8.482532069062500568e+00 -8.482678331747768752e+00
-8.544875130468749802e+00 -8.545393475454311272e+00
-8.554042392187499289e+00 -8.555257530167281743e+00
-8.566140544062500695e+00 -8.565752355432913134e+00
-8.562002301874999333e+00 -8.561739164119476442e+00
-8.540491530312500856e+00 -8.541801451639789988e+00
-8.553588589843750256e+00 -8.554748991588855489e+00
-8.550002250000000359e+00 -8.549695844228519803e+00
-8.559361409687500810e+00 -8.558784061367536111e+00
-8.519659224687499588e+00 -8.517285684233554477e+00
-8.541934908125000447e+00 -8.543249051174605313e+00
-8.502755362656250426e+00 -8.502070059738837671e+00
-8.528980983749999467e+00 -8.529882391695887023e+00
-8.508667087656249350e+00 -8.509626086522210642e+00
-8.494026083281250195e+00 -8.495468305439164425e+00
-8.489536415937500635e+00 -8.490962346725574150e+00
-8.491528884999999249e+00 -8.492797555282052713e+00
-8.532723851562499462e+00 -8.531452322826268642e+00
-8.525802481250000397e+00 -8.525050119202528975e+00
-8.527617582343749447e+00 -8.524908499413916374e+00
-8.535771853906249262e+00 -8.534395517764032491e+00
-8.520611144843750040e+00 -8.518357578702534738e+00
-8.546591042031250751e+00 -8.543984754887564037e+00
-8.486094603125000191e+00 -8.482986343132633777e+00
-8.486119687343750329e+00 -8.482282931119517144e+00
-8.443072080625000808e+00 -8.441108576300862865e+00
-8.480122070000000178e+00 -8.477539291459411430e+00
-8.451280934374999276e+00 -8.450789613407852841e+00
-8.503779758749999473e+00 -8.501809594269406745e+00
-8.453061150156250037e+00 -8.450022091076947461e+00
-8.469746042031250255e+00 -8.469373305741793700e+00
-8.465162342031250731e+00 -8.466734764200406715e+00
-8.452601961718750445e+00 -8.454212778211937618e+00
-8.467128477187500835e+00 -8.467631141514665671e+00
-8.518301214531250665e+00 -8.520304490378588724e+00
-8.481147440937499837e+00 -8.482929583590161471e+00
-8.496753217031249861e+00 -8.497854844573472732e+00
-8.449716093906250336e+00 -8.453149629644345353e+00
-8.442872259062500717e+00 -8.445344491135132969e+00
-8.427257628125000011e+00 -8.430021834510679213e+00
-8.515242580468749267e+00 -8.513765802812095274e+00
-8.517462985937500619e+00 -8.515638304174842688e+00
-8.505221527968750195e+00 -8.502539788667887066e+00
-8.498056338281250177e+00 -8.495148791093820151e+00
-8.488028476249999343e+00 -8.484730871913617634e+00
-8.481072553593749674e+00 -8.477796878122804358e+00
-8.427928225312500743e+00 -8.428359976284744093e+00
-8.451660604531250343e+00 -8.454287025493528063e+00
-8.429071677968750009e+00 -8.431919339854411888e+00
-8.493992852812500161e+00 -8.494881592347589105e+00
-8.490040388437499530e+00 -8.491121257529684385e+00
-8.470817986874999761e+00 -8.471415637717280234e+00
-8.483839458906249575e+00 -8.482973662778910295e+00
-8.528178505156249756e+00 -8.527694552990919163e+00
-8.477972212812499464e+00 -8.477716104151610921e+00
-8.480146610156250375e+00 -8.481367294752173436e+00
-8.455586364843750147e+00 -8.455283233218832351e+00
-8.448786447812500100e+00 -8.448880716562229054e+00
-8.461563390312500488e+00 -8.461518012148538048e+00
-8.478229953593750423e+00 -8.478730726790701056e+00
-8.461910989687499551e+00 -8.462705831069566642e+00
-8.422478970468750603e+00 -8.425648141387942047e+00
-8.485485517031250424e+00 -8.485122328781889323e+00
-8.439618187500000701e+00 -8.440496440278886681e+00
-8.446659407031249955e+00 -8.446118808804135014e+00
-8.473112175312499161e+00 -8.474282424602021635e+00
-8.434184484062500431e+00 -8.435860881490620855e+00
-8.427858219843750831e+00 -8.428206015107210902e+00
-8.404476362968749115e+00 -8.404527304950240918e+00
-8.383455466406250167e+00 -8.384221017435674383e+00
-8.414291519531250430e+00 -8.414882793902005886e+00
-8.424174118906249120e+00 -8.425748307304013807e+00
-8.425882694062499567e+00 -8.427835628515492061e+00
-8.403644349062499685e+00 -8.405727719737605241e+00
-8.503349396562500218e+00 -8.505075119403965545e+00
-8.420911050937499809e+00 -8.422495164959038050e+00
-8.437548105937500154e+00 -8.439051511394897176e+00
-8.470684771562499549e+00 -8.471938598989568803e+00
-8.453782595156249968e+00 -8.453910770920552764e+00
-8.447571865000000457e+00 -8.447469842038827892e+00
-8.462900250000000568e+00 -8.464933136646511258e+00
-8.519019325625000860e+00 -8.518035531507912594e+00
-8.516937416250000226e+00 -8.515736712383965568e+00
-8.511291664531249523e+00 -8.510299144177452035e+00
-8.438067504843749234e+00 -8.437177539355795730e+00
-8.496839073593749347e+00 -8.498008667206935485e+00
-8.499323830156249926e+00 -8.501688413274260725e+00
-8.479784527031249297e+00 -8.481934099398937832e+00
-8.460649494531249815e+00 -8.459812034695763927e+00
-8.430485645624999691e+00 -8.428121287744833268e+00
-8.478232293906250661e+00 -8.477033506494439763e+00
-8.452405498281249763e+00 -8.450456827454038589e+00
-8.446015752656249376e+00 -8.444002590091148619e+00
-8.466205848124999989e+00 -8.464769935966398151e+00
-8.464580725312499609e+00 -8.459853492290086763e+00
-8.463092059375000531e+00 -8.461287774667237471e+00
-8.494332288749999904e+00 -8.492058300806876403e+00
-8.446680730468749232e+00 -8.446049819339918940e+00
-8.473072912656249400e+00 -8.472117669790513617e+00
-8.468580597656249154e+00 -8.467883611404513289e+00
-8.431066797656249889e+00 -8.431154152118676137e+00
-8.405547708437499210e+00 -8.404608724361075645e+00
-8.405436560312500305e+00 -8.404572811200402782e+00
-8.458020106093750101e+00 -8.456757762150694191e+00
-8.455669101874999427e+00 -8.454411951152930982e+00
-8.471735045156249200e+00 -8.470030812851877755e+00
-8.489443570000000605e+00 -8.487698753835871912e+00
-8.445413087031250043e+00 -8.444862448904611796e+00
-8.445569654062499154e+00 -8.445012844557775011e+00
-8.468805515312499921e+00 -8.467377417071453749e+00
-8.476538722656249192e+00 -8.474493890048051981e+00
-8.471840549531249209e+00 -8.468753846563737753e+00
-8.480557052812500274e+00 -8.477725025000443893e+00
-8.462182982343749771e+00 -8.459867819258134247e+00
-8.432236144375000464e+00 -8.429586780760635278e+00
-8.445176949218749840e+00 -8.444142232120013247e+00
-8.477650446562499553e+00 -8.477980884995233168e+00
-8.473836126562499516e+00 -8.471512018264053978e+00
-8.453478763593750500e+00 -8.451241678492181109e+00
-8.497467366093749419e+00 -8.498325815738063227e+00
